
*** Running vivado
    with args -log dma_xbar_0.vds -m64 -product Vivado -mode batch -messageDb vivado.pb -notrace -source dma_xbar_0.tcl



****** Vivado v2024.1.2 (64-bit)
  **** SW Build 5164865 on Thu Sep  5 14:37:11 MDT 2024
  **** IP Build 5164407 on Fri Sep  6 08:18:11 MDT 2024
  **** SharedData Build 5164864 on Thu Sep 05 13:09:09 MDT 2024
  **** Start of session at: Tue Nov 19 13:40:09 2024
    ** Copyright 1986-2022 Xilinx, Inc. All Rights Reserved.
    ** Copyright 2022-2024 Advanced Micro Devices, Inc. All Rights Reserved.

source dma_xbar_0.tcl -notrace
create_project: Time (s): cpu = 00:00:05 ; elapsed = 00:00:07 . Memory (MB): peak = 690.363 ; gain = 241.371
INFO: [IP_Flow 19-234] Refreshing IP repositories
INFO: [IP_Flow 19-1700] Loaded user IP repository 'c:/Projects/ERN24004/Projects/PMOD_AD1_DMA/ip_repo'.
INFO: [IP_Flow 19-2313] Loaded Vivado IP repository 'C:/Xilinx/Vivado/2024.1/data/ip'.
INFO: [IP_Flow 19-6924] IPCACHE: Running cache check for IP inst: dma_xbar_0
Command: synth_design -top dma_xbar_0 -part xc7z007sclg400-1 -incremental_mode off -mode out_of_context
Starting synth_design
Attempting to get a license for feature 'Synthesis' and/or device 'xc7z007s'
INFO: [Common 17-349] Got license for feature 'Synthesis' and/or device 'xc7z007s'
INFO: [Device 21-403] Loading part xc7z007sclg400-1
INFO: [Device 21-9227] Part: xc7z007sclg400-1 does not have CEAM library.
INFO: [Synth 8-7079] Multithreading enabled for synth_design using a maximum of 2 processes.
INFO: [Synth 8-7078] Launching helper process for spawning children vivado processes
INFO: [Synth 8-7075] Helper process launched with PID 35072
---------------------------------------------------------------------------------
Starting RTL Elaboration : Time (s): cpu = 00:00:03 ; elapsed = 00:00:05 . Memory (MB): peak = 1571.391 ; gain = 448.145
---------------------------------------------------------------------------------
INFO: [Synth 8-6157] synthesizing module 'dma_xbar_0' [c:/Projects/ERN24004/Projects/PMOD_AD1_DMA/PMOD_AD1_DMA.gen/sources_1/bd/dma/ip/dma_xbar_0/synth/dma_xbar_0.v:53]
INFO: [Synth 8-6157] synthesizing module 'axi_crossbar_v2_1_33_axi_crossbar' [c:/Projects/ERN24004/Projects/PMOD_AD1_DMA/PMOD_AD1_DMA.gen/sources_1/bd/dma/ipshared/ef26/hdl/axi_crossbar_v2_1_vl_rfs.v:4871]
INFO: [Synth 8-6157] synthesizing module 'axi_crossbar_v2_1_33_crossbar' [c:/Projects/ERN24004/Projects/PMOD_AD1_DMA/PMOD_AD1_DMA.gen/sources_1/bd/dma/ipshared/ef26/hdl/axi_crossbar_v2_1_vl_rfs.v:2232]
INFO: [Synth 8-6157] synthesizing module 'axi_crossbar_v2_1_33_si_transactor' [c:/Projects/ERN24004/Projects/PMOD_AD1_DMA/PMOD_AD1_DMA.gen/sources_1/bd/dma/ipshared/ef26/hdl/axi_crossbar_v2_1_vl_rfs.v:3791]
INFO: [Synth 8-6157] synthesizing module 'axi_crossbar_v2_1_33_addr_decoder' [c:/Projects/ERN24004/Projects/PMOD_AD1_DMA/PMOD_AD1_DMA.gen/sources_1/bd/dma/ipshared/ef26/hdl/axi_crossbar_v2_1_vl_rfs.v:790]
INFO: [Synth 8-6157] synthesizing module 'generic_baseblocks_v2_1_2_comparator_static' [c:/Projects/ERN24004/Projects/PMOD_AD1_DMA/PMOD_AD1_DMA.gen/sources_1/bd/dma/ipshared/0c28/hdl/generic_baseblocks_v2_1_vl_rfs.v:2119]
INFO: [Synth 8-6157] synthesizing module 'generic_baseblocks_v2_1_2_carry_and' [c:/Projects/ERN24004/Projects/PMOD_AD1_DMA/PMOD_AD1_DMA.gen/sources_1/bd/dma/ipshared/0c28/hdl/generic_baseblocks_v2_1_vl_rfs.v:60]
INFO: [Synth 8-6155] done synthesizing module 'generic_baseblocks_v2_1_2_carry_and' (0#1) [c:/Projects/ERN24004/Projects/PMOD_AD1_DMA/PMOD_AD1_DMA.gen/sources_1/bd/dma/ipshared/0c28/hdl/generic_baseblocks_v2_1_vl_rfs.v:60]
INFO: [Synth 8-6155] done synthesizing module 'generic_baseblocks_v2_1_2_comparator_static' (0#1) [c:/Projects/ERN24004/Projects/PMOD_AD1_DMA/PMOD_AD1_DMA.gen/sources_1/bd/dma/ipshared/0c28/hdl/generic_baseblocks_v2_1_vl_rfs.v:2119]
INFO: [Synth 8-6157] synthesizing module 'generic_baseblocks_v2_1_2_comparator_static__parameterized0' [c:/Projects/ERN24004/Projects/PMOD_AD1_DMA/PMOD_AD1_DMA.gen/sources_1/bd/dma/ipshared/0c28/hdl/generic_baseblocks_v2_1_vl_rfs.v:2119]
INFO: [Synth 8-6155] done synthesizing module 'generic_baseblocks_v2_1_2_comparator_static__parameterized0' (0#1) [c:/Projects/ERN24004/Projects/PMOD_AD1_DMA/PMOD_AD1_DMA.gen/sources_1/bd/dma/ipshared/0c28/hdl/generic_baseblocks_v2_1_vl_rfs.v:2119]
INFO: [Synth 8-6155] done synthesizing module 'axi_crossbar_v2_1_33_addr_decoder' (0#1) [c:/Projects/ERN24004/Projects/PMOD_AD1_DMA/PMOD_AD1_DMA.gen/sources_1/bd/dma/ipshared/ef26/hdl/axi_crossbar_v2_1_vl_rfs.v:790]
INFO: [Synth 8-6157] synthesizing module 'axi_data_fifo_v2_1_31_axic_srl_fifo' [c:/Projects/ERN24004/Projects/PMOD_AD1_DMA/PMOD_AD1_DMA.gen/sources_1/bd/dma/ipshared/2ccb/hdl/axi_data_fifo_v2_1_vl_rfs.v:694]
INFO: [Synth 8-6157] synthesizing module 'axi_data_fifo_v2_1_31_ndeep_srl' [c:/Projects/ERN24004/Projects/PMOD_AD1_DMA/PMOD_AD1_DMA.gen/sources_1/bd/dma/ipshared/2ccb/hdl/axi_data_fifo_v2_1_vl_rfs.v:1129]
INFO: [Synth 8-6157] synthesizing module 'SRLC32E' [C:/Xilinx/Vivado/2024.1/scripts/rt/data/unisim_comp.v:137412]
INFO: [Synth 8-6155] done synthesizing module 'SRLC32E' (0#1) [C:/Xilinx/Vivado/2024.1/scripts/rt/data/unisim_comp.v:137412]
INFO: [Synth 8-6155] done synthesizing module 'axi_data_fifo_v2_1_31_ndeep_srl' (0#1) [c:/Projects/ERN24004/Projects/PMOD_AD1_DMA/PMOD_AD1_DMA.gen/sources_1/bd/dma/ipshared/2ccb/hdl/axi_data_fifo_v2_1_vl_rfs.v:1129]
INFO: [Synth 8-6155] done synthesizing module 'axi_data_fifo_v2_1_31_axic_srl_fifo' (0#1) [c:/Projects/ERN24004/Projects/PMOD_AD1_DMA/PMOD_AD1_DMA.gen/sources_1/bd/dma/ipshared/2ccb/hdl/axi_data_fifo_v2_1_vl_rfs.v:694]
INFO: [Synth 8-6157] synthesizing module 'generic_baseblocks_v2_1_2_mux_enc' [c:/Projects/ERN24004/Projects/PMOD_AD1_DMA/PMOD_AD1_DMA.gen/sources_1/bd/dma/ipshared/0c28/hdl/generic_baseblocks_v2_1_vl_rfs.v:2436]
INFO: [Synth 8-6155] done synthesizing module 'generic_baseblocks_v2_1_2_mux_enc' (0#1) [c:/Projects/ERN24004/Projects/PMOD_AD1_DMA/PMOD_AD1_DMA.gen/sources_1/bd/dma/ipshared/0c28/hdl/generic_baseblocks_v2_1_vl_rfs.v:2436]
INFO: [Synth 8-6155] done synthesizing module 'axi_crossbar_v2_1_33_si_transactor' (0#1) [c:/Projects/ERN24004/Projects/PMOD_AD1_DMA/PMOD_AD1_DMA.gen/sources_1/bd/dma/ipshared/ef26/hdl/axi_crossbar_v2_1_vl_rfs.v:3791]
INFO: [Synth 8-6157] synthesizing module 'axi_crossbar_v2_1_33_splitter' [c:/Projects/ERN24004/Projects/PMOD_AD1_DMA/PMOD_AD1_DMA.gen/sources_1/bd/dma/ipshared/ef26/hdl/axi_crossbar_v2_1_vl_rfs.v:4451]
INFO: [Synth 8-6155] done synthesizing module 'axi_crossbar_v2_1_33_splitter' (0#1) [c:/Projects/ERN24004/Projects/PMOD_AD1_DMA/PMOD_AD1_DMA.gen/sources_1/bd/dma/ipshared/ef26/hdl/axi_crossbar_v2_1_vl_rfs.v:4451]
INFO: [Synth 8-6157] synthesizing module 'axi_crossbar_v2_1_33_wdata_router' [c:/Projects/ERN24004/Projects/PMOD_AD1_DMA/PMOD_AD1_DMA.gen/sources_1/bd/dma/ipshared/ef26/hdl/axi_crossbar_v2_1_vl_rfs.v:4724]
INFO: [Synth 8-6157] synthesizing module 'axi_data_fifo_v2_1_31_axic_reg_srl_fifo' [c:/Projects/ERN24004/Projects/PMOD_AD1_DMA/PMOD_AD1_DMA.gen/sources_1/bd/dma/ipshared/2ccb/hdl/axi_data_fifo_v2_1_vl_rfs.v:884]
INFO: [Synth 8-6157] synthesizing module 'axi_data_fifo_v2_1_31_ndeep_srl__parameterized0' [c:/Projects/ERN24004/Projects/PMOD_AD1_DMA/PMOD_AD1_DMA.gen/sources_1/bd/dma/ipshared/2ccb/hdl/axi_data_fifo_v2_1_vl_rfs.v:1129]
INFO: [Synth 8-6155] done synthesizing module 'axi_data_fifo_v2_1_31_ndeep_srl__parameterized0' (0#1) [c:/Projects/ERN24004/Projects/PMOD_AD1_DMA/PMOD_AD1_DMA.gen/sources_1/bd/dma/ipshared/2ccb/hdl/axi_data_fifo_v2_1_vl_rfs.v:1129]
INFO: [Synth 8-155] case statement is not full and has no default [c:/Projects/ERN24004/Projects/PMOD_AD1_DMA/PMOD_AD1_DMA.gen/sources_1/bd/dma/ipshared/2ccb/hdl/axi_data_fifo_v2_1_vl_rfs.v:982]
INFO: [Synth 8-6155] done synthesizing module 'axi_data_fifo_v2_1_31_axic_reg_srl_fifo' (0#1) [c:/Projects/ERN24004/Projects/PMOD_AD1_DMA/PMOD_AD1_DMA.gen/sources_1/bd/dma/ipshared/2ccb/hdl/axi_data_fifo_v2_1_vl_rfs.v:884]
INFO: [Synth 8-6155] done synthesizing module 'axi_crossbar_v2_1_33_wdata_router' (0#1) [c:/Projects/ERN24004/Projects/PMOD_AD1_DMA/PMOD_AD1_DMA.gen/sources_1/bd/dma/ipshared/ef26/hdl/axi_crossbar_v2_1_vl_rfs.v:4724]
INFO: [Synth 8-6157] synthesizing module 'axi_data_fifo_v2_1_31_axic_srl_fifo__parameterized0' [c:/Projects/ERN24004/Projects/PMOD_AD1_DMA/PMOD_AD1_DMA.gen/sources_1/bd/dma/ipshared/2ccb/hdl/axi_data_fifo_v2_1_vl_rfs.v:694]
INFO: [Synth 8-6157] synthesizing module 'axi_data_fifo_v2_1_31_ndeep_srl__parameterized1' [c:/Projects/ERN24004/Projects/PMOD_AD1_DMA/PMOD_AD1_DMA.gen/sources_1/bd/dma/ipshared/2ccb/hdl/axi_data_fifo_v2_1_vl_rfs.v:1129]
INFO: [Synth 8-6155] done synthesizing module 'axi_data_fifo_v2_1_31_ndeep_srl__parameterized1' (0#1) [c:/Projects/ERN24004/Projects/PMOD_AD1_DMA/PMOD_AD1_DMA.gen/sources_1/bd/dma/ipshared/2ccb/hdl/axi_data_fifo_v2_1_vl_rfs.v:1129]
INFO: [Synth 8-6155] done synthesizing module 'axi_data_fifo_v2_1_31_axic_srl_fifo__parameterized0' (0#1) [c:/Projects/ERN24004/Projects/PMOD_AD1_DMA/PMOD_AD1_DMA.gen/sources_1/bd/dma/ipshared/2ccb/hdl/axi_data_fifo_v2_1_vl_rfs.v:694]
INFO: [Synth 8-6157] synthesizing module 'axi_crossbar_v2_1_33_wdata_mux' [c:/Projects/ERN24004/Projects/PMOD_AD1_DMA/PMOD_AD1_DMA.gen/sources_1/bd/dma/ipshared/ef26/hdl/axi_crossbar_v2_1_vl_rfs.v:4550]
INFO: [Synth 8-6155] done synthesizing module 'axi_crossbar_v2_1_33_wdata_mux' (0#1) [c:/Projects/ERN24004/Projects/PMOD_AD1_DMA/PMOD_AD1_DMA.gen/sources_1/bd/dma/ipshared/ef26/hdl/axi_crossbar_v2_1_vl_rfs.v:4550]
INFO: [Synth 8-6157] synthesizing module 'axi_register_slice_v2_1_32_axi_register_slice' [c:/Projects/ERN24004/Projects/PMOD_AD1_DMA/PMOD_AD1_DMA.gen/sources_1/bd/dma/ipshared/676c/hdl/axi_register_slice_v2_1_vl_rfs.v:3718]
INFO: [Synth 8-6157] synthesizing module 'axi_infrastructure_v1_1_0_axi2vector' [c:/Projects/ERN24004/Projects/PMOD_AD1_DMA/PMOD_AD1_DMA.gen/sources_1/bd/dma/ipshared/ec67/hdl/axi_infrastructure_v1_1_vl_rfs.v:59]
INFO: [Synth 8-6155] done synthesizing module 'axi_infrastructure_v1_1_0_axi2vector' (0#1) [c:/Projects/ERN24004/Projects/PMOD_AD1_DMA/PMOD_AD1_DMA.gen/sources_1/bd/dma/ipshared/ec67/hdl/axi_infrastructure_v1_1_vl_rfs.v:59]
INFO: [Synth 8-6157] synthesizing module 'axi_infrastructure_v1_1_0_vector2axi' [c:/Projects/ERN24004/Projects/PMOD_AD1_DMA/PMOD_AD1_DMA.gen/sources_1/bd/dma/ipshared/ec67/hdl/axi_infrastructure_v1_1_vl_rfs.v:473]
INFO: [Synth 8-6155] done synthesizing module 'axi_infrastructure_v1_1_0_vector2axi' (0#1) [c:/Projects/ERN24004/Projects/PMOD_AD1_DMA/PMOD_AD1_DMA.gen/sources_1/bd/dma/ipshared/ec67/hdl/axi_infrastructure_v1_1_vl_rfs.v:473]
INFO: [Synth 8-6157] synthesizing module 'axi_register_slice_v2_1_32_axic_register_slice' [c:/Projects/ERN24004/Projects/PMOD_AD1_DMA/PMOD_AD1_DMA.gen/sources_1/bd/dma/ipshared/676c/hdl/axi_register_slice_v2_1_vl_rfs.v:1492]
INFO: [Synth 8-6155] done synthesizing module 'axi_register_slice_v2_1_32_axic_register_slice' (0#1) [c:/Projects/ERN24004/Projects/PMOD_AD1_DMA/PMOD_AD1_DMA.gen/sources_1/bd/dma/ipshared/676c/hdl/axi_register_slice_v2_1_vl_rfs.v:1492]
INFO: [Synth 8-6157] synthesizing module 'axi_register_slice_v2_1_32_axic_register_slice__parameterized0' [c:/Projects/ERN24004/Projects/PMOD_AD1_DMA/PMOD_AD1_DMA.gen/sources_1/bd/dma/ipshared/676c/hdl/axi_register_slice_v2_1_vl_rfs.v:1492]
INFO: [Synth 8-6155] done synthesizing module 'axi_register_slice_v2_1_32_axic_register_slice__parameterized0' (0#1) [c:/Projects/ERN24004/Projects/PMOD_AD1_DMA/PMOD_AD1_DMA.gen/sources_1/bd/dma/ipshared/676c/hdl/axi_register_slice_v2_1_vl_rfs.v:1492]
INFO: [Synth 8-6157] synthesizing module 'axi_register_slice_v2_1_32_axic_register_slice__parameterized1' [c:/Projects/ERN24004/Projects/PMOD_AD1_DMA/PMOD_AD1_DMA.gen/sources_1/bd/dma/ipshared/676c/hdl/axi_register_slice_v2_1_vl_rfs.v:1492]
INFO: [Synth 8-6155] done synthesizing module 'axi_register_slice_v2_1_32_axic_register_slice__parameterized1' (0#1) [c:/Projects/ERN24004/Projects/PMOD_AD1_DMA/PMOD_AD1_DMA.gen/sources_1/bd/dma/ipshared/676c/hdl/axi_register_slice_v2_1_vl_rfs.v:1492]
INFO: [Synth 8-6157] synthesizing module 'axi_register_slice_v2_1_32_axic_register_slice__parameterized2' [c:/Projects/ERN24004/Projects/PMOD_AD1_DMA/PMOD_AD1_DMA.gen/sources_1/bd/dma/ipshared/676c/hdl/axi_register_slice_v2_1_vl_rfs.v:1492]
INFO: [Synth 8-6155] done synthesizing module 'axi_register_slice_v2_1_32_axic_register_slice__parameterized2' (0#1) [c:/Projects/ERN24004/Projects/PMOD_AD1_DMA/PMOD_AD1_DMA.gen/sources_1/bd/dma/ipshared/676c/hdl/axi_register_slice_v2_1_vl_rfs.v:1492]
INFO: [Synth 8-6155] done synthesizing module 'axi_register_slice_v2_1_32_axi_register_slice' (0#1) [c:/Projects/ERN24004/Projects/PMOD_AD1_DMA/PMOD_AD1_DMA.gen/sources_1/bd/dma/ipshared/676c/hdl/axi_register_slice_v2_1_vl_rfs.v:3718]
WARNING: [Synth 8-7071] port 'aclk2x' of module 'axi_register_slice_v2_1_32_axi_register_slice' is unconnected for instance 'reg_slice_mi' [c:/Projects/ERN24004/Projects/PMOD_AD1_DMA/PMOD_AD1_DMA.gen/sources_1/bd/dma/ipshared/ef26/hdl/axi_crossbar_v2_1_vl_rfs.v:3116]
WARNING: [Synth 8-7023] instance 'reg_slice_mi' of module 'axi_register_slice_v2_1_32_axi_register_slice' has 93 connections declared, but only 92 given [c:/Projects/ERN24004/Projects/PMOD_AD1_DMA/PMOD_AD1_DMA.gen/sources_1/bd/dma/ipshared/ef26/hdl/axi_crossbar_v2_1_vl_rfs.v:3116]
WARNING: [Synth 8-7071] port 'aclk2x' of module 'axi_register_slice_v2_1_32_axi_register_slice' is unconnected for instance 'reg_slice_mi' [c:/Projects/ERN24004/Projects/PMOD_AD1_DMA/PMOD_AD1_DMA.gen/sources_1/bd/dma/ipshared/ef26/hdl/axi_crossbar_v2_1_vl_rfs.v:3116]
WARNING: [Synth 8-7023] instance 'reg_slice_mi' of module 'axi_register_slice_v2_1_32_axi_register_slice' has 93 connections declared, but only 92 given [c:/Projects/ERN24004/Projects/PMOD_AD1_DMA/PMOD_AD1_DMA.gen/sources_1/bd/dma/ipshared/ef26/hdl/axi_crossbar_v2_1_vl_rfs.v:3116]
INFO: [Synth 8-6157] synthesizing module 'axi_data_fifo_v2_1_31_axic_srl_fifo__parameterized1' [c:/Projects/ERN24004/Projects/PMOD_AD1_DMA/PMOD_AD1_DMA.gen/sources_1/bd/dma/ipshared/2ccb/hdl/axi_data_fifo_v2_1_vl_rfs.v:694]
INFO: [Synth 8-6157] synthesizing module 'axi_data_fifo_v2_1_31_ndeep_srl__parameterized2' [c:/Projects/ERN24004/Projects/PMOD_AD1_DMA/PMOD_AD1_DMA.gen/sources_1/bd/dma/ipshared/2ccb/hdl/axi_data_fifo_v2_1_vl_rfs.v:1129]
INFO: [Synth 8-6155] done synthesizing module 'axi_data_fifo_v2_1_31_ndeep_srl__parameterized2' (0#1) [c:/Projects/ERN24004/Projects/PMOD_AD1_DMA/PMOD_AD1_DMA.gen/sources_1/bd/dma/ipshared/2ccb/hdl/axi_data_fifo_v2_1_vl_rfs.v:1129]
INFO: [Synth 8-6155] done synthesizing module 'axi_data_fifo_v2_1_31_axic_srl_fifo__parameterized1' (0#1) [c:/Projects/ERN24004/Projects/PMOD_AD1_DMA/PMOD_AD1_DMA.gen/sources_1/bd/dma/ipshared/2ccb/hdl/axi_data_fifo_v2_1_vl_rfs.v:694]
INFO: [Synth 8-6157] synthesizing module 'axi_crossbar_v2_1_33_wdata_mux__parameterized0' [c:/Projects/ERN24004/Projects/PMOD_AD1_DMA/PMOD_AD1_DMA.gen/sources_1/bd/dma/ipshared/ef26/hdl/axi_crossbar_v2_1_vl_rfs.v:4550]
INFO: [Synth 8-6155] done synthesizing module 'axi_crossbar_v2_1_33_wdata_mux__parameterized0' (0#1) [c:/Projects/ERN24004/Projects/PMOD_AD1_DMA/PMOD_AD1_DMA.gen/sources_1/bd/dma/ipshared/ef26/hdl/axi_crossbar_v2_1_vl_rfs.v:4550]
INFO: [Synth 8-6157] synthesizing module 'axi_register_slice_v2_1_32_axi_register_slice__parameterized0' [c:/Projects/ERN24004/Projects/PMOD_AD1_DMA/PMOD_AD1_DMA.gen/sources_1/bd/dma/ipshared/676c/hdl/axi_register_slice_v2_1_vl_rfs.v:3718]
INFO: [Synth 8-6157] synthesizing module 'axi_register_slice_v2_1_32_axic_register_slice__parameterized3' [c:/Projects/ERN24004/Projects/PMOD_AD1_DMA/PMOD_AD1_DMA.gen/sources_1/bd/dma/ipshared/676c/hdl/axi_register_slice_v2_1_vl_rfs.v:1492]
INFO: [Synth 8-6155] done synthesizing module 'axi_register_slice_v2_1_32_axic_register_slice__parameterized3' (0#1) [c:/Projects/ERN24004/Projects/PMOD_AD1_DMA/PMOD_AD1_DMA.gen/sources_1/bd/dma/ipshared/676c/hdl/axi_register_slice_v2_1_vl_rfs.v:1492]
INFO: [Synth 8-6155] done synthesizing module 'axi_register_slice_v2_1_32_axi_register_slice__parameterized0' (0#1) [c:/Projects/ERN24004/Projects/PMOD_AD1_DMA/PMOD_AD1_DMA.gen/sources_1/bd/dma/ipshared/676c/hdl/axi_register_slice_v2_1_vl_rfs.v:3718]
WARNING: [Synth 8-7071] port 'aclk2x' of module 'axi_register_slice_v2_1_32_axi_register_slice' is unconnected for instance 'reg_slice_mi' [c:/Projects/ERN24004/Projects/PMOD_AD1_DMA/PMOD_AD1_DMA.gen/sources_1/bd/dma/ipshared/ef26/hdl/axi_crossbar_v2_1_vl_rfs.v:3116]
WARNING: [Synth 8-7023] instance 'reg_slice_mi' of module 'axi_register_slice_v2_1_32_axi_register_slice' has 93 connections declared, but only 92 given [c:/Projects/ERN24004/Projects/PMOD_AD1_DMA/PMOD_AD1_DMA.gen/sources_1/bd/dma/ipshared/ef26/hdl/axi_crossbar_v2_1_vl_rfs.v:3116]
INFO: [Synth 8-6157] synthesizing module 'axi_crossbar_v2_1_33_decerr_slave' [c:/Projects/ERN24004/Projects/PMOD_AD1_DMA/PMOD_AD1_DMA.gen/sources_1/bd/dma/ipshared/ef26/hdl/axi_crossbar_v2_1_vl_rfs.v:3493]
INFO: [Synth 8-155] case statement is not full and has no default [c:/Projects/ERN24004/Projects/PMOD_AD1_DMA/PMOD_AD1_DMA.gen/sources_1/bd/dma/ipshared/ef26/hdl/axi_crossbar_v2_1_vl_rfs.v:3626]
INFO: [Synth 8-6155] done synthesizing module 'axi_crossbar_v2_1_33_decerr_slave' (0#1) [c:/Projects/ERN24004/Projects/PMOD_AD1_DMA/PMOD_AD1_DMA.gen/sources_1/bd/dma/ipshared/ef26/hdl/axi_crossbar_v2_1_vl_rfs.v:3493]
INFO: [Synth 8-6157] synthesizing module 'axi_crossbar_v2_1_33_addr_arbiter' [c:/Projects/ERN24004/Projects/PMOD_AD1_DMA/PMOD_AD1_DMA.gen/sources_1/bd/dma/ipshared/ef26/hdl/axi_crossbar_v2_1_vl_rfs.v:420]
INFO: [Synth 8-6155] done synthesizing module 'axi_crossbar_v2_1_33_addr_arbiter' (0#1) [c:/Projects/ERN24004/Projects/PMOD_AD1_DMA/PMOD_AD1_DMA.gen/sources_1/bd/dma/ipshared/ef26/hdl/axi_crossbar_v2_1_vl_rfs.v:420]
INFO: [Synth 8-6155] done synthesizing module 'axi_crossbar_v2_1_33_crossbar' (0#1) [c:/Projects/ERN24004/Projects/PMOD_AD1_DMA/PMOD_AD1_DMA.gen/sources_1/bd/dma/ipshared/ef26/hdl/axi_crossbar_v2_1_vl_rfs.v:2232]
INFO: [Synth 8-6155] done synthesizing module 'axi_crossbar_v2_1_33_axi_crossbar' (0#1) [c:/Projects/ERN24004/Projects/PMOD_AD1_DMA/PMOD_AD1_DMA.gen/sources_1/bd/dma/ipshared/ef26/hdl/axi_crossbar_v2_1_vl_rfs.v:4871]
INFO: [Synth 8-6155] done synthesizing module 'dma_xbar_0' (0#1) [c:/Projects/ERN24004/Projects/PMOD_AD1_DMA/PMOD_AD1_DMA.gen/sources_1/bd/dma/ip/dma_xbar_0/synth/dma_xbar_0.v:53]
WARNING: [Synth 8-6014] Unused sequential element areset_d1_reg was removed.  [c:/Projects/ERN24004/Projects/PMOD_AD1_DMA/PMOD_AD1_DMA.gen/sources_1/bd/dma/ipshared/2ccb/hdl/axi_data_fifo_v2_1_vl_rfs.v:747]
WARNING: [Synth 8-6014] Unused sequential element S_READY_i_reg was removed.  [c:/Projects/ERN24004/Projects/PMOD_AD1_DMA/PMOD_AD1_DMA.gen/sources_1/bd/dma/ipshared/2ccb/hdl/axi_data_fifo_v2_1_vl_rfs.v:786]
WARNING: [Synth 8-6014] Unused sequential element gen_single_thread.gen_debug_r_single_thread.debug_r_beat_cnt_i_reg was removed.  [c:/Projects/ERN24004/Projects/PMOD_AD1_DMA/PMOD_AD1_DMA.gen/sources_1/bd/dma/ipshared/ef26/hdl/axi_crossbar_v2_1_vl_rfs.v:4184]
WARNING: [Synth 8-6014] Unused sequential element gen_single_thread.active_id_reg was removed.  [c:/Projects/ERN24004/Projects/PMOD_AD1_DMA/PMOD_AD1_DMA.gen/sources_1/bd/dma/ipshared/ef26/hdl/axi_crossbar_v2_1_vl_rfs.v:4142]
WARNING: [Synth 8-6014] Unused sequential element areset_d1_reg was removed.  [c:/Projects/ERN24004/Projects/PMOD_AD1_DMA/PMOD_AD1_DMA.gen/sources_1/bd/dma/ipshared/2ccb/hdl/axi_data_fifo_v2_1_vl_rfs.v:747]
WARNING: [Synth 8-6014] Unused sequential element S_READY_i_reg was removed.  [c:/Projects/ERN24004/Projects/PMOD_AD1_DMA/PMOD_AD1_DMA.gen/sources_1/bd/dma/ipshared/2ccb/hdl/axi_data_fifo_v2_1_vl_rfs.v:786]
WARNING: [Synth 8-6014] Unused sequential element areset_d1_reg was removed.  [c:/Projects/ERN24004/Projects/PMOD_AD1_DMA/PMOD_AD1_DMA.gen/sources_1/bd/dma/ipshared/2ccb/hdl/axi_data_fifo_v2_1_vl_rfs.v:747]
WARNING: [Synth 8-6014] Unused sequential element S_READY_i_reg was removed.  [c:/Projects/ERN24004/Projects/PMOD_AD1_DMA/PMOD_AD1_DMA.gen/sources_1/bd/dma/ipshared/2ccb/hdl/axi_data_fifo_v2_1_vl_rfs.v:786]
WARNING: [Synth 8-6014] Unused sequential element gen_master_slots[0].gen_mi_write.gen_debug_w.debug_w_beat_cnt_i_reg was removed.  [c:/Projects/ERN24004/Projects/PMOD_AD1_DMA/PMOD_AD1_DMA.gen/sources_1/bd/dma/ipshared/ef26/hdl/axi_crossbar_v2_1_vl_rfs.v:2991]
WARNING: [Synth 8-6014] Unused sequential element gen_master_slots[1].gen_mi_write.gen_debug_w.debug_w_beat_cnt_i_reg was removed.  [c:/Projects/ERN24004/Projects/PMOD_AD1_DMA/PMOD_AD1_DMA.gen/sources_1/bd/dma/ipshared/ef26/hdl/axi_crossbar_v2_1_vl_rfs.v:2991]
WARNING: [Synth 8-6014] Unused sequential element gen_master_slots[2].gen_mi_write.gen_debug_w.debug_w_beat_cnt_i_reg was removed.  [c:/Projects/ERN24004/Projects/PMOD_AD1_DMA/PMOD_AD1_DMA.gen/sources_1/bd/dma/ipshared/ef26/hdl/axi_crossbar_v2_1_vl_rfs.v:2991]
WARNING: [Synth 8-6014] Unused sequential element gen_debug_trans_seq.debug_ar_trans_seq_i_reg was removed.  [c:/Projects/ERN24004/Projects/PMOD_AD1_DMA/PMOD_AD1_DMA.gen/sources_1/bd/dma/ipshared/ef26/hdl/axi_crossbar_v2_1_vl_rfs.v:3321]
WARNING: [Synth 8-7129] Port ACLK in module axi_register_slice_v2_1_32_axic_register_slice is either unconnected or has no load
WARNING: [Synth 8-7129] Port ARESET in module axi_register_slice_v2_1_32_axic_register_slice is either unconnected or has no load
WARNING: [Synth 8-7129] Port ACLK in module axi_register_slice_v2_1_32_axic_register_slice__parameterized0 is either unconnected or has no load
WARNING: [Synth 8-7129] Port ARESET in module axi_register_slice_v2_1_32_axic_register_slice__parameterized0 is either unconnected or has no load
WARNING: [Synth 8-7129] Port m_axi_buser[0] in module axi_infrastructure_v1_1_0_vector2axi is either unconnected or has no load
WARNING: [Synth 8-7129] Port m_axi_ruser[0] in module axi_infrastructure_v1_1_0_vector2axi is either unconnected or has no load
WARNING: [Synth 8-7129] Port s_axi_awuser[0] in module axi_infrastructure_v1_1_0_axi2vector is either unconnected or has no load
WARNING: [Synth 8-7129] Port s_axi_wid[0] in module axi_infrastructure_v1_1_0_axi2vector is either unconnected or has no load
WARNING: [Synth 8-7129] Port s_axi_wuser[0] in module axi_infrastructure_v1_1_0_axi2vector is either unconnected or has no load
WARNING: [Synth 8-7129] Port s_axi_aruser[0] in module axi_infrastructure_v1_1_0_axi2vector is either unconnected or has no load
WARNING: [Synth 8-7129] Port aclk2x in module axi_register_slice_v2_1_32_axi_register_slice__parameterized0 is either unconnected or has no load
WARNING: [Synth 8-7129] Port ACLK in module axi_crossbar_v2_1_33_wdata_mux is either unconnected or has no load
WARNING: [Synth 8-7129] Port ARESET in module axi_crossbar_v2_1_33_wdata_mux is either unconnected or has no load
WARNING: [Synth 8-7129] Port S_ASELECT[0] in module axi_crossbar_v2_1_33_wdata_mux is either unconnected or has no load
WARNING: [Synth 8-7129] Port S_AVALID in module axi_crossbar_v2_1_33_wdata_mux is either unconnected or has no load
WARNING: [Synth 8-7129] Port ACLK in module axi_register_slice_v2_1_32_axic_register_slice__parameterized2 is either unconnected or has no load
WARNING: [Synth 8-7129] Port ARESET in module axi_register_slice_v2_1_32_axic_register_slice__parameterized2 is either unconnected or has no load
WARNING: [Synth 8-7129] Port aclk2x in module axi_register_slice_v2_1_32_axi_register_slice is either unconnected or has no load
WARNING: [Synth 8-7129] Port ADDR[1] in module axi_crossbar_v2_1_33_addr_decoder is either unconnected or has no load
WARNING: [Synth 8-7129] Port ADDR[0] in module axi_crossbar_v2_1_33_addr_decoder is either unconnected or has no load
WARNING: [Synth 8-7129] Port S_ABURST[1] in module axi_crossbar_v2_1_33_si_transactor is either unconnected or has no load
WARNING: [Synth 8-7129] Port S_ABURST[0] in module axi_crossbar_v2_1_33_si_transactor is either unconnected or has no load
WARNING: [Synth 8-7129] Port S_AXI_AWID[0] in module axi_crossbar_v2_1_33_crossbar is either unconnected or has no load
WARNING: [Synth 8-7129] Port S_AXI_WID[0] in module axi_crossbar_v2_1_33_crossbar is either unconnected or has no load
WARNING: [Synth 8-7129] Port S_AXI_ARID[0] in module axi_crossbar_v2_1_33_crossbar is either unconnected or has no load
WARNING: [Synth 8-7129] Port S_AXI_ARADDR[31] in module axi_crossbar_v2_1_33_crossbar is either unconnected or has no load
WARNING: [Synth 8-7129] Port S_AXI_ARADDR[30] in module axi_crossbar_v2_1_33_crossbar is either unconnected or has no load
WARNING: [Synth 8-7129] Port S_AXI_ARADDR[29] in module axi_crossbar_v2_1_33_crossbar is either unconnected or has no load
WARNING: [Synth 8-7129] Port S_AXI_ARADDR[28] in module axi_crossbar_v2_1_33_crossbar is either unconnected or has no load
WARNING: [Synth 8-7129] Port S_AXI_ARADDR[27] in module axi_crossbar_v2_1_33_crossbar is either unconnected or has no load
WARNING: [Synth 8-7129] Port S_AXI_ARADDR[26] in module axi_crossbar_v2_1_33_crossbar is either unconnected or has no load
WARNING: [Synth 8-7129] Port S_AXI_ARADDR[25] in module axi_crossbar_v2_1_33_crossbar is either unconnected or has no load
WARNING: [Synth 8-7129] Port S_AXI_ARADDR[24] in module axi_crossbar_v2_1_33_crossbar is either unconnected or has no load
WARNING: [Synth 8-7129] Port S_AXI_ARADDR[23] in module axi_crossbar_v2_1_33_crossbar is either unconnected or has no load
WARNING: [Synth 8-7129] Port S_AXI_ARADDR[22] in module axi_crossbar_v2_1_33_crossbar is either unconnected or has no load
WARNING: [Synth 8-7129] Port S_AXI_ARADDR[21] in module axi_crossbar_v2_1_33_crossbar is either unconnected or has no load
WARNING: [Synth 8-7129] Port S_AXI_ARADDR[20] in module axi_crossbar_v2_1_33_crossbar is either unconnected or has no load
WARNING: [Synth 8-7129] Port S_AXI_ARADDR[19] in module axi_crossbar_v2_1_33_crossbar is either unconnected or has no load
WARNING: [Synth 8-7129] Port S_AXI_ARADDR[18] in module axi_crossbar_v2_1_33_crossbar is either unconnected or has no load
WARNING: [Synth 8-7129] Port S_AXI_ARADDR[17] in module axi_crossbar_v2_1_33_crossbar is either unconnected or has no load
WARNING: [Synth 8-7129] Port S_AXI_ARADDR[16] in module axi_crossbar_v2_1_33_crossbar is either unconnected or has no load
WARNING: [Synth 8-7129] Port S_AXI_ARADDR[15] in module axi_crossbar_v2_1_33_crossbar is either unconnected or has no load
WARNING: [Synth 8-7129] Port S_AXI_ARADDR[14] in module axi_crossbar_v2_1_33_crossbar is either unconnected or has no load
WARNING: [Synth 8-7129] Port S_AXI_ARADDR[13] in module axi_crossbar_v2_1_33_crossbar is either unconnected or has no load
WARNING: [Synth 8-7129] Port S_AXI_ARADDR[12] in module axi_crossbar_v2_1_33_crossbar is either unconnected or has no load
WARNING: [Synth 8-7129] Port S_AXI_ARADDR[11] in module axi_crossbar_v2_1_33_crossbar is either unconnected or has no load
WARNING: [Synth 8-7129] Port S_AXI_ARADDR[10] in module axi_crossbar_v2_1_33_crossbar is either unconnected or has no load
WARNING: [Synth 8-7129] Port S_AXI_ARADDR[9] in module axi_crossbar_v2_1_33_crossbar is either unconnected or has no load
WARNING: [Synth 8-7129] Port S_AXI_ARADDR[8] in module axi_crossbar_v2_1_33_crossbar is either unconnected or has no load
WARNING: [Synth 8-7129] Port S_AXI_ARADDR[7] in module axi_crossbar_v2_1_33_crossbar is either unconnected or has no load
WARNING: [Synth 8-7129] Port S_AXI_ARADDR[6] in module axi_crossbar_v2_1_33_crossbar is either unconnected or has no load
WARNING: [Synth 8-7129] Port S_AXI_ARADDR[5] in module axi_crossbar_v2_1_33_crossbar is either unconnected or has no load
WARNING: [Synth 8-7129] Port S_AXI_ARADDR[4] in module axi_crossbar_v2_1_33_crossbar is either unconnected or has no load
WARNING: [Synth 8-7129] Port S_AXI_ARADDR[3] in module axi_crossbar_v2_1_33_crossbar is either unconnected or has no load
WARNING: [Synth 8-7129] Port S_AXI_ARADDR[2] in module axi_crossbar_v2_1_33_crossbar is either unconnected or has no load
WARNING: [Synth 8-7129] Port S_AXI_ARADDR[1] in module axi_crossbar_v2_1_33_crossbar is either unconnected or has no load
WARNING: [Synth 8-7129] Port S_AXI_ARADDR[0] in module axi_crossbar_v2_1_33_crossbar is either unconnected or has no load
WARNING: [Synth 8-7129] Port S_AXI_ARLEN[7] in module axi_crossbar_v2_1_33_crossbar is either unconnected or has no load
WARNING: [Synth 8-7129] Port S_AXI_ARLEN[6] in module axi_crossbar_v2_1_33_crossbar is either unconnected or has no load
WARNING: [Synth 8-7129] Port S_AXI_ARLEN[5] in module axi_crossbar_v2_1_33_crossbar is either unconnected or has no load
WARNING: [Synth 8-7129] Port S_AXI_ARLEN[4] in module axi_crossbar_v2_1_33_crossbar is either unconnected or has no load
WARNING: [Synth 8-7129] Port S_AXI_ARLEN[3] in module axi_crossbar_v2_1_33_crossbar is either unconnected or has no load
WARNING: [Synth 8-7129] Port S_AXI_ARLEN[2] in module axi_crossbar_v2_1_33_crossbar is either unconnected or has no load
WARNING: [Synth 8-7129] Port S_AXI_ARLEN[1] in module axi_crossbar_v2_1_33_crossbar is either unconnected or has no load
WARNING: [Synth 8-7129] Port S_AXI_ARLEN[0] in module axi_crossbar_v2_1_33_crossbar is either unconnected or has no load
WARNING: [Synth 8-7129] Port S_AXI_ARSIZE[2] in module axi_crossbar_v2_1_33_crossbar is either unconnected or has no load
WARNING: [Synth 8-7129] Port S_AXI_ARSIZE[1] in module axi_crossbar_v2_1_33_crossbar is either unconnected or has no load
WARNING: [Synth 8-7129] Port S_AXI_ARSIZE[0] in module axi_crossbar_v2_1_33_crossbar is either unconnected or has no load
WARNING: [Synth 8-7129] Port S_AXI_ARBURST[1] in module axi_crossbar_v2_1_33_crossbar is either unconnected or has no load
WARNING: [Synth 8-7129] Port S_AXI_ARBURST[0] in module axi_crossbar_v2_1_33_crossbar is either unconnected or has no load
WARNING: [Synth 8-7129] Port S_AXI_ARLOCK[1] in module axi_crossbar_v2_1_33_crossbar is either unconnected or has no load
WARNING: [Synth 8-7129] Port S_AXI_ARLOCK[0] in module axi_crossbar_v2_1_33_crossbar is either unconnected or has no load
WARNING: [Synth 8-7129] Port S_AXI_ARCACHE[3] in module axi_crossbar_v2_1_33_crossbar is either unconnected or has no load
WARNING: [Synth 8-7129] Port S_AXI_ARCACHE[2] in module axi_crossbar_v2_1_33_crossbar is either unconnected or has no load
WARNING: [Synth 8-7129] Port S_AXI_ARCACHE[1] in module axi_crossbar_v2_1_33_crossbar is either unconnected or has no load
WARNING: [Synth 8-7129] Port S_AXI_ARCACHE[0] in module axi_crossbar_v2_1_33_crossbar is either unconnected or has no load
WARNING: [Synth 8-7129] Port S_AXI_ARPROT[2] in module axi_crossbar_v2_1_33_crossbar is either unconnected or has no load
WARNING: [Synth 8-7129] Port S_AXI_ARPROT[1] in module axi_crossbar_v2_1_33_crossbar is either unconnected or has no load
WARNING: [Synth 8-7129] Port S_AXI_ARPROT[0] in module axi_crossbar_v2_1_33_crossbar is either unconnected or has no load
WARNING: [Synth 8-7129] Port S_AXI_ARQOS[3] in module axi_crossbar_v2_1_33_crossbar is either unconnected or has no load
WARNING: [Synth 8-7129] Port S_AXI_ARQOS[2] in module axi_crossbar_v2_1_33_crossbar is either unconnected or has no load
WARNING: [Synth 8-7129] Port S_AXI_ARQOS[1] in module axi_crossbar_v2_1_33_crossbar is either unconnected or has no load
WARNING: [Synth 8-7129] Port S_AXI_ARQOS[0] in module axi_crossbar_v2_1_33_crossbar is either unconnected or has no load
WARNING: [Synth 8-7129] Port S_AXI_ARUSER[0] in module axi_crossbar_v2_1_33_crossbar is either unconnected or has no load
WARNING: [Synth 8-7129] Port S_AXI_ARVALID[0] in module axi_crossbar_v2_1_33_crossbar is either unconnected or has no load
WARNING: [Synth 8-7129] Port S_AXI_RREADY[0] in module axi_crossbar_v2_1_33_crossbar is either unconnected or has no load
WARNING: [Synth 8-7129] Port s_axi_awid[0] in module axi_crossbar_v2_1_33_axi_crossbar is either unconnected or has no load
WARNING: [Synth 8-7129] Port s_axi_awuser[0] in module axi_crossbar_v2_1_33_axi_crossbar is either unconnected or has no load
WARNING: [Synth 8-7129] Port s_axi_wid[0] in module axi_crossbar_v2_1_33_axi_crossbar is either unconnected or has no load
WARNING: [Synth 8-7129] Port s_axi_wuser[0] in module axi_crossbar_v2_1_33_axi_crossbar is either unconnected or has no load
WARNING: [Synth 8-7129] Port s_axi_arid[0] in module axi_crossbar_v2_1_33_axi_crossbar is either unconnected or has no load
WARNING: [Synth 8-7129] Port s_axi_araddr[31] in module axi_crossbar_v2_1_33_axi_crossbar is either unconnected or has no load
WARNING: [Synth 8-7129] Port s_axi_araddr[30] in module axi_crossbar_v2_1_33_axi_crossbar is either unconnected or has no load
WARNING: [Synth 8-7129] Port s_axi_araddr[29] in module axi_crossbar_v2_1_33_axi_crossbar is either unconnected or has no load
WARNING: [Synth 8-7129] Port s_axi_araddr[28] in module axi_crossbar_v2_1_33_axi_crossbar is either unconnected or has no load
WARNING: [Synth 8-7129] Port s_axi_araddr[27] in module axi_crossbar_v2_1_33_axi_crossbar is either unconnected or has no load
WARNING: [Synth 8-7129] Port s_axi_araddr[26] in module axi_crossbar_v2_1_33_axi_crossbar is either unconnected or has no load
WARNING: [Synth 8-7129] Port s_axi_araddr[25] in module axi_crossbar_v2_1_33_axi_crossbar is either unconnected or has no load
WARNING: [Synth 8-7129] Port s_axi_araddr[24] in module axi_crossbar_v2_1_33_axi_crossbar is either unconnected or has no load
WARNING: [Synth 8-7129] Port s_axi_araddr[23] in module axi_crossbar_v2_1_33_axi_crossbar is either unconnected or has no load
INFO: [Common 17-14] Message 'Synth 8-7129' appears 100 times and further instances of the messages will be disabled. Use the Tcl command set_msg_config to change the current settings.
---------------------------------------------------------------------------------
Finished RTL Elaboration : Time (s): cpu = 00:00:05 ; elapsed = 00:00:09 . Memory (MB): peak = 1824.270 ; gain = 701.023
---------------------------------------------------------------------------------
---------------------------------------------------------------------------------
Start Handling Custom Attributes
---------------------------------------------------------------------------------
---------------------------------------------------------------------------------
Finished Handling Custom Attributes : Time (s): cpu = 00:00:05 ; elapsed = 00:00:09 . Memory (MB): peak = 1824.270 ; gain = 701.023
---------------------------------------------------------------------------------
---------------------------------------------------------------------------------
Finished RTL Optimization Phase 1 : Time (s): cpu = 00:00:05 ; elapsed = 00:00:09 . Memory (MB): peak = 1824.270 ; gain = 701.023
---------------------------------------------------------------------------------
Netlist sorting complete. Time (s): cpu = 00:00:00 ; elapsed = 00:00:00.038 . Memory (MB): peak = 1824.270 ; gain = 0.000
INFO: [Project 1-570] Preparing netlist for logic optimization

Processing XDC Constraints
Initializing timing engine
Parsing XDC File [c:/Projects/ERN24004/Projects/PMOD_AD1_DMA/PMOD_AD1_DMA.gen/sources_1/bd/dma/ip/dma_xbar_0/dma_xbar_0_ooc.xdc] for cell 'inst'
Finished Parsing XDC File [c:/Projects/ERN24004/Projects/PMOD_AD1_DMA/PMOD_AD1_DMA.gen/sources_1/bd/dma/ip/dma_xbar_0/dma_xbar_0_ooc.xdc] for cell 'inst'
Parsing XDC File [C:/Projects/ERN24004/Projects/PMOD_AD1_DMA/PMOD_AD1_DMA.runs/dma_xbar_0_synth_1/dont_touch.xdc]
Finished Parsing XDC File [C:/Projects/ERN24004/Projects/PMOD_AD1_DMA/PMOD_AD1_DMA.runs/dma_xbar_0_synth_1/dont_touch.xdc]
Completed Processing XDC Constraints

Netlist sorting complete. Time (s): cpu = 00:00:00 ; elapsed = 00:00:00.001 . Memory (MB): peak = 1905.957 ; gain = 0.000
INFO: [Project 1-111] Unisim Transformation Summary:
No Unisim elements were transformed.

Constraint Validation Runtime : Time (s): cpu = 00:00:00 ; elapsed = 00:00:00.032 . Memory (MB): peak = 1905.992 ; gain = 0.035
INFO: [Designutils 20-5008] Incremental synthesis strategy off
---------------------------------------------------------------------------------
Finished Constraint Validation : Time (s): cpu = 00:00:08 ; elapsed = 00:00:14 . Memory (MB): peak = 1905.992 ; gain = 782.746
---------------------------------------------------------------------------------
---------------------------------------------------------------------------------
Start Loading Part and Timing Information
---------------------------------------------------------------------------------
Loading part: xc7z007sclg400-1
---------------------------------------------------------------------------------
Finished Loading Part and Timing Information : Time (s): cpu = 00:00:08 ; elapsed = 00:00:14 . Memory (MB): peak = 1905.992 ; gain = 782.746
---------------------------------------------------------------------------------
---------------------------------------------------------------------------------
Start Applying 'set_property' XDC Constraints
---------------------------------------------------------------------------------
Applied set_property KEEP_HIERARCHY = SOFT for inst. (constraint file  C:/Projects/ERN24004/Projects/PMOD_AD1_DMA/PMOD_AD1_DMA.runs/dma_xbar_0_synth_1/dont_touch.xdc, line 9).
---------------------------------------------------------------------------------
Finished applying 'set_property' XDC Constraints : Time (s): cpu = 00:00:08 ; elapsed = 00:00:14 . Memory (MB): peak = 1905.992 ; gain = 782.746
---------------------------------------------------------------------------------
INFO: [Synth 8-802] inferred FSM for state register 'state_reg' in module 'axi_data_fifo_v2_1_31_axic_reg_srl_fifo'
INFO: [Synth 8-802] inferred FSM for state register 'gen_axi.write_cs_reg' in module 'axi_crossbar_v2_1_33_decerr_slave'
---------------------------------------------------------------------------------------------------
                   State |                     New Encoding |                Previous Encoding 
---------------------------------------------------------------------------------------------------
                    ZERO |                             1000 |                               10
                     ONE |                             0010 |                               11
                     TWO |                             0001 |                               01
                  iSTATE |                             0100 |                               00
---------------------------------------------------------------------------------------------------
INFO: [Synth 8-3354] encoded FSM with state register 'state_reg' using encoding 'one-hot' in module 'axi_data_fifo_v2_1_31_axic_reg_srl_fifo'
---------------------------------------------------------------------------------------------------
                   State |                     New Encoding |                Previous Encoding 
---------------------------------------------------------------------------------------------------
            P_WRITE_IDLE |                              001 |                               00
            P_WRITE_DATA |                              010 |                               01
            P_WRITE_RESP |                              100 |                               10
---------------------------------------------------------------------------------------------------
INFO: [Synth 8-3354] encoded FSM with state register 'gen_axi.write_cs_reg' using encoding 'one-hot' in module 'axi_crossbar_v2_1_33_decerr_slave'
---------------------------------------------------------------------------------
Finished RTL Optimization Phase 2 : Time (s): cpu = 00:00:08 ; elapsed = 00:00:14 . Memory (MB): peak = 1905.992 ; gain = 782.746
---------------------------------------------------------------------------------
---------------------------------------------------------------------------------
Start RTL Component Statistics 
---------------------------------------------------------------------------------
Detailed RTL Component Info : 
+---Adders : 
	   2 Input    8 Bit       Adders := 2     
	   2 Input    5 Bit       Adders := 2     
	   2 Input    4 Bit       Adders := 3     
	   2 Input    3 Bit       Adders := 2     
	   2 Input    2 Bit       Adders := 1     
	   2 Input    1 Bit       Adders := 2     
+---XORs : 
	   2 Input      1 Bit         XORs := 5     
+---Registers : 
	               68 Bit    Registers := 2     
	               64 Bit    Registers := 2     
	                8 Bit    Registers := 2     
	                5 Bit    Registers := 2     
	                4 Bit    Registers := 2     
	                3 Bit    Registers := 8     
	                2 Bit    Registers := 9     
	                1 Bit    Registers := 30    
+---Muxes : 
	   2 Input   68 Bit        Muxes := 2     
	   2 Input   24 Bit        Muxes := 3     
	   2 Input    8 Bit        Muxes := 1     
	   3 Input    4 Bit        Muxes := 1     
	   2 Input    4 Bit        Muxes := 5     
	   2 Input    3 Bit        Muxes := 1     
	   2 Input    2 Bit        Muxes := 12    
	   2 Input    1 Bit        Muxes := 33    
	   4 Input    1 Bit        Muxes := 3     
	   3 Input    1 Bit        Muxes := 8     
---------------------------------------------------------------------------------
Finished RTL Component Statistics 
---------------------------------------------------------------------------------
---------------------------------------------------------------------------------
Start Part Resource Summary
---------------------------------------------------------------------------------
Part Resources:
DSPs: 66 (col length:40)
BRAMs: 100 (col length: RAMB18 40 RAMB36 20)
---------------------------------------------------------------------------------
Finished Part Resource Summary
---------------------------------------------------------------------------------
---------------------------------------------------------------------------------
Start Cross Boundary and Area Optimization
---------------------------------------------------------------------------------
WARNING: [Synth 8-7080] Parallel synthesis criteria is not met
INFO: [Synth 8-3332] Sequential element (gen_samd.crossbar_samd/gen_slave_slots[0].gen_si_write.wdata_router_w/wrouter_aw_fifo/FSM_onehot_state_reg[2]) is unused and will be removed from module axi_crossbar_v2_1_33_axi_crossbar.
---------------------------------------------------------------------------------
Finished Cross Boundary and Area Optimization : Time (s): cpu = 00:00:09 ; elapsed = 00:00:16 . Memory (MB): peak = 1905.992 ; gain = 782.746
---------------------------------------------------------------------------------
---------------------------------------------------------------------------------
Start Applying XDC Timing Constraints
---------------------------------------------------------------------------------
---------------------------------------------------------------------------------
Finished Applying XDC Timing Constraints : Time (s): cpu = 00:00:11 ; elapsed = 00:00:19 . Memory (MB): peak = 1905.992 ; gain = 782.746
---------------------------------------------------------------------------------
---------------------------------------------------------------------------------
Start Timing Optimization
---------------------------------------------------------------------------------
---------------------------------------------------------------------------------
Finished Timing Optimization : Time (s): cpu = 00:00:11 ; elapsed = 00:00:20 . Memory (MB): peak = 1905.992 ; gain = 782.746
---------------------------------------------------------------------------------
---------------------------------------------------------------------------------
Start Technology Mapping
---------------------------------------------------------------------------------
---------------------------------------------------------------------------------
Finished Technology Mapping : Time (s): cpu = 00:00:11 ; elapsed = 00:00:20 . Memory (MB): peak = 1905.992 ; gain = 782.746
---------------------------------------------------------------------------------
---------------------------------------------------------------------------------
Start IO Insertion
---------------------------------------------------------------------------------
---------------------------------------------------------------------------------
Start Flattening Before IO Insertion
---------------------------------------------------------------------------------
---------------------------------------------------------------------------------
Finished Flattening Before IO Insertion
---------------------------------------------------------------------------------
---------------------------------------------------------------------------------
Start Final Netlist Cleanup
---------------------------------------------------------------------------------
---------------------------------------------------------------------------------
Finished Final Netlist Cleanup
---------------------------------------------------------------------------------
---------------------------------------------------------------------------------
Finished IO Insertion : Time (s): cpu = 00:00:13 ; elapsed = 00:00:22 . Memory (MB): peak = 1905.992 ; gain = 782.746
---------------------------------------------------------------------------------
---------------------------------------------------------------------------------
Start Renaming Generated Instances
---------------------------------------------------------------------------------
---------------------------------------------------------------------------------
Finished Renaming Generated Instances : Time (s): cpu = 00:00:13 ; elapsed = 00:00:22 . Memory (MB): peak = 1905.992 ; gain = 782.746
---------------------------------------------------------------------------------
---------------------------------------------------------------------------------
Start Rebuilding User Hierarchy
---------------------------------------------------------------------------------
---------------------------------------------------------------------------------
Finished Rebuilding User Hierarchy : Time (s): cpu = 00:00:13 ; elapsed = 00:00:22 . Memory (MB): peak = 1905.992 ; gain = 782.746
---------------------------------------------------------------------------------
---------------------------------------------------------------------------------
Start Renaming Generated Ports
---------------------------------------------------------------------------------
---------------------------------------------------------------------------------
Finished Renaming Generated Ports : Time (s): cpu = 00:00:13 ; elapsed = 00:00:22 . Memory (MB): peak = 1905.992 ; gain = 782.746
---------------------------------------------------------------------------------
---------------------------------------------------------------------------------
Start Handling Custom Attributes
---------------------------------------------------------------------------------
---------------------------------------------------------------------------------
Finished Handling Custom Attributes : Time (s): cpu = 00:00:13 ; elapsed = 00:00:22 . Memory (MB): peak = 1905.992 ; gain = 782.746
---------------------------------------------------------------------------------
---------------------------------------------------------------------------------
Start Renaming Generated Nets
---------------------------------------------------------------------------------
---------------------------------------------------------------------------------
Finished Renaming Generated Nets : Time (s): cpu = 00:00:13 ; elapsed = 00:00:22 . Memory (MB): peak = 1905.992 ; gain = 782.746
---------------------------------------------------------------------------------
---------------------------------------------------------------------------------
Start Writing Synthesis Report
---------------------------------------------------------------------------------

Report BlackBoxes: 
+-+--------------+----------+
| |BlackBox name |Instances |
+-+--------------+----------+
+-+--------------+----------+

Report Cell Usage: 
+------+--------+------+
|      |Cell    |Count |
+------+--------+------+
|1     |LUT1    |     5|
|2     |LUT2    |     6|
|3     |LUT3    |    25|
|4     |LUT4    |    20|
|5     |LUT5    |    18|
|6     |LUT6    |    40|
|7     |SRLC32E |     2|
|8     |FDRE    |   107|
|9     |FDSE    |     7|
+------+--------+------+
---------------------------------------------------------------------------------
Finished Writing Synthesis Report : Time (s): cpu = 00:00:13 ; elapsed = 00:00:22 . Memory (MB): peak = 1905.992 ; gain = 782.746
---------------------------------------------------------------------------------
Synthesis finished with 0 errors, 0 critical warnings and 210 warnings.
Synthesis Optimization Runtime : Time (s): cpu = 00:00:07 ; elapsed = 00:00:21 . Memory (MB): peak = 1905.992 ; gain = 701.023
Synthesis Optimization Complete : Time (s): cpu = 00:00:13 ; elapsed = 00:00:22 . Memory (MB): peak = 1905.992 ; gain = 782.746
INFO: [Project 1-571] Translating synthesized netlist
Netlist sorting complete. Time (s): cpu = 00:00:00 ; elapsed = 00:00:00.007 . Memory (MB): peak = 1905.992 ; gain = 0.000
INFO: [Project 1-570] Preparing netlist for logic optimization
INFO: [Opt 31-138] Pushed 0 inverter(s) to 0 load pin(s).
Netlist sorting complete. Time (s): cpu = 00:00:00 ; elapsed = 00:00:00.001 . Memory (MB): peak = 1905.992 ; gain = 0.000
INFO: [Project 1-111] Unisim Transformation Summary:
No Unisim elements were transformed.

Synth Design complete | Checksum: 58c3a009
INFO: [Common 17-83] Releasing license: Synthesis
92 Infos, 119 Warnings, 0 Critical Warnings and 0 Errors encountered.
synth_design completed successfully
synth_design: Time (s): cpu = 00:00:14 ; elapsed = 00:00:30 . Memory (MB): peak = 1905.992 ; gain = 1184.598
Write ShapeDB Complete: Time (s): cpu = 00:00:00 ; elapsed = 00:00:00 . Memory (MB): peak = 1905.992 ; gain = 0.000
INFO: [Common 17-1381] The checkpoint 'C:/Projects/ERN24004/Projects/PMOD_AD1_DMA/PMOD_AD1_DMA.runs/dma_xbar_0_synth_1/dma_xbar_0.dcp' has been generated.
INFO: [Coretcl 2-1648] Added synthesis output to IP cache for IP dma_xbar_0, cache-ID = de7ad522736d2d07
INFO: [Coretcl 2-1174] Renamed 17 cell refs.
Write ShapeDB Complete: Time (s): cpu = 00:00:00 ; elapsed = 00:00:00.001 . Memory (MB): peak = 1905.992 ; gain = 0.000
INFO: [Common 17-1381] The checkpoint 'C:/Projects/ERN24004/Projects/PMOD_AD1_DMA/PMOD_AD1_DMA.runs/dma_xbar_0_synth_1/dma_xbar_0.dcp' has been generated.
INFO: [Vivado 12-24828] Executing command : report_utilization -file dma_xbar_0_utilization_synth.rpt -pb dma_xbar_0_utilization_synth.pb
INFO: [Common 17-206] Exiting Vivado at Tue Nov 19 13:41:02 2024...
