Copyright 1986-2022 Xilinx, Inc. All Rights Reserved. Copyright 2022-2024 Advanced Micro Devices, Inc. All Rights Reserved.
---------------------------------------------------------------------------------------------------------------------------------------------
| Tool Version : Vivado v.2024.1.2 (win64) Build 5164865 Thu Sep  5 14:37:11 MDT 2024
| Date         : Thu Nov 21 16:15:58 2024
| Host         : DonGun running 64-bit major release  (build 9200)
| Command      : upgrade_ip
| Device       : xc7z007sclg400-1
---------------------------------------------------------------------------------------------------------------------------------------------

Upgrade Log for IP 'dma_PmodAD1_0_2'

1. Summary
----------

SUCCESS in the upgrade of dma_PmodAD1_0_2 (digilentinc.com:IP:PmodAD1:1.0) from (Rev. 72) to (Rev. 73)






Copyright 1986-2022 Xilinx, Inc. All Rights Reserved. Copyright 2022-2024 Advanced Micro Devices, Inc. All Rights Reserved.
---------------------------------------------------------------------------------------------------------------------------------------------
| Tool Version : Vivado v.2024.1.2 (win64) Build 5164865 Thu Sep  5 14:37:11 MDT 2024
| Date         : Thu Nov 21 16:04:43 2024
| Host         : DonGun running 64-bit major release  (build 9200)
| Command      : upgrade_ip
| Device       : xc7z007sclg400-1
---------------------------------------------------------------------------------------------------------------------------------------------

Upgrade Log for IP 'dma_PmodAD1_0_2'

1. Summary
----------

SUCCESS in the upgrade of dma_PmodAD1_0_2 (digilentinc.com:IP:PmodAD1:1.0) from (Rev. 71) to (Rev. 72)






Copyright 1986-2022 Xilinx, Inc. All Rights Reserved. Copyright 2022-2024 Advanced Micro Devices, Inc. All Rights Reserved.
---------------------------------------------------------------------------------------------------------------------------------------------
| Tool Version : Vivado v.2024.1.2 (win64) Build 5164865 Thu Sep  5 14:37:11 MDT 2024
| Date         : Thu Nov 21 15:53:23 2024
| Host         : DonGun running 64-bit major release  (build 9200)
| Command      : upgrade_ip
| Device       : xc7z007sclg400-1
---------------------------------------------------------------------------------------------------------------------------------------------

Upgrade Log for IP 'dma_PmodAD1_0_2'

1. Summary
----------

SUCCESS in the upgrade of dma_PmodAD1_0_2 (digilentinc.com:IP:PmodAD1:1.0) from (Rev. 70) to (Rev. 71)






Copyright 1986-2022 Xilinx, Inc. All Rights Reserved. Copyright 2022-2024 Advanced Micro Devices, Inc. All Rights Reserved.
---------------------------------------------------------------------------------------------------------------------------------------------
| Tool Version : Vivado v.2024.1.2 (win64) Build 5164865 Thu Sep  5 14:37:11 MDT 2024
| Date         : Thu Nov 21 09:24:28 2024
| Host         : DonGun running 64-bit major release  (build 9200)
| Command      : upgrade_ip
| Device       : xc7z007sclg400-1
---------------------------------------------------------------------------------------------------------------------------------------------

Upgrade Log for IP 'dma_PmodAD1_0_2'

1. Summary
----------

SUCCESS in the update of dma_PmodAD1_0_2 (digilentinc.com:IP:PmodAD1:1.0 (Rev. 70)) to current project options.






Copyright 1986-2022 Xilinx, Inc. All Rights Reserved. Copyright 2022-2024 Advanced Micro Devices, Inc. All Rights Reserved.
---------------------------------------------------------------------------------------------------------------------------------------------
| Tool Version : Vivado v.2024.1.2 (win64) Build 5164865 Thu Sep  5 14:37:11 MDT 2024
| Date         : Thu Nov 21 09:17:33 2024
| Host         : DonGun running 64-bit major release  (build 9200)
| Command      : upgrade_ip
| Device       : xc7z007sclg400-1
---------------------------------------------------------------------------------------------------------------------------------------------

Upgrade Log for IP 'dma_PmodAD1_0_2'

1. Summary
----------

SUCCESS in the update of dma_PmodAD1_0_2 (digilentinc.com:IP:PmodAD1:1.0 (Rev. 70)) to current project options.






Copyright 1986-2022 Xilinx, Inc. All Rights Reserved. Copyright 2022-2024 Advanced Micro Devices, Inc. All Rights Reserved.
---------------------------------------------------------------------------------------------------------------------------------------------
| Tool Version : Vivado v.2024.1.2 (win64) Build 5164865 Thu Sep  5 14:37:11 MDT 2024
| Date         : Thu Nov 21 09:03:51 2024
| Host         : DonGun running 64-bit major release  (build 9200)
| Command      : upgrade_ip
| Device       : xc7z007sclg400-1
---------------------------------------------------------------------------------------------------------------------------------------------

Upgrade Log for IP 'dma_PmodAD1_0_2'

1. Summary
----------

SUCCESS in the upgrade of dma_PmodAD1_0_2 (digilentinc.com:IP:PmodAD1:1.0) from (Rev. 69) to (Rev. 70)






Copyright 1986-2022 Xilinx, Inc. All Rights Reserved. Copyright 2022-2024 Advanced Micro Devices, Inc. All Rights Reserved.
---------------------------------------------------------------------------------------------------------------------------------------------
| Tool Version : Vivado v.2024.1.2 (win64) Build 5164865 Thu Sep  5 14:37:11 MDT 2024
| Date         : Thu Nov 21 08:41:00 2024
| Host         : DonGun running 64-bit major release  (build 9200)
| Command      : upgrade_ip
| Device       : xc7z007sclg400-1
---------------------------------------------------------------------------------------------------------------------------------------------

Upgrade Log for IP 'dma_PmodAD1_0_2'

1. Summary
----------

SUCCESS in the upgrade of dma_PmodAD1_0_2 (digilentinc.com:IP:PmodAD1:1.0) from (Rev. 68) to (Rev. 69)






Copyright 1986-2022 Xilinx, Inc. All Rights Reserved. Copyright 2022-2024 Advanced Micro Devices, Inc. All Rights Reserved.
---------------------------------------------------------------------------------------------------------------------------------------------
| Tool Version : Vivado v.2024.1.2 (win64) Build 5164865 Thu Sep  5 14:37:11 MDT 2024
| Date         : Wed Nov 20 16:49:26 2024
| Host         : DonGun running 64-bit major release  (build 9200)
| Command      : upgrade_ip
| Device       : xc7z007sclg400-1
---------------------------------------------------------------------------------------------------------------------------------------------

Upgrade Log for IP 'dma_PmodAD1_0_2'

1. Summary
----------

SUCCESS in the upgrade of dma_PmodAD1_0_2 (digilentinc.com:IP:PmodAD1:1.0) from (Rev. 67) to (Rev. 68)






Copyright 1986-2022 Xilinx, Inc. All Rights Reserved. Copyright 2022-2024 Advanced Micro Devices, Inc. All Rights Reserved.
---------------------------------------------------------------------------------------------------------------------------------------------
| Tool Version : Vivado v.2024.1.2 (win64) Build 5164865 Thu Sep  5 14:37:11 MDT 2024
| Date         : Wed Nov 20 16:35:54 2024
| Host         : DonGun running 64-bit major release  (build 9200)
| Command      : upgrade_ip
| Device       : xc7z007sclg400-1
---------------------------------------------------------------------------------------------------------------------------------------------

Upgrade Log for IP 'dma_PmodAD1_0_2'

1. Summary
----------

SUCCESS in the upgrade of dma_PmodAD1_0_2 (digilentinc.com:IP:PmodAD1:1.0) from (Rev. 66) to (Rev. 67)






Copyright 1986-2022 Xilinx, Inc. All Rights Reserved. Copyright 2022-2024 Advanced Micro Devices, Inc. All Rights Reserved.
---------------------------------------------------------------------------------------------------------------------------------------------
| Tool Version : Vivado v.2024.1.2 (win64) Build 5164865 Thu Sep  5 14:37:11 MDT 2024
| Date         : Wed Nov 20 15:30:40 2024
| Host         : DonGun running 64-bit major release  (build 9200)
| Command      : upgrade_ip
| Device       : xc7z007sclg400-1
---------------------------------------------------------------------------------------------------------------------------------------------

Upgrade Log for IP 'dma_PmodAD1_0_2'

1. Summary
----------

SUCCESS in the upgrade of dma_PmodAD1_0_2 (digilentinc.com:IP:PmodAD1:1.0) from (Rev. 65) to (Rev. 66)






Copyright 1986-2022 Xilinx, Inc. All Rights Reserved. Copyright 2022-2024 Advanced Micro Devices, Inc. All Rights Reserved.
---------------------------------------------------------------------------------------------------------------------------------------------
| Tool Version : Vivado v.2024.1.2 (win64) Build 5164865 Thu Sep  5 14:37:11 MDT 2024
| Date         : Wed Nov 20 15:16:04 2024
| Host         : DonGun running 64-bit major release  (build 9200)
| Command      : upgrade_ip
| Device       : xc7z007sclg400-1
---------------------------------------------------------------------------------------------------------------------------------------------

Upgrade Log for IP 'dma_PmodAD1_0_2'

1. Summary
----------

SUCCESS in the upgrade of dma_PmodAD1_0_2 (digilentinc.com:IP:PmodAD1:1.0) from (Rev. 64) to (Rev. 65)






Copyright 1986-2022 Xilinx, Inc. All Rights Reserved. Copyright 2022-2024 Advanced Micro Devices, Inc. All Rights Reserved.
---------------------------------------------------------------------------------------------------------------------------------------------
| Tool Version : Vivado v.2024.1.2 (win64) Build 5164865 Thu Sep  5 14:37:11 MDT 2024
| Date         : Wed Nov 20 12:01:29 2024
| Host         : DonGun running 64-bit major release  (build 9200)
| Command      : upgrade_ip
| Device       : xc7z007sclg400-1
---------------------------------------------------------------------------------------------------------------------------------------------

Upgrade Log for IP 'dma_PmodAD1_0_2'

1. Summary
----------

SUCCESS in the upgrade of dma_PmodAD1_0_2 (digilentinc.com:IP:PmodAD1:1.0) from (Rev. 63) to (Rev. 64)






Copyright 1986-2022 Xilinx, Inc. All Rights Reserved. Copyright 2022-2024 Advanced Micro Devices, Inc. All Rights Reserved.
---------------------------------------------------------------------------------------------------------------------------------------------
| Tool Version : Vivado v.2024.1.2 (win64) Build 5164865 Thu Sep  5 14:37:11 MDT 2024
| Date         : Wed Nov 20 11:35:13 2024
| Host         : DonGun running 64-bit major release  (build 9200)
| Command      : upgrade_ip
| Device       : xc7z007sclg400-1
---------------------------------------------------------------------------------------------------------------------------------------------

Upgrade Log for IP 'dma_PmodAD1_0_2'

1. Summary
----------

SUCCESS in the upgrade of dma_PmodAD1_0_2 (digilentinc.com:IP:PmodAD1:1.0) from (Rev. 62) to (Rev. 63)






Copyright 1986-2022 Xilinx, Inc. All Rights Reserved. Copyright 2022-2024 Advanced Micro Devices, Inc. All Rights Reserved.
---------------------------------------------------------------------------------------------------------------------------------------------
| Tool Version : Vivado v.2024.1.2 (win64) Build 5164865 Thu Sep  5 14:37:11 MDT 2024
| Date         : Wed Nov 20 11:21:51 2024
| Host         : DonGun running 64-bit major release  (build 9200)
| Command      : upgrade_ip
| Device       : xc7z007sclg400-1
---------------------------------------------------------------------------------------------------------------------------------------------

Upgrade Log for IP 'dma_PmodAD1_0_2'

1. Summary
----------

SUCCESS in the upgrade of dma_PmodAD1_0_2 (digilentinc.com:IP:PmodAD1:1.0) from (Rev. 61) to (Rev. 62)






Copyright 1986-2022 Xilinx, Inc. All Rights Reserved. Copyright 2022-2024 Advanced Micro Devices, Inc. All Rights Reserved.
---------------------------------------------------------------------------------------------------------------------------------------------
| Tool Version : Vivado v.2024.1.2 (win64) Build 5164865 Thu Sep  5 14:37:11 MDT 2024
| Date         : Wed Nov 20 11:16:38 2024
| Host         : DonGun running 64-bit major release  (build 9200)
| Command      : upgrade_ip
| Device       : xc7z007sclg400-1
---------------------------------------------------------------------------------------------------------------------------------------------

Upgrade Log for IP 'dma_PmodAD1_0_2'

1. Summary
----------

SUCCESS in the upgrade of dma_PmodAD1_0_2 (digilentinc.com:IP:PmodAD1:1.0) from (Rev. 60) to (Rev. 61)






Copyright 1986-2022 Xilinx, Inc. All Rights Reserved. Copyright 2022-2024 Advanced Micro Devices, Inc. All Rights Reserved.
---------------------------------------------------------------------------------------------------------------------------------------------
| Tool Version : Vivado v.2024.1.2 (win64) Build 5164865 Thu Sep  5 14:37:11 MDT 2024
| Date         : Wed Nov 20 11:11:33 2024
| Host         : DonGun running 64-bit major release  (build 9200)
| Command      : upgrade_ip
| Device       : xc7z007sclg400-1
---------------------------------------------------------------------------------------------------------------------------------------------

Upgrade Log for IP 'dma_PmodAD1_0_2'

1. Summary
----------

SUCCESS in the upgrade of dma_PmodAD1_0_2 (digilentinc.com:IP:PmodAD1:1.0) from (Rev. 59) to (Rev. 60)






Copyright 1986-2022 Xilinx, Inc. All Rights Reserved. Copyright 2022-2024 Advanced Micro Devices, Inc. All Rights Reserved.
---------------------------------------------------------------------------------------------------------------------------------------------
| Tool Version : Vivado v.2024.1.2 (win64) Build 5164865 Thu Sep  5 14:37:11 MDT 2024
| Date         : Wed Nov 20 11:05:02 2024
| Host         : DonGun running 64-bit major release  (build 9200)
| Command      : upgrade_ip
| Device       : xc7z007sclg400-1
---------------------------------------------------------------------------------------------------------------------------------------------

Upgrade Log for IP 'dma_PmodAD1_0_2'

1. Summary
----------

SUCCESS in the upgrade of dma_PmodAD1_0_2 (digilentinc.com:IP:PmodAD1:1.0) from (Rev. 58) to (Rev. 59)






Copyright 1986-2022 Xilinx, Inc. All Rights Reserved. Copyright 2022-2024 Advanced Micro Devices, Inc. All Rights Reserved.
---------------------------------------------------------------------------------------------------------------------------------------------
| Tool Version : Vivado v.2024.1.2 (win64) Build 5164865 Thu Sep  5 14:37:11 MDT 2024
| Date         : Wed Nov 20 10:51:44 2024
| Host         : DonGun running 64-bit major release  (build 9200)
| Command      : upgrade_ip
| Device       : xc7z007sclg400-1
---------------------------------------------------------------------------------------------------------------------------------------------

Upgrade Log for IP 'dma_PmodAD1_0_2'

1. Summary
----------

SUCCESS in the upgrade of dma_PmodAD1_0_2 (digilentinc.com:IP:PmodAD1:1.0) from (Rev. 57) to (Rev. 58)






Copyright 1986-2022 Xilinx, Inc. All Rights Reserved. Copyright 2022-2024 Advanced Micro Devices, Inc. All Rights Reserved.
---------------------------------------------------------------------------------------------------------------------------------------------
| Tool Version : Vivado v.2024.1.2 (win64) Build 5164865 Thu Sep  5 14:37:11 MDT 2024
| Date         : Wed Nov 20 10:37:27 2024
| Host         : DonGun running 64-bit major release  (build 9200)
| Command      : upgrade_ip
| Device       : xc7z007sclg400-1
---------------------------------------------------------------------------------------------------------------------------------------------

Upgrade Log for IP 'dma_PmodAD1_0_2'

1. Summary
----------

SUCCESS in the upgrade of dma_PmodAD1_0_2 (digilentinc.com:IP:PmodAD1:1.0) from (Rev. 56) to (Rev. 57)






Copyright 1986-2022 Xilinx, Inc. All Rights Reserved. Copyright 2022-2024 Advanced Micro Devices, Inc. All Rights Reserved.
---------------------------------------------------------------------------------------------------------------------------------------------
| Tool Version : Vivado v.2024.1.2 (win64) Build 5164865 Thu Sep  5 14:37:11 MDT 2024
| Date         : Wed Nov 20 10:13:44 2024
| Host         : DonGun running 64-bit major release  (build 9200)
| Command      : upgrade_ip
| Device       : xc7z007sclg400-1
---------------------------------------------------------------------------------------------------------------------------------------------

Upgrade Log for IP 'dma_PmodAD1_0_2'

1. Summary
----------

SUCCESS in the upgrade of dma_PmodAD1_0_2 (digilentinc.com:IP:PmodAD1:1.0) from (Rev. 55) to (Rev. 56)






Copyright 1986-2022 Xilinx, Inc. All Rights Reserved. Copyright 2022-2024 Advanced Micro Devices, Inc. All Rights Reserved.
---------------------------------------------------------------------------------------------------------------------------------------------
| Tool Version : Vivado v.2024.1.2 (win64) Build 5164865 Thu Sep  5 14:37:11 MDT 2024
| Date         : Wed Nov 20 09:49:56 2024
| Host         : DonGun running 64-bit major release  (build 9200)
| Command      : upgrade_ip
| Device       : xc7z007sclg400-1
---------------------------------------------------------------------------------------------------------------------------------------------

Upgrade Log for IP 'dma_PmodAD1_0_2'

1. Summary
----------

SUCCESS in the upgrade of dma_PmodAD1_0_2 (digilentinc.com:IP:PmodAD1:1.0) from (Rev. 54) to (Rev. 55)






Copyright 1986-2022 Xilinx, Inc. All Rights Reserved. Copyright 2022-2024 Advanced Micro Devices, Inc. All Rights Reserved.
---------------------------------------------------------------------------------------------------------------------------------------------
| Tool Version : Vivado v.2024.1.2 (win64) Build 5164865 Thu Sep  5 14:37:11 MDT 2024
| Date         : Wed Nov 20 09:22:15 2024
| Host         : DonGun running 64-bit major release  (build 9200)
| Command      : upgrade_ip
| Device       : xc7z007sclg400-1
---------------------------------------------------------------------------------------------------------------------------------------------

Upgrade Log for IP 'dma_PmodAD1_0_2'

1. Summary
----------

SUCCESS in the upgrade of dma_PmodAD1_0_2 (digilentinc.com:IP:PmodAD1:1.0) from (Rev. 53) to (Rev. 54)






Copyright 1986-2022 Xilinx, Inc. All Rights Reserved. Copyright 2022-2024 Advanced Micro Devices, Inc. All Rights Reserved.
---------------------------------------------------------------------------------------------------------------------------------------------
| Tool Version : Vivado v.2024.1.2 (win64) Build 5164865 Thu Sep  5 14:37:11 MDT 2024
| Date         : Wed Nov 20 09:00:29 2024
| Host         : DonGun running 64-bit major release  (build 9200)
| Command      : upgrade_ip
| Device       : xc7z007sclg400-1
---------------------------------------------------------------------------------------------------------------------------------------------

Upgrade Log for IP 'dma_PmodAD1_0_2'

1. Summary
----------

SUCCESS in the upgrade of dma_PmodAD1_0_2 (digilentinc.com:IP:PmodAD1:1.0) from (Rev. 52) to (Rev. 53)






Copyright 1986-2022 Xilinx, Inc. All Rights Reserved. Copyright 2022-2024 Advanced Micro Devices, Inc. All Rights Reserved.
---------------------------------------------------------------------------------------------------------------------------------------------
| Tool Version : Vivado v.2024.1.2 (win64) Build 5164865 Thu Sep  5 14:37:11 MDT 2024
| Date         : Tue Nov 19 16:50:48 2024
| Host         : DonGun running 64-bit major release  (build 9200)
| Command      : upgrade_ip
| Device       : xc7z007sclg400-1
---------------------------------------------------------------------------------------------------------------------------------------------

Upgrade Log for IP 'dma_PmodAD1_0_2'

1. Summary
----------

SUCCESS in the update of dma_PmodAD1_0_2 (digilentinc.com:IP:PmodAD1:1.0 (Rev. 52)) to current project options.






Copyright 1986-2022 Xilinx, Inc. All Rights Reserved. Copyright 2022-2024 Advanced Micro Devices, Inc. All Rights Reserved.
---------------------------------------------------------------------------------------------------------------------------------------------
| Tool Version : Vivado v.2024.1.2 (win64) Build 5164865 Thu Sep  5 14:37:11 MDT 2024
| Date         : Tue Nov 19 16:50:21 2024
| Host         : DonGun running 64-bit major release  (build 9200)
| Command      : upgrade_ip
| Device       : xc7z007sclg400-1
---------------------------------------------------------------------------------------------------------------------------------------------

Upgrade Log for IP 'dma_PmodAD1_0_2'

1. Summary
----------

SUCCESS in the upgrade of dma_PmodAD1_0_2 (digilentinc.com:IP:PmodAD1:1.0) from (Rev. 51) to (Rev. 52)






Copyright 1986-2022 Xilinx, Inc. All Rights Reserved. Copyright 2022-2024 Advanced Micro Devices, Inc. All Rights Reserved.
---------------------------------------------------------------------------------------------------------------------------------------------
| Tool Version : Vivado v.2024.1.2 (win64) Build 5164865 Thu Sep  5 14:37:11 MDT 2024
| Date         : Tue Nov 19 16:39:34 2024
| Host         : DonGun running 64-bit major release  (build 9200)
| Command      : upgrade_ip
| Device       : xc7z007sclg400-1
---------------------------------------------------------------------------------------------------------------------------------------------

Upgrade Log for IP 'dma_PmodAD1_0_2'

1. Summary
----------

SUCCESS in the upgrade of dma_PmodAD1_0_2 (digilentinc.com:IP:PmodAD1:1.0) from (Rev. 50) to (Rev. 51)






Copyright 1986-2022 Xilinx, Inc. All Rights Reserved. Copyright 2022-2024 Advanced Micro Devices, Inc. All Rights Reserved.
---------------------------------------------------------------------------------------------------------------------------------------------
| Tool Version : Vivado v.2024.1.2 (win64) Build 5164865 Thu Sep  5 14:37:11 MDT 2024
| Date         : Tue Nov 19 16:32:59 2024
| Host         : DonGun running 64-bit major release  (build 9200)
| Command      : upgrade_ip
| Device       : xc7z007sclg400-1
---------------------------------------------------------------------------------------------------------------------------------------------

Upgrade Log for IP 'dma_PmodAD1_0_2'

1. Summary
----------

SUCCESS in the upgrade of dma_PmodAD1_0_2 (digilentinc.com:IP:PmodAD1:1.0) from (Rev. 49) to (Rev. 50)






Copyright 1986-2022 Xilinx, Inc. All Rights Reserved. Copyright 2022-2024 Advanced Micro Devices, Inc. All Rights Reserved.
---------------------------------------------------------------------------------------------------------------------------------------------
| Tool Version : Vivado v.2024.1.2 (win64) Build 5164865 Thu Sep  5 14:37:11 MDT 2024
| Date         : Tue Nov 19 16:29:05 2024
| Host         : DonGun running 64-bit major release  (build 9200)
| Command      : upgrade_ip
| Device       : xc7z007sclg400-1
---------------------------------------------------------------------------------------------------------------------------------------------

Upgrade Log for IP 'dma_PmodAD1_0_2'

1. Summary
----------

SUCCESS in the upgrade of dma_PmodAD1_0_2 (digilentinc.com:IP:PmodAD1:1.0) from (Rev. 48) to (Rev. 49)






Copyright 1986-2022 Xilinx, Inc. All Rights Reserved. Copyright 2022-2024 Advanced Micro Devices, Inc. All Rights Reserved.
---------------------------------------------------------------------------------------------------------------------------------------------
| Tool Version : Vivado v.2024.1.2 (win64) Build 5164865 Thu Sep  5 14:37:11 MDT 2024
| Date         : Tue Nov 19 16:23:34 2024
| Host         : DonGun running 64-bit major release  (build 9200)
| Command      : upgrade_ip
| Device       : xc7z007sclg400-1
---------------------------------------------------------------------------------------------------------------------------------------------

Upgrade Log for IP 'dma_PmodAD1_0_2'

1. Summary
----------

SUCCESS in the upgrade of dma_PmodAD1_0_2 (digilentinc.com:IP:PmodAD1:1.0) from (Rev. 47) to (Rev. 48)






Copyright 1986-2022 Xilinx, Inc. All Rights Reserved. Copyright 2022-2024 Advanced Micro Devices, Inc. All Rights Reserved.
---------------------------------------------------------------------------------------------------------------------------------------------
| Tool Version : Vivado v.2024.1.2 (win64) Build 5164865 Thu Sep  5 14:37:11 MDT 2024
| Date         : Tue Nov 19 16:17:40 2024
| Host         : DonGun running 64-bit major release  (build 9200)
| Command      : upgrade_ip
| Device       : xc7z007sclg400-1
---------------------------------------------------------------------------------------------------------------------------------------------

Upgrade Log for IP 'dma_PmodAD1_0_2'

1. Summary
----------

SUCCESS in the upgrade of dma_PmodAD1_0_2 (digilentinc.com:IP:PmodAD1:1.0) from (Rev. 46) to (Rev. 47)






Copyright 1986-2022 Xilinx, Inc. All Rights Reserved. Copyright 2022-2024 Advanced Micro Devices, Inc. All Rights Reserved.
---------------------------------------------------------------------------------------------------------------------------------------------
| Tool Version : Vivado v.2024.1.2 (win64) Build 5164865 Thu Sep  5 14:37:11 MDT 2024
| Date         : Tue Nov 19 16:13:19 2024
| Host         : DonGun running 64-bit major release  (build 9200)
| Command      : upgrade_ip
| Device       : xc7z007sclg400-1
---------------------------------------------------------------------------------------------------------------------------------------------

Upgrade Log for IP 'dma_PmodAD1_0_2'

1. Summary
----------

SUCCESS in the upgrade of dma_PmodAD1_0_2 (digilentinc.com:IP:PmodAD1:1.0) from (Rev. 45) to (Rev. 46)






Copyright 1986-2022 Xilinx, Inc. All Rights Reserved. Copyright 2022-2024 Advanced Micro Devices, Inc. All Rights Reserved.
---------------------------------------------------------------------------------------------------------------------------------------------
| Tool Version : Vivado v.2024.1.2 (win64) Build 5164865 Thu Sep  5 14:37:11 MDT 2024
| Date         : Tue Nov 19 16:01:20 2024
| Host         : DonGun running 64-bit major release  (build 9200)
| Command      : upgrade_ip
| Device       : xc7z007sclg400-1
---------------------------------------------------------------------------------------------------------------------------------------------

Upgrade Log for IP 'dma_PmodAD1_0_2'

1. Summary
----------

SUCCESS in the upgrade of dma_PmodAD1_0_2 (digilentinc.com:IP:PmodAD1:1.0) from (Rev. 44) to (Rev. 45)






Copyright 1986-2022 Xilinx, Inc. All Rights Reserved. Copyright 2022-2024 Advanced Micro Devices, Inc. All Rights Reserved.
---------------------------------------------------------------------------------------------------------------------------------------------
| Tool Version : Vivado v.2024.1.2 (win64) Build 5164865 Thu Sep  5 14:37:11 MDT 2024
| Date         : Tue Nov 19 15:56:20 2024
| Host         : DonGun running 64-bit major release  (build 9200)
| Command      : upgrade_ip
| Device       : xc7z007sclg400-1
---------------------------------------------------------------------------------------------------------------------------------------------

Upgrade Log for IP 'dma_PmodAD1_0_2'

1. Summary
----------

CAUTION (success, with warnings) in the upgrade of dma_PmodAD1_0_2 (digilentinc.com:IP:PmodAD1:1.0) from (Rev. 43) to (Rev. 44)

After upgrade, an IP may have parameter and port differences compared to the original customization. Please review the parameters within the IP customization GUI to ensure proper functionality. Also, please review the updated IP instantiation template to ensure proper connectivity, and update your design if required.

2. Connection Warnings
----------------------

Detected external port differences while upgrading 'dma_PmodAD1_0_2'. These changes may impact your design.


-Upgrade has removed port 'ad1_cs'

-Upgrade has removed port 'ad1_sclk'

-Upgrade has removed port 'ad1_sdin0'

-Upgrade has removed port 'ad1_sdin1'







Copyright 1986-2022 Xilinx, Inc. All Rights Reserved. Copyright 2022-2024 Advanced Micro Devices, Inc. All Rights Reserved.
---------------------------------------------------------------------------------------------------------------------------------------------
| Tool Version : Vivado v.2024.1.2 (win64) Build 5164865 Thu Sep  5 14:37:11 MDT 2024
| Date         : Tue Nov 19 15:51:31 2024
| Host         : DonGun running 64-bit major release  (build 9200)
| Command      : upgrade_ip
| Device       : xc7z007sclg400-1
---------------------------------------------------------------------------------------------------------------------------------------------

Upgrade Log for IP 'dma_PmodAD1_0_2'

1. Summary
----------

CAUTION (success, with warnings) in the upgrade of dma_PmodAD1_0_2 (digilentinc.com:IP:PmodAD1:1.0) from (Rev. 42) to (Rev. 43)

After upgrade, an IP may have parameter and port differences compared to the original customization. Please review the parameters within the IP customization GUI to ensure proper functionality. Also, please review the updated IP instantiation template to ensure proper connectivity, and update your design if required.

2. Connection Warnings
----------------------

Detected external port differences while upgrading 'dma_PmodAD1_0_2'. These changes may impact your design.


-Upgrade has added port 'ad1_cs'

-Upgrade has added port 'ad1_sclk'

-Upgrade has added port 'ad1_sdin0'

-Upgrade has added port 'ad1_sdin1'







Copyright 1986-2022 Xilinx, Inc. All Rights Reserved. Copyright 2022-2024 Advanced Micro Devices, Inc. All Rights Reserved.
---------------------------------------------------------------------------------------------------------------------------------------------
| Tool Version : Vivado v.2024.1.2 (win64) Build 5164865 Thu Sep  5 14:37:11 MDT 2024
| Date         : Tue Nov 19 15:26:49 2024
| Host         : DonGun running 64-bit major release  (build 9200)
| Command      : upgrade_ip
| Device       : xc7z007sclg400-1
---------------------------------------------------------------------------------------------------------------------------------------------

Upgrade Log for IP 'dma_PmodAD1_0_2'

1. Summary
----------

SUCCESS in the upgrade of dma_PmodAD1_0_2 (digilentinc.com:IP:PmodAD1:1.0) from (Rev. 41) to (Rev. 42)






Copyright 1986-2022 Xilinx, Inc. All Rights Reserved. Copyright 2022-2024 Advanced Micro Devices, Inc. All Rights Reserved.
---------------------------------------------------------------------------------------------------------------------------------------------
| Tool Version : Vivado v.2024.1.2 (win64) Build 5164865 Thu Sep  5 14:37:11 MDT 2024
| Date         : Tue Nov 19 15:17:23 2024
| Host         : DonGun running 64-bit major release  (build 9200)
| Command      : upgrade_ip
| Device       : xc7z007sclg400-1
---------------------------------------------------------------------------------------------------------------------------------------------

Upgrade Log for IP 'dma_PmodAD1_0_2'

1. Summary
----------

SUCCESS in the upgrade of dma_PmodAD1_0_2 (digilentinc.com:IP:PmodAD1:1.0) from (Rev. 40) to (Rev. 41)






Copyright 1986-2022 Xilinx, Inc. All Rights Reserved. Copyright 2022-2024 Advanced Micro Devices, Inc. All Rights Reserved.
---------------------------------------------------------------------------------------------------------------------------------------------
| Tool Version : Vivado v.2024.1.2 (win64) Build 5164865 Thu Sep  5 14:37:11 MDT 2024
| Date         : Tue Nov 19 15:01:10 2024
| Host         : DonGun running 64-bit major release  (build 9200)
| Command      : upgrade_ip
| Device       : xc7z007sclg400-1
---------------------------------------------------------------------------------------------------------------------------------------------

Upgrade Log for IP 'dma_PmodAD1_0_2'

1. Summary
----------

SUCCESS in the upgrade of dma_PmodAD1_0_2 (digilentinc.com:IP:PmodAD1:1.0) from (Rev. 39) to (Rev. 40)






Copyright 1986-2022 Xilinx, Inc. All Rights Reserved. Copyright 2022-2024 Advanced Micro Devices, Inc. All Rights Reserved.
---------------------------------------------------------------------------------------------------------------------------------------------
| Tool Version : Vivado v.2024.1.2 (win64) Build 5164865 Thu Sep  5 14:37:11 MDT 2024
| Date         : Tue Nov 19 14:57:21 2024
| Host         : DonGun running 64-bit major release  (build 9200)
| Command      : upgrade_ip
| Device       : xc7z007sclg400-1
---------------------------------------------------------------------------------------------------------------------------------------------

Upgrade Log for IP 'dma_PmodAD1_0_2'

1. Summary
----------

CAUTION (success, with warnings) in the upgrade of dma_PmodAD1_0_2 (digilentinc.com:IP:PmodAD1:1.0) from (Rev. 38) to (Rev. 39)

After upgrade, an IP may have parameter and port differences compared to the original customization. Please review the parameters within the IP customization GUI to ensure proper functionality. Also, please review the updated IP instantiation template to ensure proper connectivity, and update your design if required.

2. Connection Warnings
----------------------

Detected external port differences while upgrading 'dma_PmodAD1_0_2'. These changes may impact your design.


-Upgrade has renamed port 'M_AXIS_ACLK' as 'm_axis_aclk'

-Upgrade has renamed port 'M_AXIS_ARESETN' as 'm_axis_aresetn'

-Upgrade has renamed port 'M_AXIS_TDATA' as 'm_axis_tdata'

-Upgrade has renamed port 'M_AXIS_TLAST' as 'm_axis_tlast'

-Upgrade has renamed port 'M_AXIS_TREADY' as 'm_axis_tready'

-Upgrade has renamed port 'M_AXIS_TVALID' as 'm_axis_tvalid'

-Upgrade has added port 'm_axis_tstrb'







Copyright 1986-2022 Xilinx, Inc. All Rights Reserved. Copyright 2022-2024 Advanced Micro Devices, Inc. All Rights Reserved.
---------------------------------------------------------------------------------------------------------------------------------------------
| Tool Version : Vivado v.2024.1.2 (win64) Build 5164865 Thu Sep  5 14:37:11 MDT 2024
| Date         : Tue Nov 19 14:52:07 2024
| Host         : DonGun running 64-bit major release  (build 9200)
| Command      : upgrade_ip
| Device       : xc7z007sclg400-1
---------------------------------------------------------------------------------------------------------------------------------------------

Upgrade Log for IP 'dma_PmodAD1_0_2'

1. Summary
----------

SUCCESS in the upgrade of dma_PmodAD1_0_2 (digilentinc.com:IP:PmodAD1:1.0) from (Rev. 37) to (Rev. 38)






Copyright 1986-2022 Xilinx, Inc. All Rights Reserved. Copyright 2022-2024 Advanced Micro Devices, Inc. All Rights Reserved.
---------------------------------------------------------------------------------------------------------------------------------------------
| Tool Version : Vivado v.2024.1.2 (win64) Build 5164865 Thu Sep  5 14:37:11 MDT 2024
| Date         : Tue Nov 19 14:48:09 2024
| Host         : DonGun running 64-bit major release  (build 9200)
| Command      : upgrade_ip
| Device       : xc7z007sclg400-1
---------------------------------------------------------------------------------------------------------------------------------------------

Upgrade Log for IP 'dma_PmodAD1_0_2'

1. Summary
----------

SUCCESS in the upgrade of dma_PmodAD1_0_2 (digilentinc.com:IP:PmodAD1:1.0) from (Rev. 36) to (Rev. 37)






Copyright 1986-2022 Xilinx, Inc. All Rights Reserved. Copyright 2022-2024 Advanced Micro Devices, Inc. All Rights Reserved.
---------------------------------------------------------------------------------------------------------------------------------------------
| Tool Version : Vivado v.2024.1.2 (win64) Build 5164865 Thu Sep  5 14:37:11 MDT 2024
| Date         : Tue Nov 19 14:46:27 2024
| Host         : DonGun running 64-bit major release  (build 9200)
| Command      : upgrade_ip
| Device       : xc7z007sclg400-1
---------------------------------------------------------------------------------------------------------------------------------------------

Upgrade Log for IP 'dma_PmodAD1_0_2'

1. Summary
----------

SUCCESS in the upgrade of dma_PmodAD1_0_2 (digilentinc.com:IP:PmodAD1:1.0) from (Rev. 35) to (Rev. 36)






Copyright 1986-2022 Xilinx, Inc. All Rights Reserved. Copyright 2022-2024 Advanced Micro Devices, Inc. All Rights Reserved.
---------------------------------------------------------------------------------------------------------------------------------------------
| Tool Version : Vivado v.2024.1.2 (win64) Build 5164865 Thu Sep  5 14:37:11 MDT 2024
| Date         : Tue Nov 19 14:29:00 2024
| Host         : DonGun running 64-bit major release  (build 9200)
| Command      : upgrade_ip
| Device       : xc7z007sclg400-1
---------------------------------------------------------------------------------------------------------------------------------------------

Upgrade Log for IP 'dma_PmodAD1_0_2'

1. Summary
----------

CAUTION (success, with warnings) in the upgrade of dma_PmodAD1_0_2 (digilentinc.com:IP:PmodAD1:1.0) from (Rev. 34) to (Rev. 35)

After upgrade, an IP may have parameter and port differences compared to the original customization. Please review the parameters within the IP customization GUI to ensure proper functionality. Also, please review the updated IP instantiation template to ensure proper connectivity, and update your design if required.

2. Interface Information
------------------------

Detected external interface differences while upgrading 'dma_PmodAD1_0_2'.


-Upgrade has added interface 'M_AXIS' (xilinx.com:interface:axis:1.0)


3. Connection Warnings
----------------------

Detected external port differences while upgrading 'dma_PmodAD1_0_2'. These changes may impact your design.


-Upgrade has added port 'M_AXIS_ACLK'

-Upgrade has added port 'M_AXIS_ARESETN'

-Upgrade has added port 'M_AXIS_TDATA'

-Upgrade has added port 'M_AXIS_TLAST'

-Upgrade has added port 'M_AXIS_TREADY'

-Upgrade has added port 'M_AXIS_TVALID'







Copyright 1986-2022 Xilinx, Inc. All Rights Reserved. Copyright 2022-2024 Advanced Micro Devices, Inc. All Rights Reserved.
---------------------------------------------------------------------------------------------------------------------------------------------
| Tool Version : Vivado v.2024.1.2 (win64) Build 5164865 Thu Sep  5 14:37:11 MDT 2024
| Date         : Tue Nov 19 14:23:55 2024
| Host         : DonGun running 64-bit major release  (build 9200)
| Command      : upgrade_ip
| Device       : xc7z007sclg400-1
---------------------------------------------------------------------------------------------------------------------------------------------

Upgrade Log for IP 'dma_PmodAD1_0_2'

1. Summary
----------

CAUTION (success, with warnings) in the upgrade of dma_PmodAD1_0_2 (digilentinc.com:IP:PmodAD1:1.0) from (Rev. 33) to (Rev. 34)

After upgrade, an IP may have parameter and port differences compared to the original customization. Please review the parameters within the IP customization GUI to ensure proper functionality. Also, please review the updated IP instantiation template to ensure proper connectivity, and update your design if required.

2. Interface Information
------------------------

Detected external interface differences while upgrading 'dma_PmodAD1_0_2'.


-Upgrade has removed interface 'm_axis'


3. Connection Warnings
----------------------

Detected external port differences while upgrading 'dma_PmodAD1_0_2'. These changes may impact your design.


-Upgrade has removed port 'm_axis_aclk'

-Upgrade has removed port 'm_axis_aresetn'

-Upgrade has removed port 'm_axis_tdata'

-Upgrade has removed port 'm_axis_tlast'

-Upgrade has removed port 'm_axis_tready'

-Upgrade has removed port 'm_axis_tstrb'

-Upgrade has removed port 'm_axis_tvalid'







Copyright 1986-2022 Xilinx, Inc. All Rights Reserved. Copyright 2022-2024 Advanced Micro Devices, Inc. All Rights Reserved.
---------------------------------------------------------------------------------------------------------------------------------------------
| Tool Version : Vivado v.2024.1.2 (win64) Build 5164865 Thu Sep  5 14:37:11 MDT 2024
| Date         : Tue Nov 19 14:16:44 2024
| Host         : DonGun running 64-bit major release  (build 9200)
| Command      : upgrade_ip
| Device       : xc7z007sclg400-1
---------------------------------------------------------------------------------------------------------------------------------------------

Upgrade Log for IP 'dma_PmodAD1_0_2'

1. Summary
----------

SUCCESS in the upgrade of dma_PmodAD1_0_2 (digilentinc.com:IP:PmodAD1:1.0) from (Rev. 32) to (Rev. 33)






Copyright 1986-2022 Xilinx, Inc. All Rights Reserved. Copyright 2022-2024 Advanced Micro Devices, Inc. All Rights Reserved.
---------------------------------------------------------------------------------------------------------------------------------------------
| Tool Version : Vivado v.2024.1.2 (win64) Build 5164865 Thu Sep  5 14:37:11 MDT 2024
| Date         : Tue Nov 19 14:08:57 2024
| Host         : DonGun running 64-bit major release  (build 9200)
| Command      : upgrade_ip
| Device       : xc7z007sclg400-1
---------------------------------------------------------------------------------------------------------------------------------------------

Upgrade Log for IP 'dma_PmodAD1_0_2'

1. Summary
----------

CAUTION (success, with warnings) in the upgrade of dma_PmodAD1_0_2 (digilentinc.com:IP:PmodAD1:1.0) from (Rev. 31) to (Rev. 32)

After upgrade, an IP may have parameter and port differences compared to the original customization. Please review the parameters within the IP customization GUI to ensure proper functionality. Also, please review the updated IP instantiation template to ensure proper connectivity, and update your design if required.

2. Interface Information
------------------------

Detected external interface differences while upgrading 'dma_PmodAD1_0_2'.


-Upgrade has added interface 'm_axis' (xilinx.com:interface:axis:1.0)


3. Connection Warnings
----------------------

Detected external port differences while upgrading 'dma_PmodAD1_0_2'. These changes may impact your design.


-Upgrade has added port 'm_axis_aclk'

-Upgrade has added port 'm_axis_aresetn'

-Upgrade has added port 'm_axis_tdata'

-Upgrade has added port 'm_axis_tlast'

-Upgrade has added port 'm_axis_tready'

-Upgrade has added port 'm_axis_tstrb'

-Upgrade has added port 'm_axis_tvalid'







Copyright 1986-2022 Xilinx, Inc. All Rights Reserved. Copyright 2022-2024 Advanced Micro Devices, Inc. All Rights Reserved.
---------------------------------------------------------------------------------------------------------------------------------------------
| Tool Version : Vivado v.2024.1.2 (win64) Build 5164865 Thu Sep  5 14:37:11 MDT 2024
| Date         : Tue Nov 19 13:45:51 2024
| Host         : DonGun running 64-bit major release  (build 9200)
| Command      : upgrade_ip
| Device       : xc7z007sclg400-1
---------------------------------------------------------------------------------------------------------------------------------------------

Upgrade Log for IP 'dma_PmodAD1_0_1'

1. Summary
----------

SUCCESS in the update of dma_PmodAD1_0_1 (digilentinc.com:IP:PmodAD1:1.0 (Rev. 34)) to current project options.






Copyright 1986-2022 Xilinx, Inc. All Rights Reserved. Copyright 2022-2024 Advanced Micro Devices, Inc. All Rights Reserved.
---------------------------------------------------------------------------------------------------------------------------------------------
| Tool Version : Vivado v.2024.1.2 (win64) Build 5164865 Thu Sep  5 14:37:11 MDT 2024
| Date         : Tue Nov 19 13:45:16 2024
| Host         : DonGun running 64-bit major release  (build 9200)
| Command      : upgrade_ip
| Device       : xc7z007sclg400-1
---------------------------------------------------------------------------------------------------------------------------------------------

Upgrade Log for IP 'dma_PmodAD1_0_1'

1. Summary
----------

SUCCESS in the upgrade of dma_PmodAD1_0_1 (digilentinc.com:IP:PmodAD1:1.0) from (Rev. 33) to (Rev. 34)






Copyright 1986-2022 Xilinx, Inc. All Rights Reserved. Copyright 2022-2024 Advanced Micro Devices, Inc. All Rights Reserved.
---------------------------------------------------------------------------------------------------------------------------------------------
| Tool Version : Vivado v.2024.1.2 (win64) Build 5164865 Thu Sep  5 14:37:11 MDT 2024
| Date         : Tue Nov 19 13:27:01 2024
| Host         : DonGun running 64-bit major release  (build 9200)
| Command      : upgrade_ip
| Device       : xc7z007sclg400-1
---------------------------------------------------------------------------------------------------------------------------------------------

Upgrade Log for IP 'dma_PmodAD1_0_1'

1. Summary
----------

SUCCESS in the upgrade of dma_PmodAD1_0_1 (digilentinc.com:IP:PmodAD1:1.0) from (Rev. 32) to (Rev. 33)






Copyright 1986-2022 Xilinx, Inc. All Rights Reserved. Copyright 2022-2024 Advanced Micro Devices, Inc. All Rights Reserved.
---------------------------------------------------------------------------------------------------------------------------------------------
| Tool Version : Vivado v.2024.1.2 (win64) Build 5164865 Thu Sep  5 14:37:11 MDT 2024
| Date         : Tue Nov 19 13:23:30 2024
| Host         : DonGun running 64-bit major release  (build 9200)
| Command      : upgrade_ip
| Device       : xc7z007sclg400-1
---------------------------------------------------------------------------------------------------------------------------------------------

Upgrade Log for IP 'dma_PmodAD1_0_1'

1. Summary
----------

CAUTION (success, with warnings) in the upgrade of dma_PmodAD1_0_1 (digilentinc.com:IP:PmodAD1:1.0) from (Rev. 31) to (Rev. 32)

After upgrade, an IP may have parameter and port differences compared to the original customization. Please review the parameters within the IP customization GUI to ensure proper functionality. Also, please review the updated IP instantiation template to ensure proper connectivity, and update your design if required.

2. Interface Information
------------------------

Detected external interface differences while upgrading 'dma_PmodAD1_0_1'.


-Upgrade has added interface 'M_AXIS' (xilinx.com:interface:axis:1.0)


3. Connection Warnings
----------------------

Detected external port differences while upgrading 'dma_PmodAD1_0_1'. These changes may impact your design.


-Upgrade has added port 'M_AXIS_ACLK'

-Upgrade has added port 'M_AXIS_ARESETN'

-Upgrade has added port 'M_AXIS_TDATA'

-Upgrade has added port 'M_AXIS_TLAST'

-Upgrade has added port 'M_AXIS_TREADY'

-Upgrade has added port 'M_AXIS_TVALID'







Copyright 1986-2022 Xilinx, Inc. All Rights Reserved. Copyright 2022-2024 Advanced Micro Devices, Inc. All Rights Reserved.
---------------------------------------------------------------------------------------------------------------------------------------------
| Tool Version : Vivado v.2024.1.2 (win64) Build 5164865 Thu Sep  5 14:37:11 MDT 2024
| Date         : Tue Nov 19 13:16:31 2024
| Host         : DonGun running 64-bit major release  (build 9200)
| Command      : upgrade_ip
| Device       : xc7z007sclg400-1
---------------------------------------------------------------------------------------------------------------------------------------------

Upgrade Log for IP 'dma_PmodAD1_0_0'

1. Summary
----------

SUCCESS in the upgrade of dma_PmodAD1_0_0 (spicer:IP:ADC:1.0) from (Rev. 3) to (Rev. 4)






Copyright 1986-2022 Xilinx, Inc. All Rights Reserved. Copyright 2022-2024 Advanced Micro Devices, Inc. All Rights Reserved.
---------------------------------------------------------------------------------------------------------------------------------------------
| Tool Version : Vivado v.2024.1.2 (win64) Build 5164865 Thu Sep  5 14:37:11 MDT 2024
| Date         : Tue Nov 19 13:10:31 2024
| Host         : DonGun running 64-bit major release  (build 9200)
| Command      : upgrade_ip
| Device       : xc7z007sclg400-1
---------------------------------------------------------------------------------------------------------------------------------------------

Upgrade Log for IP 'dma_PmodAD1_0_0'

1. Summary
----------

SUCCESS in the upgrade of dma_PmodAD1_0_0 (spicer:IP:ADC:1.0) from (Rev. 2) to (Rev. 3)






Copyright 1986-2022 Xilinx, Inc. All Rights Reserved. Copyright 2022-2024 Advanced Micro Devices, Inc. All Rights Reserved.
---------------------------------------------------------------------------------------------------------------------------------------------
| Tool Version : Vivado v.2024.1.2 (win64) Build 5164865 Thu Sep  5 14:37:11 MDT 2024
| Date         : Tue Nov 19 12:56:52 2024
| Host         : DonGun running 64-bit major release  (build 9200)
| Command      : upgrade_ip
| Device       : xc7z007sclg400-1
---------------------------------------------------------------------------------------------------------------------------------------------

Upgrade Log for IP 'dma_PmodAD1_0_0'

1. Summary
----------

CAUTION (success, with warnings) in the upgrade of dma_PmodAD1_0_0 (spicer:IP:ADC:1.0) from (Rev. 1) to (Rev. 2)

After upgrade, an IP may have parameter and port differences compared to the original customization. Please review the parameters within the IP customization GUI to ensure proper functionality. Also, please review the updated IP instantiation template to ensure proper connectivity, and update your design if required.

2. Interface Information
------------------------

Detected external interface differences while upgrading 'dma_PmodAD1_0_0'.


-Upgrade has added interface 'M_AXIS' (xilinx.com:interface:axis:1.0)


3. Connection Warnings
----------------------

Detected external port differences while upgrading 'dma_PmodAD1_0_0'. These changes may impact your design.


-Upgrade has added port 'M_AXIS_ACLK'

-Upgrade has added port 'M_AXIS_ARESETN'

-Upgrade has added port 'M_AXIS_TDATA'

-Upgrade has added port 'M_AXIS_TLAST'

-Upgrade has added port 'M_AXIS_TREADY'

-Upgrade has added port 'M_AXIS_TVALID'







Copyright 1986-2022 Xilinx, Inc. All Rights Reserved. Copyright 2022-2024 Advanced Micro Devices, Inc. All Rights Reserved.
---------------------------------------------------------------------------------------------------------------------------------------------
| Tool Version : Vivado v.2024.1.2 (win64) Build 5164865 Thu Sep  5 14:37:11 MDT 2024
| Date         : Tue Nov 19 12:51:15 2024
| Host         : DonGun running 64-bit major release  (build 9200)
| Command      : upgrade_ip
| Device       : xc7z007sclg400-1
---------------------------------------------------------------------------------------------------------------------------------------------

Upgrade Log for IP 'dma_PmodAD1_0_0'

1. Summary
----------

SUCCESS in the update of dma_PmodAD1_0_0 (spicer:IP:ADC:1.0 (Rev. 1)) to current project options.






Copyright 1986-2022 Xilinx, Inc. All Rights Reserved. Copyright 2022-2024 Advanced Micro Devices, Inc. All Rights Reserved.
---------------------------------------------------------------------------------------------------------------------------------------------
| Tool Version : Vivado v.2024.1.2 (win64) Build 5164865 Thu Sep  5 14:37:11 MDT 2024
| Date         : Tue Nov 19 12:50:36 2024
| Host         : DonGun running 64-bit major release  (build 9200)
| Command      : upgrade_ip
| Device       : xc7z007sclg400-1
---------------------------------------------------------------------------------------------------------------------------------------------

Upgrade Log for IP 'dma_PmodAD1_0_0'

1. Summary
----------

SUCCESS in the upgrade of dma_PmodAD1_0_0 from digilentinc.com:IP:PmodAD1:1.0 (Rev. 31) to spicer:IP:ADC:1.0 (Rev. 1)

