#-----------------------------------------------------------
# Vivado v2024.1.2 (64-bit)
# SW Build 5164865 on Thu Sep  5 14:37:11 MDT 2024
# IP Build 5164407 on Fri Sep  6 08:18:11 MDT 2024
# SharedData Build 5164864 on Thu Sep 05 13:09:09 MDT 2024
# Start of session at: Wed Nov 20 16:49:49 2024
# Process ID: 29216
# Current directory: C:/Projects/ERN24004/Projects/PMOD_AD1_DMA
# Command line: vivado.exe -gui_launcher_event rodinguilauncherevent37276 C:\Projects\ERN24004\Projects\PMOD_AD1_DMA\PMOD_AD1_DMA.xpr
# Log file: C:/Projects/ERN24004/Projects/PMOD_AD1_DMA/vivado.log
# Journal file: C:/Projects/ERN24004/Projects/PMOD_AD1_DMA\vivado.jou
# Running On        :DonGun
# Platform          :Windows Server 2016 or Windows 10
# Operating System  :22631
# Processor Detail  :13th Gen Intel(R) Core(TM) i7-13700K
# CPU Frequency     :3418 MHz
# CPU Physical cores:16
# CPU Logical cores :24
# Host memory       :34124 MB
# Swap memory       :2170 MB
# Total Virtual     :36295 MB
# Available Virtual :16742 MB
#-----------------------------------------------------------
start_gui
open_project C:/Projects/ERN24004/Projects/PMOD_AD1_DMA/PMOD_AD1_DMA.xpr
WARNING: [Board 49-26] cannot add Board Part xilinx.com:vek280_es:part0:1.0 available at C:/Xilinx/Vivado/2024.1/data/xhub/boards/XilinxBoardStore/boards/Xilinx/vek280/es/rev_a/1.0/board.xml as part xcve2802-vsvh1760-2lp-e-s-es1 specified in board_part file is either invalid or not available
WARNING: [Board 49-26] cannot add Board Part xilinx.com:vek280_es:part0:1.1 available at C:/Xilinx/Vivado/2024.1/data/xhub/boards/XilinxBoardStore/boards/Xilinx/vek280/es/rev_a/1.1/board.xml as part xcve2802-vsvh1760-2lp-e-s-es1 specified in board_part file is either invalid or not available
WARNING: [Board 49-26] cannot add Board Part xilinx.com:vek280_es_revb:part0:1.0 available at C:/Xilinx/Vivado/2024.1/data/xhub/boards/XilinxBoardStore/boards/Xilinx/vek280/es/rev_b/1.0/board.xml as part xcve2802-vsvh1760-2mp-e-s-es1 specified in board_part file is either invalid or not available
WARNING: [Board 49-26] cannot add Board Part xilinx.com:vek280_es_revb:part0:1.1 available at C:/Xilinx/Vivado/2024.1/data/xhub/boards/XilinxBoardStore/boards/Xilinx/vek280/es/rev_b/1.1/board.xml as part xcve2802-vsvh1760-2mp-e-s-es1 specified in board_part file is either invalid or not available
WARNING: [Board 49-26] cannot add Board Part xilinx.com:vhk158_es:part0:1.0 available at C:/Xilinx/Vivado/2024.1/data/xhub/boards/XilinxBoardStore/boards/Xilinx/vhk158/es/1.0/board.xml as part xcvh1582-vsva3697-2mp-e-s-es1 specified in board_part file is either invalid or not available
WARNING: [Board 49-26] cannot add Board Part xilinx.com:vhk158_es:part0:1.1 available at C:/Xilinx/Vivado/2024.1/data/xhub/boards/XilinxBoardStore/boards/Xilinx/vhk158/es/1.1/board.xml as part xcvh1582-vsva3697-2mp-e-s-es1 specified in board_part file is either invalid or not available
WARNING: [Board 49-26] cannot add Board Part xilinx.com:zcu208ld:part0:2.0 available at C:/Xilinx/Vivado/2024.1/data/xhub/boards/XilinxBoardStore/boards/Xilinx/zcu208ld/production/2.0/board.xml as part xczu58dr-fsvg1517-2-i specified in board_part file is either invalid or not available
WARNING: [Board 49-26] cannot add Board Part xilinx.com:zcu216ld:part0:2.0 available at C:/Xilinx/Vivado/2024.1/data/xhub/boards/XilinxBoardStore/boards/Xilinx/zcu216ld/production/2.0/board.xml as part xczu59dr-ffvf1760-2-i specified in board_part file is either invalid or not available
WARNING: [Board 49-26] cannot add Board Part xilinx.com:zcu670ld:part0:1.0 available at C:/Xilinx/Vivado/2024.1/data/xhub/boards/XilinxBoardStore/boards/Xilinx/zcu670ld/1.0/board.xml as part xczu57dr-fsve1156-2-i specified in board_part file is either invalid or not available
Scanning sources...
Finished scanning sources
INFO: [IP_Flow 19-234] Refreshing IP repositories
INFO: [IP_Flow 19-1700] Loaded user IP repository 'c:/Projects/ERN24004/Projects/PMOD_AD1_DMA/ip_repo'.
INFO: [IP_Flow 19-2313] Loaded Vivado IP repository 'C:/Xilinx/Vivado/2024.1/data/ip'.
open_project: Time (s): cpu = 00:00:07 ; elapsed = 00:00:12 . Memory (MB): peak = 1878.398 ; gain = 622.387
update_compile_order -fileset sources_1
reset_run synth_1
INFO: [Project 1-1161] Replacing file C:/Projects/ERN24004/Projects/PMOD_AD1_DMA/PMOD_AD1_DMA.srcs/utils_1/imports/synth_1/dma_wrapper.dcp with file C:/Projects/ERN24004/Projects/PMOD_AD1_DMA/PMOD_AD1_DMA.runs/synth_1/dma_wrapper.dcp
launch_runs impl_1 -to_step write_bitstream -jobs 4
INFO: [BD 41-1662] The design 'dma.bd' is already validated. Therefore parameter propagation will not be re-run.
WARNING: [BD 41-2384] Width mismatch when connecting pin: '/axi_mem_intercon/m00_couplers/auto_pc/m_axi_rid'(1) to pin: '/axi_mem_intercon/m00_couplers/M_AXI_rid'(6) - Only lower order bits will be connected.
WARNING: [BD 41-2384] Width mismatch when connecting pin: '/axi_mem_intercon/m00_couplers/auto_pc/m_axi_bid'(1) to pin: '/axi_mem_intercon/m00_couplers/M_AXI_bid'(6) - Only lower order bits will be connected.
WARNING: [BD 41-2384] Width mismatch when connecting pin: '/axi_mem_intercon/m01_couplers/auto_pc/m_axi_rid'(1) to pin: '/axi_mem_intercon/m01_couplers/M_AXI_rid'(6) - Only lower order bits will be connected.
WARNING: [BD 41-2384] Width mismatch when connecting pin: '/axi_mem_intercon/m01_couplers/auto_pc/m_axi_bid'(1) to pin: '/axi_mem_intercon/m01_couplers/M_AXI_bid'(6) - Only lower order bits will be connected.
WARNING: [BD 41-2384] Width mismatch when connecting pin: '/processing_system7_0/S_AXI_HP0_AWID'(6) to pin: '/axi_mem_intercon/M00_AXI_awid'(1) - Only lower order bits will be connected.
WARNING: [BD 41-2384] Width mismatch when connecting pin: '/processing_system7_0/S_AXI_HP0_ARID'(6) to pin: '/axi_mem_intercon/M00_AXI_arid'(1) - Only lower order bits will be connected.
WARNING: [BD 41-2384] Width mismatch when connecting pin: '/processing_system7_0/S_AXI_HP0_WID'(6) to pin: '/axi_mem_intercon/M00_AXI_wid'(1) - Only lower order bits will be connected.
WARNING: [BD 41-2384] Width mismatch when connecting pin: '/processing_system7_0/S_AXI_HP2_AWID'(6) to pin: '/axi_mem_intercon/M01_AXI_awid'(1) - Only lower order bits will be connected.
WARNING: [BD 41-2384] Width mismatch when connecting pin: '/processing_system7_0/S_AXI_HP2_ARID'(6) to pin: '/axi_mem_intercon/M01_AXI_arid'(1) - Only lower order bits will be connected.
WARNING: [BD 41-2384] Width mismatch when connecting pin: '/processing_system7_0/S_AXI_HP2_WID'(6) to pin: '/axi_mem_intercon/M01_AXI_wid'(1) - Only lower order bits will be connected.
Verilog Output written to : c:/Projects/ERN24004/Projects/PMOD_AD1_DMA/PMOD_AD1_DMA.gen/sources_1/bd/dma/synth/dma.v
WARNING: [BD 41-2384] Width mismatch when connecting pin: '/axi_mem_intercon/m00_couplers/auto_pc/m_axi_rid'(1) to pin: '/axi_mem_intercon/m00_couplers/M_AXI_rid'(6) - Only lower order bits will be connected.
WARNING: [BD 41-2384] Width mismatch when connecting pin: '/axi_mem_intercon/m00_couplers/auto_pc/m_axi_bid'(1) to pin: '/axi_mem_intercon/m00_couplers/M_AXI_bid'(6) - Only lower order bits will be connected.
WARNING: [BD 41-2384] Width mismatch when connecting pin: '/axi_mem_intercon/m01_couplers/auto_pc/m_axi_rid'(1) to pin: '/axi_mem_intercon/m01_couplers/M_AXI_rid'(6) - Only lower order bits will be connected.
WARNING: [BD 41-2384] Width mismatch when connecting pin: '/axi_mem_intercon/m01_couplers/auto_pc/m_axi_bid'(1) to pin: '/axi_mem_intercon/m01_couplers/M_AXI_bid'(6) - Only lower order bits will be connected.
WARNING: [BD 41-2384] Width mismatch when connecting pin: '/processing_system7_0/S_AXI_HP0_AWID'(6) to pin: '/axi_mem_intercon/M00_AXI_awid'(1) - Only lower order bits will be connected.
WARNING: [BD 41-2384] Width mismatch when connecting pin: '/processing_system7_0/S_AXI_HP0_ARID'(6) to pin: '/axi_mem_intercon/M00_AXI_arid'(1) - Only lower order bits will be connected.
WARNING: [BD 41-2384] Width mismatch when connecting pin: '/processing_system7_0/S_AXI_HP0_WID'(6) to pin: '/axi_mem_intercon/M00_AXI_wid'(1) - Only lower order bits will be connected.
WARNING: [BD 41-2384] Width mismatch when connecting pin: '/processing_system7_0/S_AXI_HP2_AWID'(6) to pin: '/axi_mem_intercon/M01_AXI_awid'(1) - Only lower order bits will be connected.
WARNING: [BD 41-2384] Width mismatch when connecting pin: '/processing_system7_0/S_AXI_HP2_ARID'(6) to pin: '/axi_mem_intercon/M01_AXI_arid'(1) - Only lower order bits will be connected.
WARNING: [BD 41-2384] Width mismatch when connecting pin: '/processing_system7_0/S_AXI_HP2_WID'(6) to pin: '/axi_mem_intercon/M01_AXI_wid'(1) - Only lower order bits will be connected.
Verilog Output written to : c:/Projects/ERN24004/Projects/PMOD_AD1_DMA/PMOD_AD1_DMA.gen/sources_1/bd/dma/sim/dma.v
Verilog Output written to : c:/Projects/ERN24004/Projects/PMOD_AD1_DMA/PMOD_AD1_DMA.gen/sources_1/bd/dma/hdl/dma_wrapper.v
INFO: [BD 41-1029] Generation completed for the IP Integrator block ps7_0_axi_periph/s00_couplers/auto_pc .
INFO: [IP_Flow 19-5611] Unable to find an associated reset port for the interface 'S_AXI'. A default connection has been created.
INFO: [IP_Flow 19-5611] Unable to find an associated reset port for the interface 'M_AXI'. A default connection has been created.
INFO: [BD 41-1029] Generation completed for the IP Integrator block axi_mem_intercon/s00_couplers/auto_us .
INFO: [BD 41-1029] Generation completed for the IP Integrator block axi_mem_intercon/m00_couplers/auto_pc .
INFO: [BD 41-1029] Generation completed for the IP Integrator block axi_mem_intercon/m01_couplers/auto_pc .
CRITICAL WARNING: [IP_Flow 19-4965] IP pmod_bridge_0 was packaged with board value 'digilentinc.com:arty:part0:1.1'. Current project's board value is 'digilentinc.com:cora-z7-07s:part0:1.1'. Please update the project settings to match the packaged IP.
INFO: [IP_Flow 19-1972] Upgraded pmod_bridge_0 from Pmod Bridge 1.0 to Pmod Bridge 1.1
RUNNING BOARD.XIT
    c:/Projects/ERN24004/Projects/PMOD_AD1_DMA/PMOD_AD1_DMA.gen/sources_1/bd/dma/ip/dma_PmodAD1_0_2/src/pmod_bridge_0/pmod_bridge_0_board.xdc
INFO: [BD 41-1029] Generation completed for the IP Integrator block PmodAD1_0 .
Exporting to file c:/Projects/ERN24004/Projects/PMOD_AD1_DMA/PMOD_AD1_DMA.gen/sources_1/bd/dma/ip/dma_system_ila_0_0/bd_0/hw_handoff/dma_system_ila_0_0.hwh
Generated Hardware Definition File c:/Projects/ERN24004/Projects/PMOD_AD1_DMA/PMOD_AD1_DMA.gen/sources_1/bd/dma/ip/dma_system_ila_0_0/bd_0/synth/dma_system_ila_0_0.hwdef
Exporting to file c:/Projects/ERN24004/Projects/PMOD_AD1_DMA/PMOD_AD1_DMA.gen/sources_1/bd/dma/hw_handoff/dma.hwh
Generated Hardware Definition File c:/Projects/ERN24004/Projects/PMOD_AD1_DMA/PMOD_AD1_DMA.gen/sources_1/bd/dma/synth/dma.hwdef
[Wed Nov 20 16:50:41 2024] Launched synth_1...
Run output will be captured here: C:/Projects/ERN24004/Projects/PMOD_AD1_DMA/PMOD_AD1_DMA.runs/synth_1/runme.log
[Wed Nov 20 16:50:41 2024] Launched impl_1...
Run output will be captured here: C:/Projects/ERN24004/Projects/PMOD_AD1_DMA/PMOD_AD1_DMA.runs/impl_1/runme.log
launch_runs: Time (s): cpu = 00:00:03 ; elapsed = 00:00:13 . Memory (MB): peak = 2202.250 ; gain = 298.988
open_bd_design {C:/Projects/ERN24004/Projects/PMOD_AD1_DMA/PMOD_AD1_DMA.srcs/sources_1/bd/dma/dma.bd}
Reading block design file <C:/Projects/ERN24004/Projects/PMOD_AD1_DMA/PMOD_AD1_DMA.srcs/sources_1/bd/dma/dma.bd>...
Adding component instance block -- xilinx.com:ip:processing_system7:5.5 - processing_system7_0
Adding component instance block -- xilinx.com:ip:axi_interconnect:2.1 - ps7_0_axi_periph
Adding component instance block -- xilinx.com:ip:axi_crossbar:2.1 - xbar
Adding component instance block -- xilinx.com:ip:axi_protocol_converter:2.1 - auto_pc
Adding component instance block -- xilinx.com:ip:proc_sys_reset:5.0 - rst_ps7_0_50M
Adding component instance block -- xilinx.com:ip:axi_interconnect:2.1 - axi_mem_intercon
Adding component instance block -- xilinx.com:ip:axi_crossbar:2.1 - xbar
Adding component instance block -- xilinx.com:ip:axi_dwidth_converter:2.1 - auto_us
Adding component instance block -- xilinx.com:ip:axi_protocol_converter:2.1 - auto_pc
Adding component instance block -- xilinx.com:ip:axi_protocol_converter:2.1 - auto_pc
Adding component instance block -- xilinx.com:ip:axi_dma:7.1 - axi_dma_0
Adding component instance block -- digilentinc.com:IP:PmodAD1:1.0 - PmodAD1_0
Adding component instance block -- xilinx.com:ip:axis_data_fifo:2.0 - axis_data_fifo_0
Adding component instance block -- xilinx.com:ip:system_ila:1.1 - system_ila_0
Successfully read diagram <dma> from block design file <C:/Projects/ERN24004/Projects/PMOD_AD1_DMA/PMOD_AD1_DMA.srcs/sources_1/bd/dma/dma.bd>
ipx::edit_ip_in_project -upgrade true -name PmodAD1_v1_0_project -directory C:/Projects/ERN24004/Projects/PMOD_AD1_DMA/PMOD_AD1_DMA.tmp/PmodAD1_v1_0_project c:/Projects/ERN24004/Projects/PMOD_AD1_DMA/ip_repo/ip/Pmods/PmodAD1_v1_0/component.xml
INFO: [IP_Flow 19-234] Refreshing IP repositories
INFO: [IP_Flow 19-1704] No user IP repositories specified
INFO: [IP_Flow 19-2313] Loaded Vivado IP repository 'C:/Xilinx/Vivado/2024.1/data/ip'.
WARNING: [Board 49-26] cannot add Board Part xilinx.com:vek280_es:part0:1.0 available at C:/Xilinx/Vivado/2024.1/data/xhub/boards/XilinxBoardStore/boards/Xilinx/vek280/es/rev_a/1.0/board.xml as part xcve2802-vsvh1760-2lp-e-s-es1 specified in board_part file is either invalid or not available
WARNING: [Board 49-26] cannot add Board Part xilinx.com:vek280_es:part0:1.1 available at C:/Xilinx/Vivado/2024.1/data/xhub/boards/XilinxBoardStore/boards/Xilinx/vek280/es/rev_a/1.1/board.xml as part xcve2802-vsvh1760-2lp-e-s-es1 specified in board_part file is either invalid or not available
WARNING: [Board 49-26] cannot add Board Part xilinx.com:vek280_es_revb:part0:1.0 available at C:/Xilinx/Vivado/2024.1/data/xhub/boards/XilinxBoardStore/boards/Xilinx/vek280/es/rev_b/1.0/board.xml as part xcve2802-vsvh1760-2mp-e-s-es1 specified in board_part file is either invalid or not available
WARNING: [Board 49-26] cannot add Board Part xilinx.com:vek280_es_revb:part0:1.1 available at C:/Xilinx/Vivado/2024.1/data/xhub/boards/XilinxBoardStore/boards/Xilinx/vek280/es/rev_b/1.1/board.xml as part xcve2802-vsvh1760-2mp-e-s-es1 specified in board_part file is either invalid or not available
WARNING: [Board 49-26] cannot add Board Part xilinx.com:vhk158_es:part0:1.0 available at C:/Xilinx/Vivado/2024.1/data/xhub/boards/XilinxBoardStore/boards/Xilinx/vhk158/es/1.0/board.xml as part xcvh1582-vsva3697-2mp-e-s-es1 specified in board_part file is either invalid or not available
WARNING: [Board 49-26] cannot add Board Part xilinx.com:vhk158_es:part0:1.1 available at C:/Xilinx/Vivado/2024.1/data/xhub/boards/XilinxBoardStore/boards/Xilinx/vhk158/es/1.1/board.xml as part xcvh1582-vsva3697-2mp-e-s-es1 specified in board_part file is either invalid or not available
WARNING: [Board 49-26] cannot add Board Part xilinx.com:zcu208ld:part0:2.0 available at C:/Xilinx/Vivado/2024.1/data/xhub/boards/XilinxBoardStore/boards/Xilinx/zcu208ld/production/2.0/board.xml as part xczu58dr-fsvg1517-2-i specified in board_part file is either invalid or not available
WARNING: [Board 49-26] cannot add Board Part xilinx.com:zcu216ld:part0:2.0 available at C:/Xilinx/Vivado/2024.1/data/xhub/boards/XilinxBoardStore/boards/Xilinx/zcu216ld/production/2.0/board.xml as part xczu59dr-ffvf1760-2-i specified in board_part file is either invalid or not available
WARNING: [Board 49-26] cannot add Board Part xilinx.com:zcu670ld:part0:1.0 available at C:/Xilinx/Vivado/2024.1/data/xhub/boards/XilinxBoardStore/boards/Xilinx/zcu670ld/1.0/board.xml as part xczu57dr-fsve1156-2-i specified in board_part file is either invalid or not available
INFO: [IP_Flow 19-234] Refreshing IP repositories
INFO: [IP_Flow 19-1700] Loaded user IP repository 'c:/Projects/ERN24004/Projects/PMOD_AD1_DMA/ip_repo'.
INFO: [IP_Flow 19-795] Syncing license key meta-data
WARNING: [IP_Flow 19-3664] IP 'pmod_bridge_0' generated file not found 'c:/Projects/ERN24004/Projects/PMOD_AD1_DMA/ip_repo/ip/Pmods/PmodAD1_v1_0/src/pmod_bridge_0/pmod_bridge_0.vho'. Please regenerate to continue.
WARNING: [IP_Flow 19-3664] IP 'pmod_bridge_0' generated file not found 'c:/Projects/ERN24004/Projects/PMOD_AD1_DMA/ip_repo/ip/Pmods/PmodAD1_v1_0/src/pmod_bridge_0/pmod_bridge_0.veo'. Please regenerate to continue.
update_compile_order -fileset sources_1
current_project PMOD_AD1_DMA
write_bd_tcl -force C:/Projects/ERN24004/Projects/PMOD_AD1_DMA/pynq/dma.tcl
WARNING: [BD 41-2937] The design that will be created by this Tcl script contains the following user IPs:
/PmodAD1_0
Please add the following user repository(s):
c:/Projects/ERN24004/Projects/PMOD_AD1_DMA/ip_repo
before sourcing this Tcl script or use write_project_tcl.
INFO: [BD 5-148] Tcl file written out <C:/Projects/ERN24004/Projects/PMOD_AD1_DMA/pynq/dma.tcl>.

file copy -force C:/Projects/ERN24004/Projects/PMOD_AD1_DMA/PMOD_AD1_DMA.runs/impl_1/dma_wrapper.bit C:/Projects/ERN24004/Projects/PMOD_AD1_DMA/pynq/dma.bit
ipx::edit_ip_in_project -upgrade true -name PmodAD1_v1_0_project -directory C:/Projects/ERN24004/Projects/PMOD_AD1_DMA/PMOD_AD1_DMA.tmp/PmodAD1_v1_0_project c:/Projects/ERN24004/Projects/PMOD_AD1_DMA/ip_repo/ip/Pmods/PmodAD1_v1_0/component.xml
ERROR: [Ipptcl 7-561] A project named 'PmodAD1_v1_0_project' is already opened.
ERROR: [Common 17-39] 'ipx::edit_ip_in_project' failed due to earlier errors.
current_project PmodAD1_v1_0_project
ipx::merge_project_changes hdl_parameters [ipx::current_core]
WARNING: [IP_Flow 19-4963] pmod_bridge_0 has board value specified. The packaged IP will be restricted to usage with board 'digilentinc.com:arty:part0:1.1'
INFO: [IP_Flow 19-4657] Not packaging board specific IP generated file 'c:/Projects/ERN24004/Projects/PMOD_AD1_DMA/ip_repo/ip/Pmods/PmodAD1_v1_0/utils/board/board.xit'.
INFO: [IP_Flow 19-3166] Bus Interface 'AXI_LITE_SAMPLE': References existing memory map 'AXI_LITE_SAMPLE'.
set_property core_revision 69 [ipx::current_core]
ipx::update_source_project_archive -component [ipx::current_core]
ipx::update_checksums [ipx::current_core]
ipx::check_integrity [ipx::current_core]
WARNING: [IP_Flow 19-11889] HDL Parameter 'C_S00_AXI_DATA_WIDTH (C S00 AXI DATA WIDTH)': Order is obsolete with XGUI version >= 2.0
WARNING: [IP_Flow 19-11889] HDL Parameter 'C_S00_AXI_ADDR_WIDTH (C S00 AXI ADDR WIDTH)': Order is obsolete with XGUI version >= 2.0
WARNING: [IP_Flow 19-3507] File Group 'xilinx_verilogsynthesis (Verilog Synthesis)': The referenced subcore 'digilentinc.com:ip:pmod_bridge:1.0' is not the latest version in the IP catalog. The latest version is 'digilentinc.com:ip:pmod_bridge:1.1'.
WARNING: [IP_Flow 19-3507] File Group 'xilinx_verilogbehavioralsimulation (Verilog Simulation)': The referenced subcore 'digilentinc.com:ip:pmod_bridge:1.0' is not the latest version in the IP catalog. The latest version is 'digilentinc.com:ip:pmod_bridge:1.1'.
WARNING: [IP_Flow 19-3507] File Group 'xilinx_implementation (Implementation)': The referenced subcore 'digilentinc.com:ip:pmod_bridge:1.0' is not the latest version in the IP catalog. The latest version is 'digilentinc.com:ip:pmod_bridge:1.1'.
WARNING: [IP_Flow 19-11770] Clock interface 'AXI_LITE_SAMPLE_CLK' has no FREQ_HZ parameter.
WARNING: [IP_Flow 19-11886] Bus Interface 'Pmod_out' is not associated with any clock interface
WARNING: [IP_Flow 19-11770] Clock interface 'M_AXIS_ACLK' has no FREQ_HZ parameter.
INFO: [IP_Flow 19-2181] Payment is not required for this core.
WARNING: [IP_Flow 19-2187] The Product Guide file is missing.
INFO: [Ipptcl 7-1486] check_integrity: Integrity check passed.
ipx::save_core [ipx::current_core]
ipx::move_temp_component_back -component [ipx::current_core]
close_project
update_ip_catalog -rebuild -repo_path c:/Projects/ERN24004/Projects/PMOD_AD1_DMA/ip_repo
INFO: [IP_Flow 19-725] Reloaded user IP repository 'c:/Projects/ERN24004/Projects/PMOD_AD1_DMA/ip_repo'
report_ip_status -name ip_status 
upgrade_ip -vlnv digilentinc.com:IP:PmodAD1:1.0 [get_ips  dma_PmodAD1_0_2] -log ip_upgrade.log
Upgrading 'C:/Projects/ERN24004/Projects/PMOD_AD1_DMA/PMOD_AD1_DMA.srcs/sources_1/bd/dma/dma.bd'
INFO: [IP_Flow 19-3422] Upgraded dma_PmodAD1_0_2 (PmodAD1_v1_0 1.0) from revision 68 to revision 69
Wrote  : <C:\Projects\ERN24004\Projects\PMOD_AD1_DMA\PMOD_AD1_DMA.srcs\sources_1\bd\dma\dma.bd> 
INFO: [Coretcl 2-1525] Wrote upgrade log to 'C:/Projects/ERN24004/Projects/PMOD_AD1_DMA/ip_upgrade.log'.
export_ip_user_files -of_objects [get_ips dma_PmodAD1_0_2] -no_script -sync -force -quiet
generate_target all [get_files  C:/Projects/ERN24004/Projects/PMOD_AD1_DMA/PMOD_AD1_DMA.srcs/sources_1/bd/dma/dma.bd]
WARNING: [BD 41-1781] Updates have been made to one or more nets/interface connections marked for debug.
Debug nets, which are already connected to any ILA IP core in the block-design, will be automatically available for debug in Hardware Manager.
For unconnected Debug nets, please open synthesized design and use 'Set Up Debug' wizard to insert, modify or delete Debug Cores. 
Wrote  : <C:\Projects\ERN24004\Projects\PMOD_AD1_DMA\PMOD_AD1_DMA.srcs\sources_1\bd\dma\dma.bd> 
WARNING: [BD 41-2384] Width mismatch when connecting pin: '/axi_mem_intercon/m00_couplers/auto_pc/m_axi_rid'(1) to pin: '/axi_mem_intercon/m00_couplers/M_AXI_rid'(6) - Only lower order bits will be connected.
WARNING: [BD 41-2384] Width mismatch when connecting pin: '/axi_mem_intercon/m00_couplers/auto_pc/m_axi_bid'(1) to pin: '/axi_mem_intercon/m00_couplers/M_AXI_bid'(6) - Only lower order bits will be connected.
WARNING: [BD 41-2384] Width mismatch when connecting pin: '/axi_mem_intercon/m01_couplers/auto_pc/m_axi_rid'(1) to pin: '/axi_mem_intercon/m01_couplers/M_AXI_rid'(6) - Only lower order bits will be connected.
WARNING: [BD 41-2384] Width mismatch when connecting pin: '/axi_mem_intercon/m01_couplers/auto_pc/m_axi_bid'(1) to pin: '/axi_mem_intercon/m01_couplers/M_AXI_bid'(6) - Only lower order bits will be connected.
WARNING: [BD 41-2384] Width mismatch when connecting pin: '/processing_system7_0/S_AXI_HP0_AWID'(6) to pin: '/axi_mem_intercon/M00_AXI_awid'(1) - Only lower order bits will be connected.
WARNING: [BD 41-2384] Width mismatch when connecting pin: '/processing_system7_0/S_AXI_HP0_ARID'(6) to pin: '/axi_mem_intercon/M00_AXI_arid'(1) - Only lower order bits will be connected.
WARNING: [BD 41-2384] Width mismatch when connecting pin: '/processing_system7_0/S_AXI_HP0_WID'(6) to pin: '/axi_mem_intercon/M00_AXI_wid'(1) - Only lower order bits will be connected.
WARNING: [BD 41-2384] Width mismatch when connecting pin: '/processing_system7_0/S_AXI_HP2_AWID'(6) to pin: '/axi_mem_intercon/M01_AXI_awid'(1) - Only lower order bits will be connected.
WARNING: [BD 41-2384] Width mismatch when connecting pin: '/processing_system7_0/S_AXI_HP2_ARID'(6) to pin: '/axi_mem_intercon/M01_AXI_arid'(1) - Only lower order bits will be connected.
WARNING: [BD 41-2384] Width mismatch when connecting pin: '/processing_system7_0/S_AXI_HP2_WID'(6) to pin: '/axi_mem_intercon/M01_AXI_wid'(1) - Only lower order bits will be connected.
Verilog Output written to : c:/Projects/ERN24004/Projects/PMOD_AD1_DMA/PMOD_AD1_DMA.gen/sources_1/bd/dma/synth/dma.v
WARNING: [BD 41-2384] Width mismatch when connecting pin: '/axi_mem_intercon/m00_couplers/auto_pc/m_axi_rid'(1) to pin: '/axi_mem_intercon/m00_couplers/M_AXI_rid'(6) - Only lower order bits will be connected.
WARNING: [BD 41-2384] Width mismatch when connecting pin: '/axi_mem_intercon/m00_couplers/auto_pc/m_axi_bid'(1) to pin: '/axi_mem_intercon/m00_couplers/M_AXI_bid'(6) - Only lower order bits will be connected.
WARNING: [BD 41-2384] Width mismatch when connecting pin: '/axi_mem_intercon/m01_couplers/auto_pc/m_axi_rid'(1) to pin: '/axi_mem_intercon/m01_couplers/M_AXI_rid'(6) - Only lower order bits will be connected.
WARNING: [BD 41-2384] Width mismatch when connecting pin: '/axi_mem_intercon/m01_couplers/auto_pc/m_axi_bid'(1) to pin: '/axi_mem_intercon/m01_couplers/M_AXI_bid'(6) - Only lower order bits will be connected.
WARNING: [BD 41-2384] Width mismatch when connecting pin: '/processing_system7_0/S_AXI_HP0_AWID'(6) to pin: '/axi_mem_intercon/M00_AXI_awid'(1) - Only lower order bits will be connected.
WARNING: [BD 41-2384] Width mismatch when connecting pin: '/processing_system7_0/S_AXI_HP0_ARID'(6) to pin: '/axi_mem_intercon/M00_AXI_arid'(1) - Only lower order bits will be connected.
WARNING: [BD 41-2384] Width mismatch when connecting pin: '/processing_system7_0/S_AXI_HP0_WID'(6) to pin: '/axi_mem_intercon/M00_AXI_wid'(1) - Only lower order bits will be connected.
WARNING: [BD 41-2384] Width mismatch when connecting pin: '/processing_system7_0/S_AXI_HP2_AWID'(6) to pin: '/axi_mem_intercon/M01_AXI_awid'(1) - Only lower order bits will be connected.
WARNING: [BD 41-2384] Width mismatch when connecting pin: '/processing_system7_0/S_AXI_HP2_ARID'(6) to pin: '/axi_mem_intercon/M01_AXI_arid'(1) - Only lower order bits will be connected.
WARNING: [BD 41-2384] Width mismatch when connecting pin: '/processing_system7_0/S_AXI_HP2_WID'(6) to pin: '/axi_mem_intercon/M01_AXI_wid'(1) - Only lower order bits will be connected.
Verilog Output written to : c:/Projects/ERN24004/Projects/PMOD_AD1_DMA/PMOD_AD1_DMA.gen/sources_1/bd/dma/sim/dma.v
Verilog Output written to : c:/Projects/ERN24004/Projects/PMOD_AD1_DMA/PMOD_AD1_DMA.gen/sources_1/bd/dma/hdl/dma_wrapper.v
CRITICAL WARNING: [IP_Flow 19-4965] IP pmod_bridge_0 was packaged with board value 'digilentinc.com:arty:part0:1.1'. Current project's board value is 'digilentinc.com:cora-z7-07s:part0:1.1'. Please update the project settings to match the packaged IP.
INFO: [IP_Flow 19-1972] Upgraded pmod_bridge_0 from Pmod Bridge 1.0 to Pmod Bridge 1.1
RUNNING BOARD.XIT
    c:/Projects/ERN24004/Projects/PMOD_AD1_DMA/PMOD_AD1_DMA.gen/sources_1/bd/dma/ip/dma_PmodAD1_0_2/src/pmod_bridge_0/pmod_bridge_0_board.xdc
INFO: [BD 41-1029] Generation completed for the IP Integrator block PmodAD1_0 .
Exporting to file c:/Projects/ERN24004/Projects/PMOD_AD1_DMA/PMOD_AD1_DMA.gen/sources_1/bd/dma/ip/dma_system_ila_0_0/bd_0/hw_handoff/dma_system_ila_0_0.hwh
Generated Hardware Definition File c:/Projects/ERN24004/Projects/PMOD_AD1_DMA/PMOD_AD1_DMA.gen/sources_1/bd/dma/ip/dma_system_ila_0_0/bd_0/synth/dma_system_ila_0_0.hwdef
INFO: [BD 41-1029] Generation completed for the IP Integrator block ps7_0_axi_periph/s00_couplers/auto_pc .
INFO: [IP_Flow 19-5611] Unable to find an associated reset port for the interface 'S_AXI'. A default connection has been created.
INFO: [IP_Flow 19-5611] Unable to find an associated reset port for the interface 'M_AXI'. A default connection has been created.
INFO: [BD 41-1029] Generation completed for the IP Integrator block axi_mem_intercon/s00_couplers/auto_us .
INFO: [BD 41-1029] Generation completed for the IP Integrator block axi_mem_intercon/m00_couplers/auto_pc .
INFO: [BD 41-1029] Generation completed for the IP Integrator block axi_mem_intercon/m01_couplers/auto_pc .
Exporting to file c:/Projects/ERN24004/Projects/PMOD_AD1_DMA/PMOD_AD1_DMA.gen/sources_1/bd/dma/hw_handoff/dma.hwh
Generated Hardware Definition File c:/Projects/ERN24004/Projects/PMOD_AD1_DMA/PMOD_AD1_DMA.gen/sources_1/bd/dma/synth/dma.hwdef
generate_target: Time (s): cpu = 00:00:05 ; elapsed = 00:00:14 . Memory (MB): peak = 2544.336 ; gain = 63.887
export_ip_user_files -of_objects [get_files C:/Projects/ERN24004/Projects/PMOD_AD1_DMA/PMOD_AD1_DMA.srcs/sources_1/bd/dma/dma.bd] -no_script -sync -force -quiet
export_simulation -of_objects [get_files C:/Projects/ERN24004/Projects/PMOD_AD1_DMA/PMOD_AD1_DMA.srcs/sources_1/bd/dma/dma.bd] -directory C:/Projects/ERN24004/Projects/PMOD_AD1_DMA/PMOD_AD1_DMA.ip_user_files/sim_scripts -ip_user_files_dir C:/Projects/ERN24004/Projects/PMOD_AD1_DMA/PMOD_AD1_DMA.ip_user_files -ipstatic_source_dir C:/Projects/ERN24004/Projects/PMOD_AD1_DMA/PMOD_AD1_DMA.ip_user_files/ipstatic -lib_map_path [list {modelsim=C:/Projects/ERN24004/Projects/PMOD_AD1_DMA/PMOD_AD1_DMA.cache/compile_simlib/modelsim} {questa=C:/Projects/ERN24004/Projects/PMOD_AD1_DMA/PMOD_AD1_DMA.cache/compile_simlib/questa} {riviera=C:/Projects/ERN24004/Projects/PMOD_AD1_DMA/PMOD_AD1_DMA.cache/compile_simlib/riviera} {activehdl=C:/Projects/ERN24004/Projects/PMOD_AD1_DMA/PMOD_AD1_DMA.cache/compile_simlib/activehdl}] -use_ip_compiled_libs -force -quiet
report_ip_status -name ip_status 
reset_run synth_1
INFO: [Project 1-1161] Replacing file C:/Projects/ERN24004/Projects/PMOD_AD1_DMA/PMOD_AD1_DMA.srcs/utils_1/imports/synth_1/dma_wrapper.dcp with file C:/Projects/ERN24004/Projects/PMOD_AD1_DMA/PMOD_AD1_DMA.runs/synth_1/dma_wrapper.dcp
launch_runs impl_1 -to_step write_bitstream -jobs 4
[Thu Nov 21 08:41:55 2024] Launched synth_1...
Run output will be captured here: C:/Projects/ERN24004/Projects/PMOD_AD1_DMA/PMOD_AD1_DMA.runs/synth_1/runme.log
[Thu Nov 21 08:41:55 2024] Launched impl_1...
Run output will be captured here: C:/Projects/ERN24004/Projects/PMOD_AD1_DMA/PMOD_AD1_DMA.runs/impl_1/runme.log
write_bd_tcl -force C:/Projects/ERN24004/Projects/PMOD_AD1_DMA/PYNQ/dma.tcl
WARNING: [BD 41-2937] The design that will be created by this Tcl script contains the following user IPs:
/PmodAD1_0
Please add the following user repository(s):
c:/Projects/ERN24004/Projects/PMOD_AD1_DMA/ip_repo
before sourcing this Tcl script or use write_project_tcl.
INFO: [BD 5-148] Tcl file written out <C:/Projects/ERN24004/Projects/PMOD_AD1_DMA/PYNQ/dma.tcl>.

file copy -force C:/Projects/ERN24004/Projects/PMOD_AD1_DMA/PMOD_AD1_DMA.runs/impl_1/dma_wrapper.bit C:/Projects/ERN24004/Projects/PMOD_AD1_DMA/pynq/dma.bit
ipx::edit_ip_in_project -upgrade true -name PmodAD1_v1_0_project -directory C:/Projects/ERN24004/Projects/PMOD_AD1_DMA/PMOD_AD1_DMA.tmp/PmodAD1_v1_0_project c:/Projects/ERN24004/Projects/PMOD_AD1_DMA/ip_repo/ip/Pmods/PmodAD1_v1_0/component.xml
INFO: [IP_Flow 19-234] Refreshing IP repositories
INFO: [IP_Flow 19-1704] No user IP repositories specified
INFO: [IP_Flow 19-2313] Loaded Vivado IP repository 'C:/Xilinx/Vivado/2024.1/data/ip'.
WARNING: [Board 49-26] cannot add Board Part xilinx.com:vek280_es:part0:1.0 available at C:/Xilinx/Vivado/2024.1/data/xhub/boards/XilinxBoardStore/boards/Xilinx/vek280/es/rev_a/1.0/board.xml as part xcve2802-vsvh1760-2lp-e-s-es1 specified in board_part file is either invalid or not available
WARNING: [Board 49-26] cannot add Board Part xilinx.com:vek280_es:part0:1.1 available at C:/Xilinx/Vivado/2024.1/data/xhub/boards/XilinxBoardStore/boards/Xilinx/vek280/es/rev_a/1.1/board.xml as part xcve2802-vsvh1760-2lp-e-s-es1 specified in board_part file is either invalid or not available
WARNING: [Board 49-26] cannot add Board Part xilinx.com:vek280_es_revb:part0:1.0 available at C:/Xilinx/Vivado/2024.1/data/xhub/boards/XilinxBoardStore/boards/Xilinx/vek280/es/rev_b/1.0/board.xml as part xcve2802-vsvh1760-2mp-e-s-es1 specified in board_part file is either invalid or not available
WARNING: [Board 49-26] cannot add Board Part xilinx.com:vek280_es_revb:part0:1.1 available at C:/Xilinx/Vivado/2024.1/data/xhub/boards/XilinxBoardStore/boards/Xilinx/vek280/es/rev_b/1.1/board.xml as part xcve2802-vsvh1760-2mp-e-s-es1 specified in board_part file is either invalid or not available
WARNING: [Board 49-26] cannot add Board Part xilinx.com:vhk158_es:part0:1.0 available at C:/Xilinx/Vivado/2024.1/data/xhub/boards/XilinxBoardStore/boards/Xilinx/vhk158/es/1.0/board.xml as part xcvh1582-vsva3697-2mp-e-s-es1 specified in board_part file is either invalid or not available
WARNING: [Board 49-26] cannot add Board Part xilinx.com:vhk158_es:part0:1.1 available at C:/Xilinx/Vivado/2024.1/data/xhub/boards/XilinxBoardStore/boards/Xilinx/vhk158/es/1.1/board.xml as part xcvh1582-vsva3697-2mp-e-s-es1 specified in board_part file is either invalid or not available
WARNING: [Board 49-26] cannot add Board Part xilinx.com:zcu208ld:part0:2.0 available at C:/Xilinx/Vivado/2024.1/data/xhub/boards/XilinxBoardStore/boards/Xilinx/zcu208ld/production/2.0/board.xml as part xczu58dr-fsvg1517-2-i specified in board_part file is either invalid or not available
WARNING: [Board 49-26] cannot add Board Part xilinx.com:zcu216ld:part0:2.0 available at C:/Xilinx/Vivado/2024.1/data/xhub/boards/XilinxBoardStore/boards/Xilinx/zcu216ld/production/2.0/board.xml as part xczu59dr-ffvf1760-2-i specified in board_part file is either invalid or not available
WARNING: [Board 49-26] cannot add Board Part xilinx.com:zcu670ld:part0:1.0 available at C:/Xilinx/Vivado/2024.1/data/xhub/boards/XilinxBoardStore/boards/Xilinx/zcu670ld/1.0/board.xml as part xczu57dr-fsve1156-2-i specified in board_part file is either invalid or not available
INFO: [IP_Flow 19-234] Refreshing IP repositories
INFO: [IP_Flow 19-1700] Loaded user IP repository 'c:/Projects/ERN24004/Projects/PMOD_AD1_DMA/ip_repo'.
INFO: [IP_Flow 19-795] Syncing license key meta-data
WARNING: [IP_Flow 19-3664] IP 'pmod_bridge_0' generated file not found 'c:/Projects/ERN24004/Projects/PMOD_AD1_DMA/ip_repo/ip/Pmods/PmodAD1_v1_0/src/pmod_bridge_0/pmod_bridge_0.vho'. Please regenerate to continue.
WARNING: [IP_Flow 19-3664] IP 'pmod_bridge_0' generated file not found 'c:/Projects/ERN24004/Projects/PMOD_AD1_DMA/ip_repo/ip/Pmods/PmodAD1_v1_0/src/pmod_bridge_0/pmod_bridge_0.veo'. Please regenerate to continue.
update_compile_order -fileset sources_1
set_property core_revision 70 [ipx::current_core]
ipx::update_source_project_archive -component [ipx::current_core]
ipx::update_checksums [ipx::current_core]
ipx::check_integrity [ipx::current_core]
WARNING: [IP_Flow 19-11889] HDL Parameter 'C_S00_AXI_DATA_WIDTH (C S00 AXI DATA WIDTH)': Order is obsolete with XGUI version >= 2.0
WARNING: [IP_Flow 19-11889] HDL Parameter 'C_S00_AXI_ADDR_WIDTH (C S00 AXI ADDR WIDTH)': Order is obsolete with XGUI version >= 2.0
WARNING: [IP_Flow 19-3507] File Group 'xilinx_verilogsynthesis (Verilog Synthesis)': The referenced subcore 'digilentinc.com:ip:pmod_bridge:1.0' is not the latest version in the IP catalog. The latest version is 'digilentinc.com:ip:pmod_bridge:1.1'.
WARNING: [IP_Flow 19-3507] File Group 'xilinx_verilogbehavioralsimulation (Verilog Simulation)': The referenced subcore 'digilentinc.com:ip:pmod_bridge:1.0' is not the latest version in the IP catalog. The latest version is 'digilentinc.com:ip:pmod_bridge:1.1'.
WARNING: [IP_Flow 19-3507] File Group 'xilinx_implementation (Implementation)': The referenced subcore 'digilentinc.com:ip:pmod_bridge:1.0' is not the latest version in the IP catalog. The latest version is 'digilentinc.com:ip:pmod_bridge:1.1'.
WARNING: [IP_Flow 19-11770] Clock interface 'AXI_LITE_SAMPLE_CLK' has no FREQ_HZ parameter.
WARNING: [IP_Flow 19-11886] Bus Interface 'Pmod_out' is not associated with any clock interface
WARNING: [IP_Flow 19-11770] Clock interface 'M_AXIS_ACLK' has no FREQ_HZ parameter.
INFO: [IP_Flow 19-2181] Payment is not required for this core.
WARNING: [IP_Flow 19-2187] The Product Guide file is missing.
INFO: [Ipptcl 7-1486] check_integrity: Integrity check passed.
ipx::save_core [ipx::current_core]
ipx::move_temp_component_back -component [ipx::current_core]
close_project
update_ip_catalog -rebuild -repo_path c:/Projects/ERN24004/Projects/PMOD_AD1_DMA/ip_repo
INFO: [IP_Flow 19-725] Reloaded user IP repository 'c:/Projects/ERN24004/Projects/PMOD_AD1_DMA/ip_repo'
report_ip_status -name ip_status 
upgrade_ip -vlnv digilentinc.com:IP:PmodAD1:1.0 [get_ips  dma_PmodAD1_0_2] -log ip_upgrade.log
Upgrading 'C:/Projects/ERN24004/Projects/PMOD_AD1_DMA/PMOD_AD1_DMA.srcs/sources_1/bd/dma/dma.bd'
INFO: [IP_Flow 19-3422] Upgraded dma_PmodAD1_0_2 (PmodAD1_v1_0 1.0) from revision 69 to revision 70
Wrote  : <C:\Projects\ERN24004\Projects\PMOD_AD1_DMA\PMOD_AD1_DMA.srcs\sources_1\bd\dma\dma.bd> 
INFO: [Coretcl 2-1525] Wrote upgrade log to 'C:/Projects/ERN24004/Projects/PMOD_AD1_DMA/ip_upgrade.log'.
export_ip_user_files -of_objects [get_ips dma_PmodAD1_0_2] -no_script -sync -force -quiet
generate_target all [get_files  C:/Projects/ERN24004/Projects/PMOD_AD1_DMA/PMOD_AD1_DMA.srcs/sources_1/bd/dma/dma.bd]
WARNING: [BD 41-1781] Updates have been made to one or more nets/interface connections marked for debug.
Debug nets, which are already connected to any ILA IP core in the block-design, will be automatically available for debug in Hardware Manager.
For unconnected Debug nets, please open synthesized design and use 'Set Up Debug' wizard to insert, modify or delete Debug Cores. 
Wrote  : <C:\Projects\ERN24004\Projects\PMOD_AD1_DMA\PMOD_AD1_DMA.srcs\sources_1\bd\dma\dma.bd> 
WARNING: [BD 41-2384] Width mismatch when connecting pin: '/axi_mem_intercon/m00_couplers/auto_pc/m_axi_rid'(1) to pin: '/axi_mem_intercon/m00_couplers/M_AXI_rid'(6) - Only lower order bits will be connected.
WARNING: [BD 41-2384] Width mismatch when connecting pin: '/axi_mem_intercon/m00_couplers/auto_pc/m_axi_bid'(1) to pin: '/axi_mem_intercon/m00_couplers/M_AXI_bid'(6) - Only lower order bits will be connected.
WARNING: [BD 41-2384] Width mismatch when connecting pin: '/axi_mem_intercon/m01_couplers/auto_pc/m_axi_rid'(1) to pin: '/axi_mem_intercon/m01_couplers/M_AXI_rid'(6) - Only lower order bits will be connected.
WARNING: [BD 41-2384] Width mismatch when connecting pin: '/axi_mem_intercon/m01_couplers/auto_pc/m_axi_bid'(1) to pin: '/axi_mem_intercon/m01_couplers/M_AXI_bid'(6) - Only lower order bits will be connected.
WARNING: [BD 41-2384] Width mismatch when connecting pin: '/processing_system7_0/S_AXI_HP0_AWID'(6) to pin: '/axi_mem_intercon/M00_AXI_awid'(1) - Only lower order bits will be connected.
WARNING: [BD 41-2384] Width mismatch when connecting pin: '/processing_system7_0/S_AXI_HP0_ARID'(6) to pin: '/axi_mem_intercon/M00_AXI_arid'(1) - Only lower order bits will be connected.
WARNING: [BD 41-2384] Width mismatch when connecting pin: '/processing_system7_0/S_AXI_HP0_WID'(6) to pin: '/axi_mem_intercon/M00_AXI_wid'(1) - Only lower order bits will be connected.
WARNING: [BD 41-2384] Width mismatch when connecting pin: '/processing_system7_0/S_AXI_HP2_AWID'(6) to pin: '/axi_mem_intercon/M01_AXI_awid'(1) - Only lower order bits will be connected.
WARNING: [BD 41-2384] Width mismatch when connecting pin: '/processing_system7_0/S_AXI_HP2_ARID'(6) to pin: '/axi_mem_intercon/M01_AXI_arid'(1) - Only lower order bits will be connected.
WARNING: [BD 41-2384] Width mismatch when connecting pin: '/processing_system7_0/S_AXI_HP2_WID'(6) to pin: '/axi_mem_intercon/M01_AXI_wid'(1) - Only lower order bits will be connected.
Verilog Output written to : c:/Projects/ERN24004/Projects/PMOD_AD1_DMA/PMOD_AD1_DMA.gen/sources_1/bd/dma/synth/dma.v
WARNING: [BD 41-2384] Width mismatch when connecting pin: '/axi_mem_intercon/m00_couplers/auto_pc/m_axi_rid'(1) to pin: '/axi_mem_intercon/m00_couplers/M_AXI_rid'(6) - Only lower order bits will be connected.
WARNING: [BD 41-2384] Width mismatch when connecting pin: '/axi_mem_intercon/m00_couplers/auto_pc/m_axi_bid'(1) to pin: '/axi_mem_intercon/m00_couplers/M_AXI_bid'(6) - Only lower order bits will be connected.
WARNING: [BD 41-2384] Width mismatch when connecting pin: '/axi_mem_intercon/m01_couplers/auto_pc/m_axi_rid'(1) to pin: '/axi_mem_intercon/m01_couplers/M_AXI_rid'(6) - Only lower order bits will be connected.
WARNING: [BD 41-2384] Width mismatch when connecting pin: '/axi_mem_intercon/m01_couplers/auto_pc/m_axi_bid'(1) to pin: '/axi_mem_intercon/m01_couplers/M_AXI_bid'(6) - Only lower order bits will be connected.
WARNING: [BD 41-2384] Width mismatch when connecting pin: '/processing_system7_0/S_AXI_HP0_AWID'(6) to pin: '/axi_mem_intercon/M00_AXI_awid'(1) - Only lower order bits will be connected.
WARNING: [BD 41-2384] Width mismatch when connecting pin: '/processing_system7_0/S_AXI_HP0_ARID'(6) to pin: '/axi_mem_intercon/M00_AXI_arid'(1) - Only lower order bits will be connected.
WARNING: [BD 41-2384] Width mismatch when connecting pin: '/processing_system7_0/S_AXI_HP0_WID'(6) to pin: '/axi_mem_intercon/M00_AXI_wid'(1) - Only lower order bits will be connected.
WARNING: [BD 41-2384] Width mismatch when connecting pin: '/processing_system7_0/S_AXI_HP2_AWID'(6) to pin: '/axi_mem_intercon/M01_AXI_awid'(1) - Only lower order bits will be connected.
WARNING: [BD 41-2384] Width mismatch when connecting pin: '/processing_system7_0/S_AXI_HP2_ARID'(6) to pin: '/axi_mem_intercon/M01_AXI_arid'(1) - Only lower order bits will be connected.
WARNING: [BD 41-2384] Width mismatch when connecting pin: '/processing_system7_0/S_AXI_HP2_WID'(6) to pin: '/axi_mem_intercon/M01_AXI_wid'(1) - Only lower order bits will be connected.
Verilog Output written to : c:/Projects/ERN24004/Projects/PMOD_AD1_DMA/PMOD_AD1_DMA.gen/sources_1/bd/dma/sim/dma.v
Verilog Output written to : c:/Projects/ERN24004/Projects/PMOD_AD1_DMA/PMOD_AD1_DMA.gen/sources_1/bd/dma/hdl/dma_wrapper.v
CRITICAL WARNING: [IP_Flow 19-4965] IP pmod_bridge_0 was packaged with board value 'digilentinc.com:arty:part0:1.1'. Current project's board value is 'digilentinc.com:cora-z7-07s:part0:1.1'. Please update the project settings to match the packaged IP.
INFO: [IP_Flow 19-1972] Upgraded pmod_bridge_0 from Pmod Bridge 1.0 to Pmod Bridge 1.1
RUNNING BOARD.XIT
    c:/Projects/ERN24004/Projects/PMOD_AD1_DMA/PMOD_AD1_DMA.gen/sources_1/bd/dma/ip/dma_PmodAD1_0_2/src/pmod_bridge_0/pmod_bridge_0_board.xdc
INFO: [BD 41-1029] Generation completed for the IP Integrator block PmodAD1_0 .
Exporting to file c:/Projects/ERN24004/Projects/PMOD_AD1_DMA/PMOD_AD1_DMA.gen/sources_1/bd/dma/ip/dma_system_ila_0_0/bd_0/hw_handoff/dma_system_ila_0_0.hwh
Generated Hardware Definition File c:/Projects/ERN24004/Projects/PMOD_AD1_DMA/PMOD_AD1_DMA.gen/sources_1/bd/dma/ip/dma_system_ila_0_0/bd_0/synth/dma_system_ila_0_0.hwdef
INFO: [BD 41-1029] Generation completed for the IP Integrator block ps7_0_axi_periph/s00_couplers/auto_pc .
INFO: [IP_Flow 19-5611] Unable to find an associated reset port for the interface 'S_AXI'. A default connection has been created.
INFO: [IP_Flow 19-5611] Unable to find an associated reset port for the interface 'M_AXI'. A default connection has been created.
INFO: [BD 41-1029] Generation completed for the IP Integrator block axi_mem_intercon/s00_couplers/auto_us .
INFO: [BD 41-1029] Generation completed for the IP Integrator block axi_mem_intercon/m00_couplers/auto_pc .
INFO: [BD 41-1029] Generation completed for the IP Integrator block axi_mem_intercon/m01_couplers/auto_pc .
Exporting to file c:/Projects/ERN24004/Projects/PMOD_AD1_DMA/PMOD_AD1_DMA.gen/sources_1/bd/dma/hw_handoff/dma.hwh
Generated Hardware Definition File c:/Projects/ERN24004/Projects/PMOD_AD1_DMA/PMOD_AD1_DMA.gen/sources_1/bd/dma/synth/dma.hwdef
generate_target: Time (s): cpu = 00:00:07 ; elapsed = 00:00:12 . Memory (MB): peak = 2738.094 ; gain = 0.000
export_ip_user_files -of_objects [get_files C:/Projects/ERN24004/Projects/PMOD_AD1_DMA/PMOD_AD1_DMA.srcs/sources_1/bd/dma/dma.bd] -no_script -sync -force -quiet
export_simulation -of_objects [get_files C:/Projects/ERN24004/Projects/PMOD_AD1_DMA/PMOD_AD1_DMA.srcs/sources_1/bd/dma/dma.bd] -directory C:/Projects/ERN24004/Projects/PMOD_AD1_DMA/PMOD_AD1_DMA.ip_user_files/sim_scripts -ip_user_files_dir C:/Projects/ERN24004/Projects/PMOD_AD1_DMA/PMOD_AD1_DMA.ip_user_files -ipstatic_source_dir C:/Projects/ERN24004/Projects/PMOD_AD1_DMA/PMOD_AD1_DMA.ip_user_files/ipstatic -lib_map_path [list {modelsim=C:/Projects/ERN24004/Projects/PMOD_AD1_DMA/PMOD_AD1_DMA.cache/compile_simlib/modelsim} {questa=C:/Projects/ERN24004/Projects/PMOD_AD1_DMA/PMOD_AD1_DMA.cache/compile_simlib/questa} {riviera=C:/Projects/ERN24004/Projects/PMOD_AD1_DMA/PMOD_AD1_DMA.cache/compile_simlib/riviera} {activehdl=C:/Projects/ERN24004/Projects/PMOD_AD1_DMA/PMOD_AD1_DMA.cache/compile_simlib/activehdl}] -use_ip_compiled_libs -force -quiet
report_ip_status -name ip_status 
reset_run synth_1
INFO: [Project 1-1161] Replacing file C:/Projects/ERN24004/Projects/PMOD_AD1_DMA/PMOD_AD1_DMA.srcs/utils_1/imports/synth_1/dma_wrapper.dcp with file C:/Projects/ERN24004/Projects/PMOD_AD1_DMA/PMOD_AD1_DMA.runs/synth_1/dma_wrapper.dcp
launch_runs impl_1 -to_step write_bitstream -jobs 4
[Thu Nov 21 09:05:48 2024] Launched synth_1...
Run output will be captured here: C:/Projects/ERN24004/Projects/PMOD_AD1_DMA/PMOD_AD1_DMA.runs/synth_1/runme.log
[Thu Nov 21 09:05:48 2024] Launched impl_1...
Run output will be captured here: C:/Projects/ERN24004/Projects/PMOD_AD1_DMA/PMOD_AD1_DMA.runs/impl_1/runme.log
launch_simulation
Command: launch_simulation 
INFO: [Vivado 12-12493] Simulation top is 'dma_wrapper'
WARNING: [Vivado 12-13340] Unable to auto find GCC executables from simulator install path! (path not set)
INFO: [Vivado 12-5682] Launching behavioral simulation in 'C:/Projects/ERN24004/Projects/PMOD_AD1_DMA/PMOD_AD1_DMA.sim/sim_1/behav/xsim'
INFO: [Vivado 12-13660] Precompiled IP simulation library mode is enabled (default). The design IP libraries will be referenced from the compiled library path. Please note that if the precompiled version of the library is not found from the path or the IP is in locked state, then the library source files for these IPs will be compiled locally as part of the compile order.
INFO: [Vivado 12-4795] Using compiled simulation libraries for IPs
INFO: [SIM-utils-51] Simulation object is 'sim_1'
INFO: [SIM-utils-72] Using boost library from 'C:/Xilinx/Vivado/2024.1/tps/boost_1_72_0'
INFO: [USF-XSim-7] Finding pre-compiled libraries...
INFO: [USF-XSim-11] File 'C:/Xilinx/Vivado/2024.1/data/xsim/xsim.ini' copied to run dir:'C:/Projects/ERN24004/Projects/PMOD_AD1_DMA/PMOD_AD1_DMA.sim/sim_1/behav/xsim'
INFO: [SIM-utils-54] Inspecting design source files for 'dma_wrapper' in fileset 'sim_1'...
INFO: [USF-XSim-97] Finding global include files...
INFO: [USF-XSim-98] Fetching design files from 'sim_1'...
INFO: [USF-XSim-2] XSim::Compile design
INFO: [USF-XSim-61] Executing 'COMPILE and ANALYZE' step in 'C:/Projects/ERN24004/Projects/PMOD_AD1_DMA/PMOD_AD1_DMA.sim/sim_1/behav/xsim'
"xvlog --incr --relax -L uvm -L axi_vip_v1_1_18 -L processing_system7_vip_v1_0_20 -L xilinx_vip -prj dma_wrapper_vlog.prj"
INFO: [VRFC 10-2263] Analyzing Verilog file "C:/Projects/ERN24004/Projects/PMOD_AD1_DMA/PMOD_AD1_DMA.ip_user_files/bd/dma/ip/dma_processing_system7_0_0/sim/dma_processing_system7_0_0.v" into library xil_defaultlib
INFO: [VRFC 10-311] analyzing module dma_processing_system7_0_0
INFO: [VRFC 10-2263] Analyzing Verilog file "C:/Projects/ERN24004/Projects/PMOD_AD1_DMA/PMOD_AD1_DMA.ip_user_files/bd/dma/ip/dma_xbar_1/sim/dma_xbar_1.v" into library xil_defaultlib
INFO: [VRFC 10-311] analyzing module dma_xbar_1
INFO: [VRFC 10-2263] Analyzing Verilog file "C:/Projects/ERN24004/Projects/PMOD_AD1_DMA/PMOD_AD1_DMA.ip_user_files/bd/dma/ip/dma_xbar_0/sim/dma_xbar_0.v" into library xil_defaultlib
INFO: [VRFC 10-311] analyzing module dma_xbar_0
INFO: [VRFC 10-2263] Analyzing Verilog file "C:/Projects/ERN24004/Projects/PMOD_AD1_DMA/PMOD_AD1_DMA.gen/sources_1/bd/dma/ip/dma_PmodAD1_0_2/src/pmod_bridge_0/src/pmod_concat.v" into library xil_defaultlib
INFO: [VRFC 10-311] analyzing module pmod_concat
INFO: [VRFC 10-2263] Analyzing Verilog file "C:/Projects/ERN24004/Projects/PMOD_AD1_DMA/PMOD_AD1_DMA.ip_user_files/bd/dma/ip/dma_PmodAD1_0_2/src/pmod_bridge_0/sim/pmod_bridge_0.v" into library xil_defaultlib
INFO: [VRFC 10-311] analyzing module pmod_bridge_0
INFO: [VRFC 10-2263] Analyzing Verilog file "C:/Projects/ERN24004/Projects/PMOD_AD1_DMA/PMOD_AD1_DMA.ip_user_files/bd/dma/ipshared/569a/src/ad1_spi.v" into library xil_defaultlib
INFO: [VRFC 10-311] analyzing module ad1_spi
INFO: [VRFC 10-2263] Analyzing Verilog file "C:/Projects/ERN24004/Projects/PMOD_AD1_DMA/PMOD_AD1_DMA.gen/sources_1/bd/dma/ipshared/569a/hdl/PmodAD1_v1_0.v" into library xil_defaultlib
INFO: [VRFC 10-311] analyzing module PmodAD1_v1_0
INFO: [VRFC 10-2263] Analyzing Verilog file "C:/Projects/ERN24004/Projects/PMOD_AD1_DMA/PMOD_AD1_DMA.ip_user_files/bd/dma/ip/dma_PmodAD1_0_2/sim/dma_PmodAD1_0_2.v" into library xil_defaultlib
INFO: [VRFC 10-311] analyzing module dma_PmodAD1_0_2
INFO: [VRFC 10-2263] Analyzing Verilog file "C:/Projects/ERN24004/Projects/PMOD_AD1_DMA/PMOD_AD1_DMA.ip_user_files/bd/dma/ip/dma_axis_data_fifo_0_0/sim/dma_axis_data_fifo_0_0.v" into library xil_defaultlib
INFO: [VRFC 10-311] analyzing module dma_axis_data_fifo_0_0
INFO: [VRFC 10-2263] Analyzing Verilog file "C:/Projects/ERN24004/Projects/PMOD_AD1_DMA/PMOD_AD1_DMA.ip_user_files/bd/dma/ip/dma_system_ila_0_0/bd_0/sim/bd_ffff.v" into library xil_defaultlib
INFO: [VRFC 10-311] analyzing module bd_ffff
INFO: [VRFC 10-2263] Analyzing Verilog file "C:/Projects/ERN24004/Projects/PMOD_AD1_DMA/PMOD_AD1_DMA.ip_user_files/bd/dma/ip/dma_system_ila_0_0/bd_0/ip/ip_0/sim/bd_ffff_ila_lib_0.v" into library xil_defaultlib
INFO: [VRFC 10-311] analyzing module bd_ffff_ila_lib_0
INFO: [VRFC 10-2263] Analyzing Verilog file "C:/Projects/ERN24004/Projects/PMOD_AD1_DMA/PMOD_AD1_DMA.ip_user_files/bd/dma/ip/dma_system_ila_0_0/bd_0/ip/ip_1/bd_ffff_g_inst_0_gigantic_mux.v" into library xil_defaultlib
INFO: [VRFC 10-311] analyzing module bd_ffff_g_inst_0_gigantic_mux
INFO: [VRFC 10-2263] Analyzing Verilog file "C:/Projects/ERN24004/Projects/PMOD_AD1_DMA/PMOD_AD1_DMA.ip_user_files/bd/dma/ip/dma_system_ila_0_0/bd_0/ip/ip_1/sim/bd_ffff_g_inst_0.v" into library xil_defaultlib
INFO: [VRFC 10-311] analyzing module bd_ffff_g_inst_0
INFO: [VRFC 10-2263] Analyzing Verilog file "C:/Projects/ERN24004/Projects/PMOD_AD1_DMA/PMOD_AD1_DMA.ip_user_files/bd/dma/ip/dma_system_ila_0_0/bd_0/ip/ip_2/sim/bd_ffff_slot_0_apcs_0.v" into library xil_defaultlib
INFO: [VRFC 10-311] analyzing module bd_ffff_slot_0_apcs_0
INFO: [VRFC 10-2263] Analyzing Verilog file "C:/Projects/ERN24004/Projects/PMOD_AD1_DMA/PMOD_AD1_DMA.ip_user_files/bd/dma/ip/dma_system_ila_0_0/sim/dma_system_ila_0_0.v" into library xil_defaultlib
INFO: [VRFC 10-311] analyzing module dma_system_ila_0_0
INFO: [VRFC 10-2263] Analyzing Verilog file "C:/Projects/ERN24004/Projects/PMOD_AD1_DMA/PMOD_AD1_DMA.ip_user_files/bd/dma/ip/dma_auto_pc_0/sim/dma_auto_pc_0.v" into library xil_defaultlib
INFO: [VRFC 10-311] analyzing module dma_auto_pc_0
INFO: [VRFC 10-2263] Analyzing Verilog file "C:/Projects/ERN24004/Projects/PMOD_AD1_DMA/PMOD_AD1_DMA.ip_user_files/bd/dma/ip/dma_auto_us_0/sim/dma_auto_us_0.v" into library xil_defaultlib
INFO: [VRFC 10-311] analyzing module dma_auto_us_0
INFO: [VRFC 10-2263] Analyzing Verilog file "C:/Projects/ERN24004/Projects/PMOD_AD1_DMA/PMOD_AD1_DMA.ip_user_files/bd/dma/ip/dma_auto_pc_1/sim/dma_auto_pc_1.v" into library xil_defaultlib
INFO: [VRFC 10-311] analyzing module dma_auto_pc_1
INFO: [VRFC 10-2263] Analyzing Verilog file "C:/Projects/ERN24004/Projects/PMOD_AD1_DMA/PMOD_AD1_DMA.ip_user_files/bd/dma/ip/dma_auto_pc_2/sim/dma_auto_pc_2.v" into library xil_defaultlib
INFO: [VRFC 10-311] analyzing module dma_auto_pc_2
INFO: [VRFC 10-2263] Analyzing Verilog file "C:/Projects/ERN24004/Projects/PMOD_AD1_DMA/PMOD_AD1_DMA.ip_user_files/bd/dma/sim/dma.v" into library xil_defaultlib
INFO: [VRFC 10-311] analyzing module dma
INFO: [VRFC 10-311] analyzing module dma_axi_mem_intercon_0
INFO: [VRFC 10-311] analyzing module dma_ps7_0_axi_periph_0
INFO: [VRFC 10-311] analyzing module m00_couplers_imp_18ZVPSQ
INFO: [VRFC 10-311] analyzing module m00_couplers_imp_1EA4IN8
INFO: [VRFC 10-311] analyzing module m01_couplers_imp_T14D7L
INFO: [VRFC 10-311] analyzing module m01_couplers_imp_ZFY31B
INFO: [VRFC 10-311] analyzing module s00_couplers_imp_345CV4
INFO: [VRFC 10-311] analyzing module s00_couplers_imp_7T634U
INFO: [VRFC 10-311] analyzing module s01_couplers_imp_1HQQ1GB
INFO: [VRFC 10-2263] Analyzing Verilog file "C:/Projects/ERN24004/Projects/PMOD_AD1_DMA/PMOD_AD1_DMA.gen/sources_1/bd/dma/hdl/dma_wrapper.v" into library xil_defaultlib
INFO: [VRFC 10-311] analyzing module dma_wrapper
"xvhdl --incr --relax -prj dma_wrapper_vhdl.prj"
INFO: [USF-XSim-69] 'compile' step finished in '5' seconds
INFO: [USF-XSim-3] XSim::Elaborate design
INFO: [USF-XSim-61] Executing 'ELABORATE' step in 'C:/Projects/ERN24004/Projects/PMOD_AD1_DMA/PMOD_AD1_DMA.sim/sim_1/behav/xsim'
"xelab --incr --debug typical --relax --mt 2 -L xil_defaultlib -L axi_infrastructure_v1_1_0 -L axi_vip_v1_1_18 -L processing_system7_vip_v1_0_20 -L generic_baseblocks_v2_1_2 -L axi_register_slice_v2_1_32 -L fifo_generator_v13_2_10 -L axi_data_fifo_v2_1_31 -L axi_crossbar_v2_1_33 -L lib_cdc_v1_0_3 -L proc_sys_reset_v5_0_15 -L lib_pkg_v1_0_4 -L lib_fifo_v1_0_19 -L lib_srl_fifo_v1_0_4 -L axi_datamover_v5_1_34 -L axi_sg_v4_1_18 -L axi_dma_v7_1_33 -L axis_infrastructure_v1_1_1 -L axis_data_fifo_v2_0_14 -L gigantic_mux -L axis_protocol_checker_v2_0_16 -L axi_protocol_converter_v2_1_32 -L axi_clock_converter_v2_1_31 -L blk_mem_gen_v8_4_8 -L axi_dwidth_converter_v2_1_32 -L uvm -L xilinx_vip -L unisims_ver -L unimacro_ver -L secureip -L xpm --snapshot dma_wrapper_behav xil_defaultlib.dma_wrapper xil_defaultlib.glbl -log elaborate.log"
Vivado Simulator v2024.1.2
Copyright 1986-2022 Xilinx, Inc. All Rights Reserved.
Copyright 2022-2024 Advanced Micro Devices, Inc. All Rights Reserved.
Running: C:/Xilinx/Vivado/2024.1/bin/unwrapped/win64.o/xelab.exe --incr --debug typical --relax --mt 2 -L xil_defaultlib -L axi_infrastructure_v1_1_0 -L axi_vip_v1_1_18 -L processing_system7_vip_v1_0_20 -L generic_baseblocks_v2_1_2 -L axi_register_slice_v2_1_32 -L fifo_generator_v13_2_10 -L axi_data_fifo_v2_1_31 -L axi_crossbar_v2_1_33 -L lib_cdc_v1_0_3 -L proc_sys_reset_v5_0_15 -L lib_pkg_v1_0_4 -L lib_fifo_v1_0_19 -L lib_srl_fifo_v1_0_4 -L axi_datamover_v5_1_34 -L axi_sg_v4_1_18 -L axi_dma_v7_1_33 -L axis_infrastructure_v1_1_1 -L axis_data_fifo_v2_0_14 -L gigantic_mux -L axis_protocol_checker_v2_0_16 -L axi_protocol_converter_v2_1_32 -L axi_clock_converter_v2_1_31 -L blk_mem_gen_v8_4_8 -L axi_dwidth_converter_v2_1_32 -L uvm -L xilinx_vip -L unisims_ver -L unimacro_ver -L secureip -L xpm --snapshot dma_wrapper_behav xil_defaultlib.dma_wrapper xil_defaultlib.glbl -log elaborate.log 
Using 2 slave threads.
Starting static elaboration
Pass Through NonSizing Optimizer
ERROR: [VRFC 10-2063] Module <processing_system7_vip_v1_0_19> not found while processing module instance <inst> [C:/Projects/ERN24004/Projects/PMOD_AD1_DMA/PMOD_AD1_DMA.ip_user_files/bd/dma/ip/dma_processing_system7_0_0/sim/dma_processing_system7_0_0.v:371]
ERROR: [XSIM 43-3322] Static elaboration of top level Verilog design unit(s) in library work failed.
INFO: [USF-XSim-69] 'elaborate' step finished in '3' seconds
INFO: [USF-XSim-99] Step results log file:'C:/Projects/ERN24004/Projects/PMOD_AD1_DMA/PMOD_AD1_DMA.sim/sim_1/behav/xsim/elaborate.log'
ERROR: [USF-XSim-62] 'elaborate' step failed with error(s). Please check the Tcl console output or 'C:/Projects/ERN24004/Projects/PMOD_AD1_DMA/PMOD_AD1_DMA.sim/sim_1/behav/xsim/elaborate.log' file for more information.
ERROR: [Vivado 12-4473] Detected error while running simulation. Please correct the issue and retry this operation.
launch_simulation: Time (s): cpu = 00:00:01 ; elapsed = 00:00:10 . Memory (MB): peak = 2738.094 ; gain = 0.000
ERROR: [Common 17-39] 'launch_simulation' failed due to earlier errors.
write_bd_tcl -force C:/Projects/ERN24004/Projects/PMOD_AD1_DMA/pynq/dma.tcl
WARNING: [BD 41-2937] The design that will be created by this Tcl script contains the following user IPs:
/PmodAD1_0
Please add the following user repository(s):
c:/Projects/ERN24004/Projects/PMOD_AD1_DMA/ip_repo
before sourcing this Tcl script or use write_project_tcl.
INFO: [BD 5-148] Tcl file written out <C:/Projects/ERN24004/Projects/PMOD_AD1_DMA/pynq/dma.tcl>.

file copy -force C:/Projects/ERN24004/Projects/PMOD_AD1_DMA/PMOD_AD1_DMA.runs/impl_1/dma_wrapper.bit C:/Projects/ERN24004/Projects/PMOD_AD1_DMA/pynq/dma.bit
ipx::edit_ip_in_project -upgrade true -name PmodAD1_v1_0_project -directory C:/Projects/ERN24004/Projects/PMOD_AD1_DMA/PMOD_AD1_DMA.tmp/PmodAD1_v1_0_project c:/Projects/ERN24004/Projects/PMOD_AD1_DMA/ip_repo/ip/Pmods/PmodAD1_v1_0/component.xml
INFO: [IP_Flow 19-234] Refreshing IP repositories
INFO: [IP_Flow 19-1704] No user IP repositories specified
INFO: [IP_Flow 19-2313] Loaded Vivado IP repository 'C:/Xilinx/Vivado/2024.1/data/ip'.
WARNING: [Board 49-26] cannot add Board Part xilinx.com:vek280_es:part0:1.0 available at C:/Xilinx/Vivado/2024.1/data/xhub/boards/XilinxBoardStore/boards/Xilinx/vek280/es/rev_a/1.0/board.xml as part xcve2802-vsvh1760-2lp-e-s-es1 specified in board_part file is either invalid or not available
WARNING: [Board 49-26] cannot add Board Part xilinx.com:vek280_es:part0:1.1 available at C:/Xilinx/Vivado/2024.1/data/xhub/boards/XilinxBoardStore/boards/Xilinx/vek280/es/rev_a/1.1/board.xml as part xcve2802-vsvh1760-2lp-e-s-es1 specified in board_part file is either invalid or not available
WARNING: [Board 49-26] cannot add Board Part xilinx.com:vek280_es_revb:part0:1.0 available at C:/Xilinx/Vivado/2024.1/data/xhub/boards/XilinxBoardStore/boards/Xilinx/vek280/es/rev_b/1.0/board.xml as part xcve2802-vsvh1760-2mp-e-s-es1 specified in board_part file is either invalid or not available
WARNING: [Board 49-26] cannot add Board Part xilinx.com:vek280_es_revb:part0:1.1 available at C:/Xilinx/Vivado/2024.1/data/xhub/boards/XilinxBoardStore/boards/Xilinx/vek280/es/rev_b/1.1/board.xml as part xcve2802-vsvh1760-2mp-e-s-es1 specified in board_part file is either invalid or not available
WARNING: [Board 49-26] cannot add Board Part xilinx.com:vhk158_es:part0:1.0 available at C:/Xilinx/Vivado/2024.1/data/xhub/boards/XilinxBoardStore/boards/Xilinx/vhk158/es/1.0/board.xml as part xcvh1582-vsva3697-2mp-e-s-es1 specified in board_part file is either invalid or not available
WARNING: [Board 49-26] cannot add Board Part xilinx.com:vhk158_es:part0:1.1 available at C:/Xilinx/Vivado/2024.1/data/xhub/boards/XilinxBoardStore/boards/Xilinx/vhk158/es/1.1/board.xml as part xcvh1582-vsva3697-2mp-e-s-es1 specified in board_part file is either invalid or not available
WARNING: [Board 49-26] cannot add Board Part xilinx.com:zcu208ld:part0:2.0 available at C:/Xilinx/Vivado/2024.1/data/xhub/boards/XilinxBoardStore/boards/Xilinx/zcu208ld/production/2.0/board.xml as part xczu58dr-fsvg1517-2-i specified in board_part file is either invalid or not available
WARNING: [Board 49-26] cannot add Board Part xilinx.com:zcu216ld:part0:2.0 available at C:/Xilinx/Vivado/2024.1/data/xhub/boards/XilinxBoardStore/boards/Xilinx/zcu216ld/production/2.0/board.xml as part xczu59dr-ffvf1760-2-i specified in board_part file is either invalid or not available
WARNING: [Board 49-26] cannot add Board Part xilinx.com:zcu670ld:part0:1.0 available at C:/Xilinx/Vivado/2024.1/data/xhub/boards/XilinxBoardStore/boards/Xilinx/zcu670ld/1.0/board.xml as part xczu57dr-fsve1156-2-i specified in board_part file is either invalid or not available
INFO: [IP_Flow 19-234] Refreshing IP repositories
INFO: [IP_Flow 19-1700] Loaded user IP repository 'c:/Projects/ERN24004/Projects/PMOD_AD1_DMA/ip_repo'.
INFO: [IP_Flow 19-795] Syncing license key meta-data
WARNING: [IP_Flow 19-3664] IP 'pmod_bridge_0' generated file not found 'c:/Projects/ERN24004/Projects/PMOD_AD1_DMA/ip_repo/ip/Pmods/PmodAD1_v1_0/src/pmod_bridge_0/pmod_bridge_0.vho'. Please regenerate to continue.
WARNING: [IP_Flow 19-3664] IP 'pmod_bridge_0' generated file not found 'c:/Projects/ERN24004/Projects/PMOD_AD1_DMA/ip_repo/ip/Pmods/PmodAD1_v1_0/src/pmod_bridge_0/pmod_bridge_0.veo'. Please regenerate to continue.
update_compile_order -fileset sources_1
close_project
report_ip_status -name ip_status 
update_ip_catalog -rebuild -scan_changes
INFO: [IP_Flow 19-234] Refreshing IP repositories
INFO: [IP_Flow 19-1700] Loaded user IP repository 'c:/Projects/ERN24004/Projects/PMOD_AD1_DMA/ip_repo'.
report_ip_status -name ip_status
upgrade_ip -vlnv digilentinc.com:IP:PmodAD1:1.0 [get_ips  dma_PmodAD1_0_2] -log ip_upgrade.log
Upgrading 'C:/Projects/ERN24004/Projects/PMOD_AD1_DMA/PMOD_AD1_DMA.srcs/sources_1/bd/dma/dma.bd'
INFO: [IP_Flow 19-3420] Updated dma_PmodAD1_0_2 to use current project options
Wrote  : <C:\Projects\ERN24004\Projects\PMOD_AD1_DMA\PMOD_AD1_DMA.srcs\sources_1\bd\dma\dma.bd> 
INFO: [Coretcl 2-1525] Wrote upgrade log to 'C:/Projects/ERN24004/Projects/PMOD_AD1_DMA/ip_upgrade.log'.
export_ip_user_files -of_objects [get_ips dma_PmodAD1_0_2] -no_script -sync -force -quiet
generate_target all [get_files  C:/Projects/ERN24004/Projects/PMOD_AD1_DMA/PMOD_AD1_DMA.srcs/sources_1/bd/dma/dma.bd]
WARNING: [BD 41-1781] Updates have been made to one or more nets/interface connections marked for debug.
Debug nets, which are already connected to any ILA IP core in the block-design, will be automatically available for debug in Hardware Manager.
For unconnected Debug nets, please open synthesized design and use 'Set Up Debug' wizard to insert, modify or delete Debug Cores. 
Wrote  : <C:\Projects\ERN24004\Projects\PMOD_AD1_DMA\PMOD_AD1_DMA.srcs\sources_1\bd\dma\dma.bd> 
WARNING: [BD 41-2384] Width mismatch when connecting pin: '/axi_mem_intercon/m00_couplers/auto_pc/m_axi_rid'(1) to pin: '/axi_mem_intercon/m00_couplers/M_AXI_rid'(6) - Only lower order bits will be connected.
WARNING: [BD 41-2384] Width mismatch when connecting pin: '/axi_mem_intercon/m00_couplers/auto_pc/m_axi_bid'(1) to pin: '/axi_mem_intercon/m00_couplers/M_AXI_bid'(6) - Only lower order bits will be connected.
WARNING: [BD 41-2384] Width mismatch when connecting pin: '/axi_mem_intercon/m01_couplers/auto_pc/m_axi_rid'(1) to pin: '/axi_mem_intercon/m01_couplers/M_AXI_rid'(6) - Only lower order bits will be connected.
WARNING: [BD 41-2384] Width mismatch when connecting pin: '/axi_mem_intercon/m01_couplers/auto_pc/m_axi_bid'(1) to pin: '/axi_mem_intercon/m01_couplers/M_AXI_bid'(6) - Only lower order bits will be connected.
WARNING: [BD 41-2384] Width mismatch when connecting pin: '/processing_system7_0/S_AXI_HP0_AWID'(6) to pin: '/axi_mem_intercon/M00_AXI_awid'(1) - Only lower order bits will be connected.
WARNING: [BD 41-2384] Width mismatch when connecting pin: '/processing_system7_0/S_AXI_HP0_ARID'(6) to pin: '/axi_mem_intercon/M00_AXI_arid'(1) - Only lower order bits will be connected.
WARNING: [BD 41-2384] Width mismatch when connecting pin: '/processing_system7_0/S_AXI_HP0_WID'(6) to pin: '/axi_mem_intercon/M00_AXI_wid'(1) - Only lower order bits will be connected.
WARNING: [BD 41-2384] Width mismatch when connecting pin: '/processing_system7_0/S_AXI_HP2_AWID'(6) to pin: '/axi_mem_intercon/M01_AXI_awid'(1) - Only lower order bits will be connected.
WARNING: [BD 41-2384] Width mismatch when connecting pin: '/processing_system7_0/S_AXI_HP2_ARID'(6) to pin: '/axi_mem_intercon/M01_AXI_arid'(1) - Only lower order bits will be connected.
WARNING: [BD 41-2384] Width mismatch when connecting pin: '/processing_system7_0/S_AXI_HP2_WID'(6) to pin: '/axi_mem_intercon/M01_AXI_wid'(1) - Only lower order bits will be connected.
Verilog Output written to : c:/Projects/ERN24004/Projects/PMOD_AD1_DMA/PMOD_AD1_DMA.gen/sources_1/bd/dma/synth/dma.v
WARNING: [BD 41-2384] Width mismatch when connecting pin: '/axi_mem_intercon/m00_couplers/auto_pc/m_axi_rid'(1) to pin: '/axi_mem_intercon/m00_couplers/M_AXI_rid'(6) - Only lower order bits will be connected.
WARNING: [BD 41-2384] Width mismatch when connecting pin: '/axi_mem_intercon/m00_couplers/auto_pc/m_axi_bid'(1) to pin: '/axi_mem_intercon/m00_couplers/M_AXI_bid'(6) - Only lower order bits will be connected.
WARNING: [BD 41-2384] Width mismatch when connecting pin: '/axi_mem_intercon/m01_couplers/auto_pc/m_axi_rid'(1) to pin: '/axi_mem_intercon/m01_couplers/M_AXI_rid'(6) - Only lower order bits will be connected.
WARNING: [BD 41-2384] Width mismatch when connecting pin: '/axi_mem_intercon/m01_couplers/auto_pc/m_axi_bid'(1) to pin: '/axi_mem_intercon/m01_couplers/M_AXI_bid'(6) - Only lower order bits will be connected.
WARNING: [BD 41-2384] Width mismatch when connecting pin: '/processing_system7_0/S_AXI_HP0_AWID'(6) to pin: '/axi_mem_intercon/M00_AXI_awid'(1) - Only lower order bits will be connected.
WARNING: [BD 41-2384] Width mismatch when connecting pin: '/processing_system7_0/S_AXI_HP0_ARID'(6) to pin: '/axi_mem_intercon/M00_AXI_arid'(1) - Only lower order bits will be connected.
WARNING: [BD 41-2384] Width mismatch when connecting pin: '/processing_system7_0/S_AXI_HP0_WID'(6) to pin: '/axi_mem_intercon/M00_AXI_wid'(1) - Only lower order bits will be connected.
WARNING: [BD 41-2384] Width mismatch when connecting pin: '/processing_system7_0/S_AXI_HP2_AWID'(6) to pin: '/axi_mem_intercon/M01_AXI_awid'(1) - Only lower order bits will be connected.
WARNING: [BD 41-2384] Width mismatch when connecting pin: '/processing_system7_0/S_AXI_HP2_ARID'(6) to pin: '/axi_mem_intercon/M01_AXI_arid'(1) - Only lower order bits will be connected.
WARNING: [BD 41-2384] Width mismatch when connecting pin: '/processing_system7_0/S_AXI_HP2_WID'(6) to pin: '/axi_mem_intercon/M01_AXI_wid'(1) - Only lower order bits will be connected.
Verilog Output written to : c:/Projects/ERN24004/Projects/PMOD_AD1_DMA/PMOD_AD1_DMA.gen/sources_1/bd/dma/sim/dma.v
Verilog Output written to : c:/Projects/ERN24004/Projects/PMOD_AD1_DMA/PMOD_AD1_DMA.gen/sources_1/bd/dma/hdl/dma_wrapper.v
CRITICAL WARNING: [IP_Flow 19-4965] IP pmod_bridge_0 was packaged with board value 'digilentinc.com:arty:part0:1.1'. Current project's board value is 'digilentinc.com:cora-z7-07s:part0:1.1'. Please update the project settings to match the packaged IP.
INFO: [IP_Flow 19-1972] Upgraded pmod_bridge_0 from Pmod Bridge 1.0 to Pmod Bridge 1.1
RUNNING BOARD.XIT
    c:/Projects/ERN24004/Projects/PMOD_AD1_DMA/PMOD_AD1_DMA.gen/sources_1/bd/dma/ip/dma_PmodAD1_0_2/src/pmod_bridge_0/pmod_bridge_0_board.xdc
INFO: [BD 41-1029] Generation completed for the IP Integrator block PmodAD1_0 .
Exporting to file c:/Projects/ERN24004/Projects/PMOD_AD1_DMA/PMOD_AD1_DMA.gen/sources_1/bd/dma/ip/dma_system_ila_0_0/bd_0/hw_handoff/dma_system_ila_0_0.hwh
Generated Hardware Definition File c:/Projects/ERN24004/Projects/PMOD_AD1_DMA/PMOD_AD1_DMA.gen/sources_1/bd/dma/ip/dma_system_ila_0_0/bd_0/synth/dma_system_ila_0_0.hwdef
INFO: [BD 41-1029] Generation completed for the IP Integrator block ps7_0_axi_periph/s00_couplers/auto_pc .
INFO: [IP_Flow 19-5611] Unable to find an associated reset port for the interface 'S_AXI'. A default connection has been created.
INFO: [IP_Flow 19-5611] Unable to find an associated reset port for the interface 'M_AXI'. A default connection has been created.
INFO: [BD 41-1029] Generation completed for the IP Integrator block axi_mem_intercon/s00_couplers/auto_us .
INFO: [BD 41-1029] Generation completed for the IP Integrator block axi_mem_intercon/m00_couplers/auto_pc .
INFO: [BD 41-1029] Generation completed for the IP Integrator block axi_mem_intercon/m01_couplers/auto_pc .
Exporting to file c:/Projects/ERN24004/Projects/PMOD_AD1_DMA/PMOD_AD1_DMA.gen/sources_1/bd/dma/hw_handoff/dma.hwh
Generated Hardware Definition File c:/Projects/ERN24004/Projects/PMOD_AD1_DMA/PMOD_AD1_DMA.gen/sources_1/bd/dma/synth/dma.hwdef
generate_target: Time (s): cpu = 00:00:06 ; elapsed = 00:00:13 . Memory (MB): peak = 2738.094 ; gain = 0.000
export_ip_user_files -of_objects [get_files C:/Projects/ERN24004/Projects/PMOD_AD1_DMA/PMOD_AD1_DMA.srcs/sources_1/bd/dma/dma.bd] -no_script -sync -force -quiet
export_simulation -of_objects [get_files C:/Projects/ERN24004/Projects/PMOD_AD1_DMA/PMOD_AD1_DMA.srcs/sources_1/bd/dma/dma.bd] -directory C:/Projects/ERN24004/Projects/PMOD_AD1_DMA/PMOD_AD1_DMA.ip_user_files/sim_scripts -ip_user_files_dir C:/Projects/ERN24004/Projects/PMOD_AD1_DMA/PMOD_AD1_DMA.ip_user_files -ipstatic_source_dir C:/Projects/ERN24004/Projects/PMOD_AD1_DMA/PMOD_AD1_DMA.ip_user_files/ipstatic -lib_map_path [list {modelsim=C:/Projects/ERN24004/Projects/PMOD_AD1_DMA/PMOD_AD1_DMA.cache/compile_simlib/modelsim} {questa=C:/Projects/ERN24004/Projects/PMOD_AD1_DMA/PMOD_AD1_DMA.cache/compile_simlib/questa} {riviera=C:/Projects/ERN24004/Projects/PMOD_AD1_DMA/PMOD_AD1_DMA.cache/compile_simlib/riviera} {activehdl=C:/Projects/ERN24004/Projects/PMOD_AD1_DMA/PMOD_AD1_DMA.cache/compile_simlib/activehdl}] -use_ip_compiled_libs -force -quiet
exit
INFO: [Common 17-206] Exiting Vivado at Thu Nov 21 09:18:07 2024...
