#-----------------------------------------------------------
# Vivado v2024.1.2 (64-bit)
# SW Build 5164865 on Thu Sep  5 14:37:11 MDT 2024
# IP Build 5164407 on Fri Sep  6 08:18:11 MDT 2024
# SharedData Build 5164864 on Thu Sep 05 13:09:09 MDT 2024
# Start of session at: Tue Nov 19 13:50:55 2024
# Process ID: 6212
# Current directory: C:/Projects/ERN24004/Projects/PMOD_AD1_DMA
# Command line: vivado.exe -gui_launcher_event rodinguilauncherevent9372 C:\Projects\ERN24004\Projects\PMOD_AD1_DMA\PMOD_AD1_DMA.xpr
# Log file: C:/Projects/ERN24004/Projects/PMOD_AD1_DMA/vivado.log
# Journal file: C:/Projects/ERN24004/Projects/PMOD_AD1_DMA\vivado.jou
# Running On        :DonGun
# Platform          :Windows Server 2016 or Windows 10
# Operating System  :22631
# Processor Detail  :13th Gen Intel(R) Core(TM) i7-13700K
# CPU Frequency     :3418 MHz
# CPU Physical cores:16
# CPU Logical cores :24
# Host memory       :34124 MB
# Swap memory       :2147 MB
# Total Virtual     :36272 MB
# Available Virtual :9183 MB
#-----------------------------------------------------------
start_gui
open_project C:/Projects/ERN24004/Projects/PMOD_AD1_DMA/PMOD_AD1_DMA.xpr
WARNING: [Board 49-26] cannot add Board Part xilinx.com:vek280_es:part0:1.0 available at C:/Xilinx/Vivado/2024.1/data/xhub/boards/XilinxBoardStore/boards/Xilinx/vek280/es/rev_a/1.0/board.xml as part xcve2802-vsvh1760-2lp-e-s-es1 specified in board_part file is either invalid or not available
WARNING: [Board 49-26] cannot add Board Part xilinx.com:vek280_es:part0:1.1 available at C:/Xilinx/Vivado/2024.1/data/xhub/boards/XilinxBoardStore/boards/Xilinx/vek280/es/rev_a/1.1/board.xml as part xcve2802-vsvh1760-2lp-e-s-es1 specified in board_part file is either invalid or not available
WARNING: [Board 49-26] cannot add Board Part xilinx.com:vek280_es_revb:part0:1.0 available at C:/Xilinx/Vivado/2024.1/data/xhub/boards/XilinxBoardStore/boards/Xilinx/vek280/es/rev_b/1.0/board.xml as part xcve2802-vsvh1760-2mp-e-s-es1 specified in board_part file is either invalid or not available
WARNING: [Board 49-26] cannot add Board Part xilinx.com:vek280_es_revb:part0:1.1 available at C:/Xilinx/Vivado/2024.1/data/xhub/boards/XilinxBoardStore/boards/Xilinx/vek280/es/rev_b/1.1/board.xml as part xcve2802-vsvh1760-2mp-e-s-es1 specified in board_part file is either invalid or not available
WARNING: [Board 49-26] cannot add Board Part xilinx.com:vhk158_es:part0:1.0 available at C:/Xilinx/Vivado/2024.1/data/xhub/boards/XilinxBoardStore/boards/Xilinx/vhk158/es/1.0/board.xml as part xcvh1582-vsva3697-2mp-e-s-es1 specified in board_part file is either invalid or not available
WARNING: [Board 49-26] cannot add Board Part xilinx.com:vhk158_es:part0:1.1 available at C:/Xilinx/Vivado/2024.1/data/xhub/boards/XilinxBoardStore/boards/Xilinx/vhk158/es/1.1/board.xml as part xcvh1582-vsva3697-2mp-e-s-es1 specified in board_part file is either invalid or not available
WARNING: [Board 49-26] cannot add Board Part xilinx.com:zcu208ld:part0:2.0 available at C:/Xilinx/Vivado/2024.1/data/xhub/boards/XilinxBoardStore/boards/Xilinx/zcu208ld/production/2.0/board.xml as part xczu58dr-fsvg1517-2-i specified in board_part file is either invalid or not available
WARNING: [Board 49-26] cannot add Board Part xilinx.com:zcu216ld:part0:2.0 available at C:/Xilinx/Vivado/2024.1/data/xhub/boards/XilinxBoardStore/boards/Xilinx/zcu216ld/production/2.0/board.xml as part xczu59dr-ffvf1760-2-i specified in board_part file is either invalid or not available
WARNING: [Board 49-26] cannot add Board Part xilinx.com:zcu670ld:part0:1.0 available at C:/Xilinx/Vivado/2024.1/data/xhub/boards/XilinxBoardStore/boards/Xilinx/zcu670ld/1.0/board.xml as part xczu57dr-fsve1156-2-i specified in board_part file is either invalid or not available
Scanning sources...
Finished scanning sources
INFO: [IP_Flow 19-234] Refreshing IP repositories
INFO: [IP_Flow 19-1700] Loaded user IP repository 'c:/Projects/ERN24004/Projects/PMOD_AD1_DMA/ip_repo'.
INFO: [IP_Flow 19-2313] Loaded Vivado IP repository 'C:/Xilinx/Vivado/2024.1/data/ip'.
WARNING: [BD 41-1661] One or more IPs have been locked in the design 'dma.bd'. Please run report_ip_status for more details and recommendations on how to fix this issue.
List of locked IPs:
dma_PmodAD1_0_1

open_project: Time (s): cpu = 00:00:09 ; elapsed = 00:00:13 . Memory (MB): peak = 1830.742 ; gain = 567.043
open_bd_design {C:/Projects/ERN24004/Projects/PMOD_AD1_DMA/PMOD_AD1_DMA.srcs/sources_1/bd/dma/dma.bd}
Reading block design file <C:/Projects/ERN24004/Projects/PMOD_AD1_DMA/PMOD_AD1_DMA.srcs/sources_1/bd/dma/dma.bd>...
Adding component instance block -- xilinx.com:ip:processing_system7:5.5 - processing_system7_0
Adding component instance block -- xilinx.com:ip:axi_interconnect:2.1 - ps7_0_axi_periph
Adding component instance block -- xilinx.com:ip:axi_crossbar:2.1 - xbar
Adding component instance block -- xilinx.com:ip:axi_protocol_converter:2.1 - auto_pc
Adding component instance block -- xilinx.com:ip:proc_sys_reset:5.0 - rst_ps7_0_50M
Adding component instance block -- xilinx.com:ip:axi_interconnect:2.1 - axi_mem_intercon
Adding component instance block -- xilinx.com:ip:axi_crossbar:2.1 - xbar
Adding component instance block -- xilinx.com:ip:axi_dwidth_converter:2.1 - auto_us
Adding component instance block -- xilinx.com:ip:axi_protocol_converter:2.1 - auto_pc
Adding component instance block -- xilinx.com:ip:axi_protocol_converter:2.1 - auto_pc
Adding component instance block -- xilinx.com:ip:axi_dma:7.1 - axi_dma_0
Adding component instance block -- digilentinc.com:IP:PmodAD1:1.0 - PmodAD1_0
Successfully read diagram <dma> from block design file <C:/Projects/ERN24004/Projects/PMOD_AD1_DMA/PMOD_AD1_DMA.srcs/sources_1/bd/dma/dma.bd>
update_compile_order -fileset sources_1
delete_bd_objs [get_bd_intf_nets ps7_0_axi_periph_M01_AXI] [get_bd_intf_nets PmodAD1_0_Pmod_out] [get_bd_intf_nets PmodAD1_0_M_AXIS] [get_bd_cells PmodAD1_0]
startgroup
create_bd_cell -type ip -vlnv digilentinc.com:IP:PmodAD1:1.0 PmodAD1_0
apply_board_connection -board_interface "ja" -ip_intf "PmodAD1_0/Pmod_out" -diagram "dma" 
INFO: [BoardInterface 100-3] current_bd_design dma
INFO: [BoardInterface 100-10] set_property CONFIG.USE_BOARD_FLOW true [get_bd_cells -quiet /PmodAD1_0]
INFO: [BoardInterface 100-12] set_property CONFIG.PMOD ja [get_bd_cells -quiet /PmodAD1_0]
INFO: [BoardInterface 100-108] create_bd_intf_port -mode Master -vlnv digilentinc.com:interface:pmod_rtl:1.0 ja
INFO: [BoardInterface 100-109] connect_bd_intf_net /ja /PmodAD1_0/Pmod_out
endgroup
apply_bd_automation -rule xilinx.com:bd_rule:axi4 -config { Clk_master {/processing_system7_0/FCLK_CLK0 (50 MHz)} Clk_slave {Auto} Clk_xbar {/processing_system7_0/FCLK_CLK0 (50 MHz)} Master {/processing_system7_0/M_AXI_GP0} Slave {/PmodAD1_0/AXI_LITE_SAMPLE} ddr_seg {Auto} intc_ip {/ps7_0_axi_periph} master_apm {0}}  [get_bd_intf_pins PmodAD1_0/AXI_LITE_SAMPLE]
Slave segment '/PmodAD1_0/AXI_LITE_SAMPLE/Reg0' is being assigned into address space '/processing_system7_0/Data' at <0x43C0_0000 [ 64K ]>.
validate_bd_design
CRITICAL WARNING: [xilinx.com:ip:axi_dma:7.1-11] /axi_dma_0
                   #################################### 
                   S_AXIS_S2MM interface is unconnected
                   ####################################
save_bd_design
Wrote  : <C:\Projects\ERN24004\Projects\PMOD_AD1_DMA\PMOD_AD1_DMA.srcs\sources_1\bd\dma\dma.bd> 
Wrote  : <C:/Projects/ERN24004/Projects/PMOD_AD1_DMA/PMOD_AD1_DMA.srcs/sources_1/bd/dma/ui/bd_87aee958.ui> 
reset_run synth_1
INFO: [Project 1-1161] Replacing file C:/Projects/ERN24004/Projects/PMOD_AD1_DMA/PMOD_AD1_DMA.srcs/utils_1/imports/synth_1/dma_wrapper.dcp with file C:/Projects/ERN24004/Projects/PMOD_AD1_DMA/PMOD_AD1_DMA.runs/synth_1/dma_wrapper.dcp
launch_runs impl_1 -to_step write_bitstream -jobs 4
INFO: [BD 41-1662] The design 'dma.bd' is already validated. Therefore parameter propagation will not be re-run.
Verilog Output written to : c:/Projects/ERN24004/Projects/PMOD_AD1_DMA/PMOD_AD1_DMA.gen/sources_1/bd/dma/synth/dma.v
Verilog Output written to : c:/Projects/ERN24004/Projects/PMOD_AD1_DMA/PMOD_AD1_DMA.gen/sources_1/bd/dma/sim/dma.v
Verilog Output written to : c:/Projects/ERN24004/Projects/PMOD_AD1_DMA/PMOD_AD1_DMA.gen/sources_1/bd/dma/hdl/dma_wrapper.v
WARNING: [IP_Flow 19-4994] Overwriting existing constraint file 'c:/Projects/ERN24004/Projects/PMOD_AD1_DMA/PMOD_AD1_DMA.gen/sources_1/bd/dma/ip/dma_auto_pc_0/dma_auto_pc_0_ooc.xdc'
INFO: [BD 41-1029] Generation completed for the IP Integrator block ps7_0_axi_periph/s00_couplers/auto_pc .
WARNING: [IP_Flow 19-4994] Overwriting existing constraint file 'c:/Projects/ERN24004/Projects/PMOD_AD1_DMA/PMOD_AD1_DMA.gen/sources_1/bd/dma/ip/dma_auto_us_0/dma_auto_us_0_ooc.xdc'
INFO: [IP_Flow 19-5611] Unable to find an associated reset port for the interface 'S_AXI'. A default connection has been created.
INFO: [IP_Flow 19-5611] Unable to find an associated reset port for the interface 'M_AXI'. A default connection has been created.
INFO: [BD 41-1029] Generation completed for the IP Integrator block axi_mem_intercon/s00_couplers/auto_us .
WARNING: [IP_Flow 19-4994] Overwriting existing constraint file 'c:/Projects/ERN24004/Projects/PMOD_AD1_DMA/PMOD_AD1_DMA.gen/sources_1/bd/dma/ip/dma_auto_pc_1/dma_auto_pc_1_ooc.xdc'
INFO: [BD 41-1029] Generation completed for the IP Integrator block axi_mem_intercon/m00_couplers/auto_pc .
WARNING: [IP_Flow 19-4994] Overwriting existing constraint file 'c:/Projects/ERN24004/Projects/PMOD_AD1_DMA/PMOD_AD1_DMA.gen/sources_1/bd/dma/ip/dma_auto_pc_2/dma_auto_pc_2_ooc.xdc'
INFO: [BD 41-1029] Generation completed for the IP Integrator block axi_mem_intercon/m01_couplers/auto_pc .
CRITICAL WARNING: [IP_Flow 19-4965] IP pmod_bridge_0 was packaged with board value 'digilentinc.com:arty:part0:1.1'. Current project's board value is 'digilentinc.com:cora-z7-07s:part0:1.1'. Please update the project settings to match the packaged IP.
INFO: [IP_Flow 19-1972] Upgraded pmod_bridge_0 from Pmod Bridge 1.0 to Pmod Bridge 1.1
RUNNING BOARD.XIT
    c:/Projects/ERN24004/Projects/PMOD_AD1_DMA/PMOD_AD1_DMA.gen/sources_1/bd/dma/ip/dma_PmodAD1_0_2/src/pmod_bridge_0/pmod_bridge_0_board.xdc
INFO: [BD 41-1029] Generation completed for the IP Integrator block PmodAD1_0 .
Exporting to file c:/Projects/ERN24004/Projects/PMOD_AD1_DMA/PMOD_AD1_DMA.gen/sources_1/bd/dma/hw_handoff/dma.hwh
Generated Hardware Definition File c:/Projects/ERN24004/Projects/PMOD_AD1_DMA/PMOD_AD1_DMA.gen/sources_1/bd/dma/synth/dma.hwdef
INFO: [IP_Flow 19-6930] IPCACHE: runCacheChecks() number of threads = 8
INFO: [IP_Flow 19-6921] IPCACHE: Adding cache check func to thread queue for IP dma_PmodAD1_0_2
INFO: [IP_Flow 19-6921] IPCACHE: Adding cache check func to thread queue for IP dma_auto_pc_0
INFO: [IP_Flow 19-6921] IPCACHE: Adding cache check func to thread queue for IP dma_auto_pc_1
INFO: [IP_Flow 19-6921] IPCACHE: Adding cache check func to thread queue for IP dma_auto_pc_2
INFO: [IP_Flow 19-6921] IPCACHE: Adding cache check func to thread queue for IP dma_auto_us_0
INFO: [IP_Flow 19-8020] IPCACHE: runCacheChecks() calling threadPool finishWork()
INFO: [IP_Flow 19-6924] IPCACHE: Running cache check for IP inst: dma_PmodAD1_0_2
INFO: [IP_Flow 19-6924] IPCACHE: Running cache check for IP inst: dma_auto_pc_0
INFO: [IP_Flow 19-6922] IPCACHE: Exporting cached entry 8303ab40dec7ec38 to dir: c:/Projects/ERN24004/Projects/PMOD_AD1_DMA/PMOD_AD1_DMA.gen/sources_1/bd/dma/ip/dma_auto_pc_0
INFO: [IP_Flow 19-6928] IPCACHE: copied cached file c:/Projects/ERN24004/Projects/PMOD_AD1_DMA/PMOD_AD1_DMA.cache/ip/2024.1.2/8/3/8303ab40dec7ec38/dma_auto_pc_0.dcp to c:/Projects/ERN24004/Projects/PMOD_AD1_DMA/PMOD_AD1_DMA.gen/sources_1/bd/dma/ip/dma_auto_pc_0/dma_auto_pc_0.dcp.
INFO: [IP_Flow 19-6926] IPCACHE: added file to list for BOM: c:/Projects/ERN24004/Projects/PMOD_AD1_DMA/PMOD_AD1_DMA.gen/sources_1/bd/dma/ip/dma_auto_pc_0/dma_auto_pc_0.dcp
INFO: [IP_Flow 19-6928] IPCACHE: copied cached file c:/Projects/ERN24004/Projects/PMOD_AD1_DMA/PMOD_AD1_DMA.cache/ip/2024.1.2/8/3/8303ab40dec7ec38/dma_auto_pc_0_sim_netlist.v to c:/Projects/ERN24004/Projects/PMOD_AD1_DMA/PMOD_AD1_DMA.gen/sources_1/bd/dma/ip/dma_auto_pc_0/dma_auto_pc_0_sim_netlist.v.
INFO: [IP_Flow 19-6926] IPCACHE: added file to list for BOM: c:/Projects/ERN24004/Projects/PMOD_AD1_DMA/PMOD_AD1_DMA.gen/sources_1/bd/dma/ip/dma_auto_pc_0/dma_auto_pc_0_sim_netlist.v
INFO: [IP_Flow 19-6928] IPCACHE: copied cached file c:/Projects/ERN24004/Projects/PMOD_AD1_DMA/PMOD_AD1_DMA.cache/ip/2024.1.2/8/3/8303ab40dec7ec38/dma_auto_pc_0_sim_netlist.vhdl to c:/Projects/ERN24004/Projects/PMOD_AD1_DMA/PMOD_AD1_DMA.gen/sources_1/bd/dma/ip/dma_auto_pc_0/dma_auto_pc_0_sim_netlist.vhdl.
INFO: [IP_Flow 19-6926] IPCACHE: added file to list for BOM: c:/Projects/ERN24004/Projects/PMOD_AD1_DMA/PMOD_AD1_DMA.gen/sources_1/bd/dma/ip/dma_auto_pc_0/dma_auto_pc_0_sim_netlist.vhdl
INFO: [IP_Flow 19-6928] IPCACHE: copied cached file c:/Projects/ERN24004/Projects/PMOD_AD1_DMA/PMOD_AD1_DMA.cache/ip/2024.1.2/8/3/8303ab40dec7ec38/dma_auto_pc_0_stub.v to c:/Projects/ERN24004/Projects/PMOD_AD1_DMA/PMOD_AD1_DMA.gen/sources_1/bd/dma/ip/dma_auto_pc_0/dma_auto_pc_0_stub.v.
INFO: [IP_Flow 19-6926] IPCACHE: added file to list for BOM: c:/Projects/ERN24004/Projects/PMOD_AD1_DMA/PMOD_AD1_DMA.gen/sources_1/bd/dma/ip/dma_auto_pc_0/dma_auto_pc_0_stub.v
INFO: [IP_Flow 19-6928] IPCACHE: copied cached file c:/Projects/ERN24004/Projects/PMOD_AD1_DMA/PMOD_AD1_DMA.cache/ip/2024.1.2/8/3/8303ab40dec7ec38/dma_auto_pc_0_stub.vhdl to c:/Projects/ERN24004/Projects/PMOD_AD1_DMA/PMOD_AD1_DMA.gen/sources_1/bd/dma/ip/dma_auto_pc_0/dma_auto_pc_0_stub.vhdl.
INFO: [IP_Flow 19-6926] IPCACHE: added file to list for BOM: c:/Projects/ERN24004/Projects/PMOD_AD1_DMA/PMOD_AD1_DMA.gen/sources_1/bd/dma/ip/dma_auto_pc_0/dma_auto_pc_0_stub.vhdl
INFO: [IP_Flow 19-4993] Using cached IP synthesis design for IP dma_auto_pc_0, cache-ID = 8303ab40dec7ec38; cache size = 13.494 MB.
INFO: [IP_Flow 19-6924] IPCACHE: Running cache check for IP inst: dma_auto_pc_1
INFO: [IP_Flow 19-6922] IPCACHE: Exporting cached entry 0fb32201fcd21957 to dir: c:/Projects/ERN24004/Projects/PMOD_AD1_DMA/PMOD_AD1_DMA.gen/sources_1/bd/dma/ip/dma_auto_pc_1
INFO: [IP_Flow 19-6928] IPCACHE: copied cached file c:/Projects/ERN24004/Projects/PMOD_AD1_DMA/PMOD_AD1_DMA.cache/ip/2024.1.2/0/f/0fb32201fcd21957/dma_auto_pc_2.dcp to c:/Projects/ERN24004/Projects/PMOD_AD1_DMA/PMOD_AD1_DMA.gen/sources_1/bd/dma/ip/dma_auto_pc_1/dma_auto_pc_1.dcp.
INFO: [IP_Flow 19-6926] IPCACHE: added file to list for BOM: c:/Projects/ERN24004/Projects/PMOD_AD1_DMA/PMOD_AD1_DMA.gen/sources_1/bd/dma/ip/dma_auto_pc_1/dma_auto_pc_1.dcp
INFO: [IP_Flow 19-6928] IPCACHE: copied cached file c:/Projects/ERN24004/Projects/PMOD_AD1_DMA/PMOD_AD1_DMA.cache/ip/2024.1.2/0/f/0fb32201fcd21957/dma_auto_pc_2_sim_netlist.v to c:/Projects/ERN24004/Projects/PMOD_AD1_DMA/PMOD_AD1_DMA.gen/sources_1/bd/dma/ip/dma_auto_pc_1/dma_auto_pc_1_sim_netlist.v.
INFO: [IP_Flow 19-6926] IPCACHE: added file to list for BOM: c:/Projects/ERN24004/Projects/PMOD_AD1_DMA/PMOD_AD1_DMA.gen/sources_1/bd/dma/ip/dma_auto_pc_1/dma_auto_pc_1_sim_netlist.v
INFO: [IP_Flow 19-6928] IPCACHE: copied cached file c:/Projects/ERN24004/Projects/PMOD_AD1_DMA/PMOD_AD1_DMA.cache/ip/2024.1.2/0/f/0fb32201fcd21957/dma_auto_pc_2_sim_netlist.vhdl to c:/Projects/ERN24004/Projects/PMOD_AD1_DMA/PMOD_AD1_DMA.gen/sources_1/bd/dma/ip/dma_auto_pc_1/dma_auto_pc_1_sim_netlist.vhdl.
INFO: [IP_Flow 19-6926] IPCACHE: added file to list for BOM: c:/Projects/ERN24004/Projects/PMOD_AD1_DMA/PMOD_AD1_DMA.gen/sources_1/bd/dma/ip/dma_auto_pc_1/dma_auto_pc_1_sim_netlist.vhdl
INFO: [IP_Flow 19-6928] IPCACHE: copied cached file c:/Projects/ERN24004/Projects/PMOD_AD1_DMA/PMOD_AD1_DMA.cache/ip/2024.1.2/0/f/0fb32201fcd21957/dma_auto_pc_2_stub.v to c:/Projects/ERN24004/Projects/PMOD_AD1_DMA/PMOD_AD1_DMA.gen/sources_1/bd/dma/ip/dma_auto_pc_1/dma_auto_pc_1_stub.v.
INFO: [IP_Flow 19-6926] IPCACHE: added file to list for BOM: c:/Projects/ERN24004/Projects/PMOD_AD1_DMA/PMOD_AD1_DMA.gen/sources_1/bd/dma/ip/dma_auto_pc_1/dma_auto_pc_1_stub.v
INFO: [IP_Flow 19-6928] IPCACHE: copied cached file c:/Projects/ERN24004/Projects/PMOD_AD1_DMA/PMOD_AD1_DMA.cache/ip/2024.1.2/0/f/0fb32201fcd21957/dma_auto_pc_2_stub.vhdl to c:/Projects/ERN24004/Projects/PMOD_AD1_DMA/PMOD_AD1_DMA.gen/sources_1/bd/dma/ip/dma_auto_pc_1/dma_auto_pc_1_stub.vhdl.
INFO: [IP_Flow 19-6926] IPCACHE: added file to list for BOM: c:/Projects/ERN24004/Projects/PMOD_AD1_DMA/PMOD_AD1_DMA.gen/sources_1/bd/dma/ip/dma_auto_pc_1/dma_auto_pc_1_stub.vhdl
INFO: [IP_Flow 19-4993] Using cached IP synthesis design for IP dma_auto_pc_1, cache-ID = 0fb32201fcd21957; cache size = 13.494 MB.
INFO: [IP_Flow 19-6924] IPCACHE: Running cache check for IP inst: dma_auto_pc_2
INFO: [IP_Flow 19-6922] IPCACHE: Exporting cached entry 0fb32201fcd21957 to dir: c:/Projects/ERN24004/Projects/PMOD_AD1_DMA/PMOD_AD1_DMA.gen/sources_1/bd/dma/ip/dma_auto_pc_2
INFO: [IP_Flow 19-6928] IPCACHE: copied cached file c:/Projects/ERN24004/Projects/PMOD_AD1_DMA/PMOD_AD1_DMA.cache/ip/2024.1.2/0/f/0fb32201fcd21957/dma_auto_pc_2.dcp to c:/Projects/ERN24004/Projects/PMOD_AD1_DMA/PMOD_AD1_DMA.gen/sources_1/bd/dma/ip/dma_auto_pc_2/dma_auto_pc_2.dcp.
INFO: [IP_Flow 19-6926] IPCACHE: added file to list for BOM: c:/Projects/ERN24004/Projects/PMOD_AD1_DMA/PMOD_AD1_DMA.gen/sources_1/bd/dma/ip/dma_auto_pc_2/dma_auto_pc_2.dcp
INFO: [IP_Flow 19-6928] IPCACHE: copied cached file c:/Projects/ERN24004/Projects/PMOD_AD1_DMA/PMOD_AD1_DMA.cache/ip/2024.1.2/0/f/0fb32201fcd21957/dma_auto_pc_2_sim_netlist.v to c:/Projects/ERN24004/Projects/PMOD_AD1_DMA/PMOD_AD1_DMA.gen/sources_1/bd/dma/ip/dma_auto_pc_2/dma_auto_pc_2_sim_netlist.v.
INFO: [IP_Flow 19-6926] IPCACHE: added file to list for BOM: c:/Projects/ERN24004/Projects/PMOD_AD1_DMA/PMOD_AD1_DMA.gen/sources_1/bd/dma/ip/dma_auto_pc_2/dma_auto_pc_2_sim_netlist.v
INFO: [IP_Flow 19-6928] IPCACHE: copied cached file c:/Projects/ERN24004/Projects/PMOD_AD1_DMA/PMOD_AD1_DMA.cache/ip/2024.1.2/0/f/0fb32201fcd21957/dma_auto_pc_2_sim_netlist.vhdl to c:/Projects/ERN24004/Projects/PMOD_AD1_DMA/PMOD_AD1_DMA.gen/sources_1/bd/dma/ip/dma_auto_pc_2/dma_auto_pc_2_sim_netlist.vhdl.
INFO: [IP_Flow 19-6926] IPCACHE: added file to list for BOM: c:/Projects/ERN24004/Projects/PMOD_AD1_DMA/PMOD_AD1_DMA.gen/sources_1/bd/dma/ip/dma_auto_pc_2/dma_auto_pc_2_sim_netlist.vhdl
INFO: [IP_Flow 19-6928] IPCACHE: copied cached file c:/Projects/ERN24004/Projects/PMOD_AD1_DMA/PMOD_AD1_DMA.cache/ip/2024.1.2/0/f/0fb32201fcd21957/dma_auto_pc_2_stub.v to c:/Projects/ERN24004/Projects/PMOD_AD1_DMA/PMOD_AD1_DMA.gen/sources_1/bd/dma/ip/dma_auto_pc_2/dma_auto_pc_2_stub.v.
INFO: [IP_Flow 19-6926] IPCACHE: added file to list for BOM: c:/Projects/ERN24004/Projects/PMOD_AD1_DMA/PMOD_AD1_DMA.gen/sources_1/bd/dma/ip/dma_auto_pc_2/dma_auto_pc_2_stub.v
INFO: [IP_Flow 19-6928] IPCACHE: copied cached file c:/Projects/ERN24004/Projects/PMOD_AD1_DMA/PMOD_AD1_DMA.cache/ip/2024.1.2/0/f/0fb32201fcd21957/dma_auto_pc_2_stub.vhdl to c:/Projects/ERN24004/Projects/PMOD_AD1_DMA/PMOD_AD1_DMA.gen/sources_1/bd/dma/ip/dma_auto_pc_2/dma_auto_pc_2_stub.vhdl.
INFO: [IP_Flow 19-6926] IPCACHE: added file to list for BOM: c:/Projects/ERN24004/Projects/PMOD_AD1_DMA/PMOD_AD1_DMA.gen/sources_1/bd/dma/ip/dma_auto_pc_2/dma_auto_pc_2_stub.vhdl
INFO: [IP_Flow 19-4993] Using cached IP synthesis design for IP dma_auto_pc_2, cache-ID = 0fb32201fcd21957; cache size = 13.494 MB.
INFO: [IP_Flow 19-6924] IPCACHE: Running cache check for IP inst: dma_auto_us_0
INFO: [IP_Flow 19-6922] IPCACHE: Exporting cached entry f171da39e8932f68 to dir: c:/Projects/ERN24004/Projects/PMOD_AD1_DMA/PMOD_AD1_DMA.gen/sources_1/bd/dma/ip/dma_auto_us_0
INFO: [IP_Flow 19-6928] IPCACHE: copied cached file c:/Projects/ERN24004/Projects/PMOD_AD1_DMA/PMOD_AD1_DMA.cache/ip/2024.1.2/f/1/f171da39e8932f68/dma_auto_us_0.dcp to c:/Projects/ERN24004/Projects/PMOD_AD1_DMA/PMOD_AD1_DMA.gen/sources_1/bd/dma/ip/dma_auto_us_0/dma_auto_us_0.dcp.
INFO: [IP_Flow 19-6926] IPCACHE: added file to list for BOM: c:/Projects/ERN24004/Projects/PMOD_AD1_DMA/PMOD_AD1_DMA.gen/sources_1/bd/dma/ip/dma_auto_us_0/dma_auto_us_0.dcp
INFO: [IP_Flow 19-6928] IPCACHE: copied cached file c:/Projects/ERN24004/Projects/PMOD_AD1_DMA/PMOD_AD1_DMA.cache/ip/2024.1.2/f/1/f171da39e8932f68/dma_auto_us_0_sim_netlist.v to c:/Projects/ERN24004/Projects/PMOD_AD1_DMA/PMOD_AD1_DMA.gen/sources_1/bd/dma/ip/dma_auto_us_0/dma_auto_us_0_sim_netlist.v.
INFO: [IP_Flow 19-6926] IPCACHE: added file to list for BOM: c:/Projects/ERN24004/Projects/PMOD_AD1_DMA/PMOD_AD1_DMA.gen/sources_1/bd/dma/ip/dma_auto_us_0/dma_auto_us_0_sim_netlist.v
INFO: [IP_Flow 19-6928] IPCACHE: copied cached file c:/Projects/ERN24004/Projects/PMOD_AD1_DMA/PMOD_AD1_DMA.cache/ip/2024.1.2/f/1/f171da39e8932f68/dma_auto_us_0_sim_netlist.vhdl to c:/Projects/ERN24004/Projects/PMOD_AD1_DMA/PMOD_AD1_DMA.gen/sources_1/bd/dma/ip/dma_auto_us_0/dma_auto_us_0_sim_netlist.vhdl.
INFO: [IP_Flow 19-6926] IPCACHE: added file to list for BOM: c:/Projects/ERN24004/Projects/PMOD_AD1_DMA/PMOD_AD1_DMA.gen/sources_1/bd/dma/ip/dma_auto_us_0/dma_auto_us_0_sim_netlist.vhdl
INFO: [IP_Flow 19-6928] IPCACHE: copied cached file c:/Projects/ERN24004/Projects/PMOD_AD1_DMA/PMOD_AD1_DMA.cache/ip/2024.1.2/f/1/f171da39e8932f68/dma_auto_us_0_stub.v to c:/Projects/ERN24004/Projects/PMOD_AD1_DMA/PMOD_AD1_DMA.gen/sources_1/bd/dma/ip/dma_auto_us_0/dma_auto_us_0_stub.v.
INFO: [IP_Flow 19-6926] IPCACHE: added file to list for BOM: c:/Projects/ERN24004/Projects/PMOD_AD1_DMA/PMOD_AD1_DMA.gen/sources_1/bd/dma/ip/dma_auto_us_0/dma_auto_us_0_stub.v
INFO: [IP_Flow 19-6928] IPCACHE: copied cached file c:/Projects/ERN24004/Projects/PMOD_AD1_DMA/PMOD_AD1_DMA.cache/ip/2024.1.2/f/1/f171da39e8932f68/dma_auto_us_0_stub.vhdl to c:/Projects/ERN24004/Projects/PMOD_AD1_DMA/PMOD_AD1_DMA.gen/sources_1/bd/dma/ip/dma_auto_us_0/dma_auto_us_0_stub.vhdl.
INFO: [IP_Flow 19-6926] IPCACHE: added file to list for BOM: c:/Projects/ERN24004/Projects/PMOD_AD1_DMA/PMOD_AD1_DMA.gen/sources_1/bd/dma/ip/dma_auto_us_0/dma_auto_us_0_stub.vhdl
INFO: [IP_Flow 19-4993] Using cached IP synthesis design for IP dma_auto_us_0, cache-ID = f171da39e8932f68; cache size = 13.494 MB.
[Tue Nov 19 13:52:23 2024] Launched dma_PmodAD1_0_2_synth_1, synth_1...
Run output will be captured here:
dma_PmodAD1_0_2_synth_1: C:/Projects/ERN24004/Projects/PMOD_AD1_DMA/PMOD_AD1_DMA.runs/dma_PmodAD1_0_2_synth_1/runme.log
synth_1: C:/Projects/ERN24004/Projects/PMOD_AD1_DMA/PMOD_AD1_DMA.runs/synth_1/runme.log
[Tue Nov 19 13:52:23 2024] Launched impl_1...
Run output will be captured here: C:/Projects/ERN24004/Projects/PMOD_AD1_DMA/PMOD_AD1_DMA.runs/impl_1/runme.log
launch_runs: Time (s): cpu = 00:00:02 ; elapsed = 00:00:11 . Memory (MB): peak = 2365.422 ; gain = 278.816
regenerate_bd_layout
ipx::edit_ip_in_project -upgrade true -name PmodAD1_v1_0_project -directory C:/Projects/ERN24004/Projects/PMOD_AD1_DMA/PMOD_AD1_DMA.tmp/PmodAD1_v1_0_project c:/Projects/ERN24004/Projects/PMOD_AD1_DMA/ip_repo/ip/Pmods/PmodAD1_v1_0/component.xml
INFO: [IP_Flow 19-234] Refreshing IP repositories
INFO: [IP_Flow 19-1704] No user IP repositories specified
INFO: [IP_Flow 19-2313] Loaded Vivado IP repository 'C:/Xilinx/Vivado/2024.1/data/ip'.
WARNING: [Board 49-26] cannot add Board Part xilinx.com:vek280_es:part0:1.0 available at C:/Xilinx/Vivado/2024.1/data/xhub/boards/XilinxBoardStore/boards/Xilinx/vek280/es/rev_a/1.0/board.xml as part xcve2802-vsvh1760-2lp-e-s-es1 specified in board_part file is either invalid or not available
WARNING: [Board 49-26] cannot add Board Part xilinx.com:vek280_es:part0:1.1 available at C:/Xilinx/Vivado/2024.1/data/xhub/boards/XilinxBoardStore/boards/Xilinx/vek280/es/rev_a/1.1/board.xml as part xcve2802-vsvh1760-2lp-e-s-es1 specified in board_part file is either invalid or not available
WARNING: [Board 49-26] cannot add Board Part xilinx.com:vek280_es_revb:part0:1.0 available at C:/Xilinx/Vivado/2024.1/data/xhub/boards/XilinxBoardStore/boards/Xilinx/vek280/es/rev_b/1.0/board.xml as part xcve2802-vsvh1760-2mp-e-s-es1 specified in board_part file is either invalid or not available
WARNING: [Board 49-26] cannot add Board Part xilinx.com:vek280_es_revb:part0:1.1 available at C:/Xilinx/Vivado/2024.1/data/xhub/boards/XilinxBoardStore/boards/Xilinx/vek280/es/rev_b/1.1/board.xml as part xcve2802-vsvh1760-2mp-e-s-es1 specified in board_part file is either invalid or not available
WARNING: [Board 49-26] cannot add Board Part xilinx.com:vhk158_es:part0:1.0 available at C:/Xilinx/Vivado/2024.1/data/xhub/boards/XilinxBoardStore/boards/Xilinx/vhk158/es/1.0/board.xml as part xcvh1582-vsva3697-2mp-e-s-es1 specified in board_part file is either invalid or not available
WARNING: [Board 49-26] cannot add Board Part xilinx.com:vhk158_es:part0:1.1 available at C:/Xilinx/Vivado/2024.1/data/xhub/boards/XilinxBoardStore/boards/Xilinx/vhk158/es/1.1/board.xml as part xcvh1582-vsva3697-2mp-e-s-es1 specified in board_part file is either invalid or not available
WARNING: [Board 49-26] cannot add Board Part xilinx.com:zcu208ld:part0:2.0 available at C:/Xilinx/Vivado/2024.1/data/xhub/boards/XilinxBoardStore/boards/Xilinx/zcu208ld/production/2.0/board.xml as part xczu58dr-fsvg1517-2-i specified in board_part file is either invalid or not available
WARNING: [Board 49-26] cannot add Board Part xilinx.com:zcu216ld:part0:2.0 available at C:/Xilinx/Vivado/2024.1/data/xhub/boards/XilinxBoardStore/boards/Xilinx/zcu216ld/production/2.0/board.xml as part xczu59dr-ffvf1760-2-i specified in board_part file is either invalid or not available
WARNING: [Board 49-26] cannot add Board Part xilinx.com:zcu670ld:part0:1.0 available at C:/Xilinx/Vivado/2024.1/data/xhub/boards/XilinxBoardStore/boards/Xilinx/zcu670ld/1.0/board.xml as part xczu57dr-fsve1156-2-i specified in board_part file is either invalid or not available
INFO: [IP_Flow 19-234] Refreshing IP repositories
INFO: [IP_Flow 19-1700] Loaded user IP repository 'c:/Projects/ERN24004/Projects/PMOD_AD1_DMA/ip_repo'.
INFO: [IP_Flow 19-795] Syncing license key meta-data
WARNING: [IP_Flow 19-3664] IP 'pmod_bridge_0' generated file not found 'c:/Projects/ERN24004/Projects/PMOD_AD1_DMA/ip_repo/ip/Pmods/PmodAD1_v1_0/src/pmod_bridge_0/pmod_bridge_0.vho'. Please regenerate to continue.
WARNING: [IP_Flow 19-3664] IP 'pmod_bridge_0' generated file not found 'c:/Projects/ERN24004/Projects/PMOD_AD1_DMA/ip_repo/ip/Pmods/PmodAD1_v1_0/src/pmod_bridge_0/pmod_bridge_0.veo'. Please regenerate to continue.
update_compile_order -fileset sources_1
close_project
ipx::edit_ip_in_project -upgrade true -name PmodAD1_v1_0_project -directory C:/Projects/ERN24004/Projects/PMOD_AD1_DMA/PMOD_AD1_DMA.tmp/PmodAD1_v1_0_project c:/Projects/ERN24004/Projects/PMOD_AD1_DMA/ip_repo/ip/Pmods/PmodAD1_v1_0/component.xml
INFO: [IP_Flow 19-234] Refreshing IP repositories
INFO: [IP_Flow 19-1704] No user IP repositories specified
INFO: [IP_Flow 19-2313] Loaded Vivado IP repository 'C:/Xilinx/Vivado/2024.1/data/ip'.
WARNING: [Board 49-26] cannot add Board Part xilinx.com:vek280_es:part0:1.0 available at C:/Xilinx/Vivado/2024.1/data/xhub/boards/XilinxBoardStore/boards/Xilinx/vek280/es/rev_a/1.0/board.xml as part xcve2802-vsvh1760-2lp-e-s-es1 specified in board_part file is either invalid or not available
WARNING: [Board 49-26] cannot add Board Part xilinx.com:vek280_es:part0:1.1 available at C:/Xilinx/Vivado/2024.1/data/xhub/boards/XilinxBoardStore/boards/Xilinx/vek280/es/rev_a/1.1/board.xml as part xcve2802-vsvh1760-2lp-e-s-es1 specified in board_part file is either invalid or not available
WARNING: [Board 49-26] cannot add Board Part xilinx.com:vek280_es_revb:part0:1.0 available at C:/Xilinx/Vivado/2024.1/data/xhub/boards/XilinxBoardStore/boards/Xilinx/vek280/es/rev_b/1.0/board.xml as part xcve2802-vsvh1760-2mp-e-s-es1 specified in board_part file is either invalid or not available
WARNING: [Board 49-26] cannot add Board Part xilinx.com:vek280_es_revb:part0:1.1 available at C:/Xilinx/Vivado/2024.1/data/xhub/boards/XilinxBoardStore/boards/Xilinx/vek280/es/rev_b/1.1/board.xml as part xcve2802-vsvh1760-2mp-e-s-es1 specified in board_part file is either invalid or not available
WARNING: [Board 49-26] cannot add Board Part xilinx.com:vhk158_es:part0:1.0 available at C:/Xilinx/Vivado/2024.1/data/xhub/boards/XilinxBoardStore/boards/Xilinx/vhk158/es/1.0/board.xml as part xcvh1582-vsva3697-2mp-e-s-es1 specified in board_part file is either invalid or not available
WARNING: [Board 49-26] cannot add Board Part xilinx.com:vhk158_es:part0:1.1 available at C:/Xilinx/Vivado/2024.1/data/xhub/boards/XilinxBoardStore/boards/Xilinx/vhk158/es/1.1/board.xml as part xcvh1582-vsva3697-2mp-e-s-es1 specified in board_part file is either invalid or not available
WARNING: [Board 49-26] cannot add Board Part xilinx.com:zcu208ld:part0:2.0 available at C:/Xilinx/Vivado/2024.1/data/xhub/boards/XilinxBoardStore/boards/Xilinx/zcu208ld/production/2.0/board.xml as part xczu58dr-fsvg1517-2-i specified in board_part file is either invalid or not available
WARNING: [Board 49-26] cannot add Board Part xilinx.com:zcu216ld:part0:2.0 available at C:/Xilinx/Vivado/2024.1/data/xhub/boards/XilinxBoardStore/boards/Xilinx/zcu216ld/production/2.0/board.xml as part xczu59dr-ffvf1760-2-i specified in board_part file is either invalid or not available
WARNING: [Board 49-26] cannot add Board Part xilinx.com:zcu670ld:part0:1.0 available at C:/Xilinx/Vivado/2024.1/data/xhub/boards/XilinxBoardStore/boards/Xilinx/zcu670ld/1.0/board.xml as part xczu57dr-fsve1156-2-i specified in board_part file is either invalid or not available
INFO: [IP_Flow 19-234] Refreshing IP repositories
INFO: [IP_Flow 19-1700] Loaded user IP repository 'c:/Projects/ERN24004/Projects/PMOD_AD1_DMA/ip_repo'.
INFO: [IP_Flow 19-795] Syncing license key meta-data
WARNING: [IP_Flow 19-3664] IP 'pmod_bridge_0' generated file not found 'c:/Projects/ERN24004/Projects/PMOD_AD1_DMA/ip_repo/ip/Pmods/PmodAD1_v1_0/src/pmod_bridge_0/pmod_bridge_0.vho'. Please regenerate to continue.
WARNING: [IP_Flow 19-3664] IP 'pmod_bridge_0' generated file not found 'c:/Projects/ERN24004/Projects/PMOD_AD1_DMA/ip_repo/ip/Pmods/PmodAD1_v1_0/src/pmod_bridge_0/pmod_bridge_0.veo'. Please regenerate to continue.
update_compile_order -fileset sources_1
current_project PMOD_AD1_DMA
close_project
exit
INFO: [Common 17-206] Exiting Vivado at Tue Nov 19 13:58:32 2024...
