INFO: [VRFC 10-2263] Analyzing Verilog file "C:/Projects/ERN24004/Projects/PMOD_AD1_DMA/PMOD_AD1_DMA.sim/sim_1/synth/timing/xsim/dma_wrapper_time_synth.v" into library xil_defaultlib
INFO: [VRFC 10-311] analyzing module IOBUF_UNIQ_BASE_
INFO: [VRFC 10-311] analyzing module IOBUF_HD65
INFO: [VRFC 10-311] analyzing module IOBUF_HD66
INFO: [VRFC 10-311] analyzing module IOBUF_HD67
INFO: [VRFC 10-311] analyzing module IOBUF_HD68
INFO: [VRFC 10-311] analyzing module IOBUF_HD69
INFO: [VRFC 10-311] analyzing module IOBUF_HD70
INFO: [VRFC 10-311] analyzing module IOBUF_HD71
INFO: [VRFC 10-311] analyzing module RAM32M_UNIQ_BASE_
INFO: [VRFC 10-311] analyzing module RAM32M_HD1
INFO: [VRFC 10-311] analyzing module RAM32M_HD2
INFO: [VRFC 10-311] analyzing module RAM32M_HD3
INFO: [VRFC 10-311] analyzing module RAM32M_HD4
INFO: [VRFC 10-311] analyzing module RAM32M_HD5
INFO: [VRFC 10-311] analyzing module dbg_hub_CV
INFO: [VRFC 10-311] analyzing module u_ila_0_CV
INFO: [VRFC 10-311] analyzing module PmodAD1_v1_0
INFO: [VRFC 10-311] analyzing module ad1_spi
INFO: [VRFC 10-311] analyzing module axi_crossbar_v2_1_33_addr_arbiter
INFO: [VRFC 10-311] analyzing module axi_crossbar_v2_1_33_addr_arbiter_92
INFO: [VRFC 10-311] analyzing module axi_crossbar_v2_1_33_addr_arbiter_sasd
INFO: [VRFC 10-311] analyzing module axi_crossbar_v2_1_33_axi_crossbar
INFO: [VRFC 10-311] analyzing module axi_crossbar_v2_1_33_axi_crossbar__parameterized0
INFO: [VRFC 10-311] analyzing module axi_crossbar_v2_1_33_crossbar
INFO: [VRFC 10-311] analyzing module axi_crossbar_v2_1_33_crossbar_sasd
INFO: [VRFC 10-311] analyzing module axi_crossbar_v2_1_33_decerr_slave
INFO: [VRFC 10-311] analyzing module axi_crossbar_v2_1_33_decerr_slave__parameterized0
INFO: [VRFC 10-311] analyzing module axi_crossbar_v2_1_33_si_transactor
INFO: [VRFC 10-311] analyzing module axi_crossbar_v2_1_33_si_transactor__parameterized0
INFO: [VRFC 10-311] analyzing module axi_crossbar_v2_1_33_splitter
INFO: [VRFC 10-311] analyzing module axi_crossbar_v2_1_33_splitter_96
INFO: [VRFC 10-311] analyzing module axi_crossbar_v2_1_33_splitter_97
INFO: [VRFC 10-311] analyzing module axi_crossbar_v2_1_33_splitter__parameterized0
INFO: [VRFC 10-311] analyzing module axi_crossbar_v2_1_33_wdata_mux
INFO: [VRFC 10-311] analyzing module axi_crossbar_v2_1_33_wdata_mux_93
INFO: [VRFC 10-311] analyzing module axi_crossbar_v2_1_33_wdata_mux__parameterized0
INFO: [VRFC 10-311] analyzing module axi_crossbar_v2_1_33_wdata_router
INFO: [VRFC 10-311] analyzing module axi_data_fifo_v2_1_31_axic_fifo
INFO: [VRFC 10-311] analyzing module axi_data_fifo_v2_1_31_axic_fifo__parameterized0
INFO: [VRFC 10-311] analyzing module axi_data_fifo_v2_1_31_axic_fifo__parameterized0__xdcDup__1
INFO: [VRFC 10-311] analyzing module axi_data_fifo_v2_1_31_axic_fifo__xdcDup__1
INFO: [VRFC 10-311] analyzing module axi_data_fifo_v2_1_31_axic_fifo__xdcDup__2
INFO: [VRFC 10-311] analyzing module axi_data_fifo_v2_1_31_axic_fifo__xdcDup__3
INFO: [VRFC 10-311] analyzing module axi_data_fifo_v2_1_31_axic_reg_srl_fifo
INFO: [VRFC 10-311] analyzing module axi_data_fifo_v2_1_31_axic_reg_srl_fifo__parameterized0
INFO: [VRFC 10-311] analyzing module axi_data_fifo_v2_1_31_axic_reg_srl_fifo__parameterized0_103
INFO: [VRFC 10-311] analyzing module axi_data_fifo_v2_1_31_axic_reg_srl_fifo__parameterized1
INFO: [VRFC 10-311] analyzing module axi_data_fifo_v2_1_31_fifo_gen
INFO: [VRFC 10-311] analyzing module axi_data_fifo_v2_1_31_fifo_gen__parameterized0
INFO: [VRFC 10-311] analyzing module axi_data_fifo_v2_1_31_fifo_gen__parameterized0__xdcDup__1
INFO: [VRFC 10-311] analyzing module axi_data_fifo_v2_1_31_fifo_gen__xdcDup__1
INFO: [VRFC 10-311] analyzing module axi_data_fifo_v2_1_31_fifo_gen__xdcDup__2
INFO: [VRFC 10-311] analyzing module axi_data_fifo_v2_1_31_fifo_gen__xdcDup__3
INFO: [VRFC 10-311] analyzing module axi_data_fifo_v2_1_31_ndeep_srl__parameterized0
INFO: [VRFC 10-311] analyzing module axi_data_fifo_v2_1_31_ndeep_srl__parameterized0_98
INFO: [VRFC 10-311] analyzing module axi_data_fifo_v2_1_31_ndeep_srl__parameterized1
INFO: [VRFC 10-311] analyzing module axi_data_fifo_v2_1_31_ndeep_srl__parameterized1_104
INFO: [VRFC 10-311] analyzing module axi_data_fifo_v2_1_31_ndeep_srl__parameterized2
INFO: [VRFC 10-311] analyzing module axi_datamover
INFO: [VRFC 10-311] analyzing module axi_datamover_addr_cntl
INFO: [VRFC 10-311] analyzing module axi_datamover_addr_cntl__parameterized0
INFO: [VRFC 10-311] analyzing module axi_datamover_cmd_status
INFO: [VRFC 10-311] analyzing module axi_datamover_cmd_status__parameterized0
INFO: [VRFC 10-311] analyzing module axi_datamover_fifo
INFO: [VRFC 10-311] analyzing module axi_datamover_fifo_121
INFO: [VRFC 10-311] analyzing module axi_datamover_fifo__parameterized0
INFO: [VRFC 10-311] analyzing module axi_datamover_fifo__parameterized1
INFO: [VRFC 10-311] analyzing module axi_datamover_fifo__parameterized1_122
INFO: [VRFC 10-311] analyzing module axi_datamover_fifo__parameterized2
INFO: [VRFC 10-311] analyzing module axi_datamover_fifo__parameterized3
INFO: [VRFC 10-311] analyzing module axi_datamover_fifo__parameterized4
INFO: [VRFC 10-311] analyzing module axi_datamover_fifo__parameterized5
INFO: [VRFC 10-311] analyzing module axi_datamover_fifo__parameterized6
INFO: [VRFC 10-311] analyzing module axi_datamover_fifo__parameterized7
INFO: [VRFC 10-311] analyzing module axi_datamover_fifo__parameterized8
INFO: [VRFC 10-311] analyzing module axi_datamover_fifo__parameterized9
INFO: [VRFC 10-311] analyzing module axi_datamover_ibttcc
INFO: [VRFC 10-311] analyzing module axi_datamover_indet_btt
INFO: [VRFC 10-311] analyzing module axi_datamover_mm2s_full_wrap
INFO: [VRFC 10-311] analyzing module axi_datamover_mssai_skid_buf
INFO: [VRFC 10-311] analyzing module axi_datamover_pcc
INFO: [VRFC 10-311] analyzing module axi_datamover_rd_sf
INFO: [VRFC 10-311] analyzing module axi_datamover_rd_status_cntl
INFO: [VRFC 10-311] analyzing module axi_datamover_rddata_cntl
INFO: [VRFC 10-311] analyzing module axi_datamover_reset
INFO: [VRFC 10-311] analyzing module axi_datamover_reset_119
INFO: [VRFC 10-311] analyzing module axi_datamover_s2mm_full_wrap
INFO: [VRFC 10-311] analyzing module axi_datamover_s2mm_realign
INFO: [VRFC 10-311] analyzing module axi_datamover_s2mm_scatter
INFO: [VRFC 10-311] analyzing module axi_datamover_sfifo_autord
INFO: [VRFC 10-311] analyzing module axi_datamover_sfifo_autord__parameterized0
INFO: [VRFC 10-311] analyzing module axi_datamover_sfifo_autord__parameterized1
INFO: [VRFC 10-311] analyzing module axi_datamover_skid2mm_buf
INFO: [VRFC 10-311] analyzing module axi_datamover_skid_buf
INFO: [VRFC 10-311] analyzing module axi_datamover_skid_buf_118
INFO: [VRFC 10-311] analyzing module axi_datamover_skid_buf__parameterized0
INFO: [VRFC 10-311] analyzing module axi_datamover_slice
INFO: [VRFC 10-311] analyzing module axi_datamover_wr_status_cntl
INFO: [VRFC 10-311] analyzing module axi_datamover_wrdata_cntl
INFO: [VRFC 10-311] analyzing module axi_dma
INFO: [VRFC 10-311] analyzing module axi_dma_lite_if
INFO: [VRFC 10-311] analyzing module axi_dma_mm2s_cmdsts_if
INFO: [VRFC 10-311] analyzing module axi_dma_mm2s_mngr
INFO: [VRFC 10-311] analyzing module axi_dma_mm2s_sts_mngr
INFO: [VRFC 10-311] analyzing module axi_dma_reg_module
INFO: [VRFC 10-311] analyzing module axi_dma_register
INFO: [VRFC 10-311] analyzing module axi_dma_register_s2mm
INFO: [VRFC 10-311] analyzing module axi_dma_reset
INFO: [VRFC 10-311] analyzing module axi_dma_reset_105
INFO: [VRFC 10-311] analyzing module axi_dma_rst_module
INFO: [VRFC 10-311] analyzing module axi_dma_s2mm_cmdsts_if
INFO: [VRFC 10-311] analyzing module axi_dma_s2mm_mngr
INFO: [VRFC 10-311] analyzing module axi_dma_s2mm_sts_mngr
INFO: [VRFC 10-311] analyzing module axi_dma_smple_sm
INFO: [VRFC 10-311] analyzing module axi_dma_smple_sm_135
INFO: [VRFC 10-311] analyzing module axi_dwidth_converter_v2_1_32_a_upsizer
INFO: [VRFC 10-311] analyzing module axi_dwidth_converter_v2_1_32_axi_upsizer
INFO: [VRFC 10-311] analyzing module axi_dwidth_converter_v2_1_32_top
INFO: [VRFC 10-311] analyzing module axi_dwidth_converter_v2_1_32_w_upsizer
INFO: [VRFC 10-311] analyzing module axi_protocol_converter_v2_1_32_a_axi3_conv
INFO: [VRFC 10-311] analyzing module axi_protocol_converter_v2_1_32_a_axi3_conv__parameterized0
INFO: [VRFC 10-311] analyzing module axi_protocol_converter_v2_1_32_a_axi3_conv__parameterized0__xdcDup__1
INFO: [VRFC 10-311] analyzing module axi_protocol_converter_v2_1_32_a_axi3_conv__xdcDup__1
INFO: [VRFC 10-311] analyzing module axi_protocol_converter_v2_1_32_axi3_conv
INFO: [VRFC 10-311] analyzing module axi_protocol_converter_v2_1_32_axi3_conv__xdcDup__1
INFO: [VRFC 10-311] analyzing module axi_protocol_converter_v2_1_32_axi_protocol_converter
INFO: [VRFC 10-311] analyzing module axi_protocol_converter_v2_1_32_axi_protocol_converter__parameterized0
INFO: [VRFC 10-311] analyzing module axi_protocol_converter_v2_1_32_axi_protocol_converter__xdcDup__1
INFO: [VRFC 10-311] analyzing module axi_protocol_converter_v2_1_32_b2s
INFO: [VRFC 10-311] analyzing module axi_protocol_converter_v2_1_32_b2s_ar_channel
INFO: [VRFC 10-311] analyzing module axi_protocol_converter_v2_1_32_b2s_aw_channel
INFO: [VRFC 10-311] analyzing module axi_protocol_converter_v2_1_32_b2s_b_channel
INFO: [VRFC 10-311] analyzing module axi_protocol_converter_v2_1_32_b2s_cmd_translator
INFO: [VRFC 10-311] analyzing module axi_protocol_converter_v2_1_32_b2s_cmd_translator_43
INFO: [VRFC 10-311] analyzing module axi_protocol_converter_v2_1_32_b2s_incr_cmd
INFO: [VRFC 10-311] analyzing module axi_protocol_converter_v2_1_32_b2s_incr_cmd_44
INFO: [VRFC 10-311] analyzing module axi_protocol_converter_v2_1_32_b2s_r_channel
INFO: [VRFC 10-311] analyzing module axi_protocol_converter_v2_1_32_b2s_rd_cmd_fsm
INFO: [VRFC 10-311] analyzing module axi_protocol_converter_v2_1_32_b2s_simple_fifo
INFO: [VRFC 10-311] analyzing module axi_protocol_converter_v2_1_32_b2s_simple_fifo__parameterized0
INFO: [VRFC 10-311] analyzing module axi_protocol_converter_v2_1_32_b2s_simple_fifo__parameterized1
INFO: [VRFC 10-311] analyzing module axi_protocol_converter_v2_1_32_b2s_simple_fifo__parameterized2
INFO: [VRFC 10-311] analyzing module axi_protocol_converter_v2_1_32_b2s_wr_cmd_fsm
INFO: [VRFC 10-311] analyzing module axi_protocol_converter_v2_1_32_b2s_wrap_cmd
INFO: [VRFC 10-311] analyzing module axi_protocol_converter_v2_1_32_b2s_wrap_cmd_45
INFO: [VRFC 10-311] analyzing module axi_protocol_converter_v2_1_32_b_downsizer
INFO: [VRFC 10-311] analyzing module axi_protocol_converter_v2_1_32_b_downsizer_65
INFO: [VRFC 10-311] analyzing module axi_protocol_converter_v2_1_32_r_axi3_conv
INFO: [VRFC 10-311] analyzing module axi_protocol_converter_v2_1_32_r_axi3_conv_64
INFO: [VRFC 10-311] analyzing module axi_protocol_converter_v2_1_32_w_axi3_conv
INFO: [VRFC 10-311] analyzing module axi_protocol_converter_v2_1_32_w_axi3_conv_66
INFO: [VRFC 10-311] analyzing module axi_register_slice_v2_1_32_axi_register_slice
INFO: [VRFC 10-311] analyzing module axi_register_slice_v2_1_32_axi_register_slice__parameterized0
INFO: [VRFC 10-311] analyzing module axi_register_slice_v2_1_32_axi_register_slice__parameterized0_94
INFO: [VRFC 10-311] analyzing module axi_register_slice_v2_1_32_axi_register_slice__parameterized0_95
INFO: [VRFC 10-311] analyzing module axi_register_slice_v2_1_32_axi_register_slice__parameterized1
INFO: [VRFC 10-311] analyzing module axi_register_slice_v2_1_32_axic_register_slice
INFO: [VRFC 10-311] analyzing module axi_register_slice_v2_1_32_axic_register_slice__parameterized1
INFO: [VRFC 10-311] analyzing module axi_register_slice_v2_1_32_axic_register_slice__parameterized10
INFO: [VRFC 10-311] analyzing module axi_register_slice_v2_1_32_axic_register_slice__parameterized1_101
INFO: [VRFC 10-311] analyzing module axi_register_slice_v2_1_32_axic_register_slice__parameterized1_99
INFO: [VRFC 10-311] analyzing module axi_register_slice_v2_1_32_axic_register_slice__parameterized3
INFO: [VRFC 10-311] analyzing module axi_register_slice_v2_1_32_axic_register_slice__parameterized6
INFO: [VRFC 10-311] analyzing module axi_register_slice_v2_1_32_axic_register_slice__parameterized6_100
INFO: [VRFC 10-311] analyzing module axi_register_slice_v2_1_32_axic_register_slice__parameterized6_102
INFO: [VRFC 10-311] analyzing module axi_register_slice_v2_1_32_axic_register_slice__parameterized7
INFO: [VRFC 10-311] analyzing module axi_register_slice_v2_1_32_axic_register_slice__parameterized7_42
INFO: [VRFC 10-311] analyzing module axi_register_slice_v2_1_32_axic_register_slice__parameterized9
INFO: [VRFC 10-311] analyzing module axis_data_fifo_v2_0_14_top
INFO: [VRFC 10-311] analyzing module axis_protocol_checker_v2_0_16_asr_inline
INFO: [VRFC 10-311] analyzing module axis_protocol_checker_v2_0_16_top
INFO: [VRFC 10-311] analyzing module bd_ffff
INFO: [VRFC 10-311] analyzing module bd_ffff_g_inst_0
INFO: [VRFC 10-311] analyzing module bd_ffff_ila_lib_0
INFO: [VRFC 10-311] analyzing module bd_ffff_slot_0_apcs_0
INFO: [VRFC 10-311] analyzing module cdc_sync
INFO: [VRFC 10-311] analyzing module cdc_sync_106
INFO: [VRFC 10-311] analyzing module cdc_sync__parameterized0
INFO: [VRFC 10-311] analyzing module cntr_incr_decr_addn_f
INFO: [VRFC 10-311] analyzing module cntr_incr_decr_addn_f_108
INFO: [VRFC 10-311] analyzing module cntr_incr_decr_addn_f_109
INFO: [VRFC 10-311] analyzing module cntr_incr_decr_addn_f_120
INFO: [VRFC 10-311] analyzing module cntr_incr_decr_addn_f_125
INFO: [VRFC 10-311] analyzing module cntr_incr_decr_addn_f_127
INFO: [VRFC 10-311] analyzing module cntr_incr_decr_addn_f__parameterized0
INFO: [VRFC 10-311] analyzing module cntr_incr_decr_addn_f__parameterized0_107
INFO: [VRFC 10-311] analyzing module cntr_incr_decr_addn_f__parameterized1
INFO: [VRFC 10-311] analyzing module dma
INFO: [VRFC 10-311] analyzing module dma_PmodAD1_0_2
INFO: [VRFC 10-311] analyzing module dma_auto_pc_0
INFO: [VRFC 10-311] analyzing module dma_auto_pc_1
INFO: [VRFC 10-311] analyzing module dma_auto_pc_2
INFO: [VRFC 10-311] analyzing module dma_auto_us_0
INFO: [VRFC 10-311] analyzing module dma_axi_dma_0_1
INFO: [VRFC 10-311] analyzing module dma_axi_mem_intercon_0
INFO: [VRFC 10-311] analyzing module dma_axis_data_fifo_0_0
INFO: [VRFC 10-311] analyzing module dma_processing_system7_0_0
INFO: [VRFC 10-311] analyzing module dma_ps7_0_axi_periph_0
INFO: [VRFC 10-311] analyzing module dma_rst_ps7_0_50M_0
INFO: [VRFC 10-311] analyzing module dma_system_ila_0_0
INFO: [VRFC 10-311] analyzing module dma_wrapper
INFO: [VRFC 10-311] analyzing module dma_xbar_0
INFO: [VRFC 10-311] analyzing module dma_xbar_1
INFO: [VRFC 10-311] analyzing module dynshreg_f
INFO: [VRFC 10-311] analyzing module dynshreg_f_126
INFO: [VRFC 10-311] analyzing module dynshreg_f__parameterized0
INFO: [VRFC 10-311] analyzing module dynshreg_f__parameterized1
INFO: [VRFC 10-311] analyzing module dynshreg_f__parameterized2
INFO: [VRFC 10-311] analyzing module dynshreg_f__parameterized3
INFO: [VRFC 10-311] analyzing module dynshreg_f__parameterized4
INFO: [VRFC 10-311] analyzing module dynshreg_f__parameterized5
INFO: [VRFC 10-311] analyzing module dynshreg_f__parameterized6
INFO: [VRFC 10-311] analyzing module generic_baseblocks_v2_1_2_command_fifo
INFO: [VRFC 10-311] analyzing module lpf
INFO: [VRFC 10-311] analyzing module m00_couplers_imp_1EA4IN8
INFO: [VRFC 10-311] analyzing module m01_couplers_imp_T14D7L
INFO: [VRFC 10-311] analyzing module pmod_bridge_0
INFO: [VRFC 10-311] analyzing module pmod_concat
INFO: [VRFC 10-311] analyzing module proc_sys_reset
INFO: [VRFC 10-311] analyzing module processing_system7_v5_5_processing_system7
INFO: [VRFC 10-311] analyzing module s00_couplers_imp_345CV4
INFO: [VRFC 10-311] analyzing module s00_couplers_imp_7T634U
INFO: [VRFC 10-311] analyzing module sequence_psr
INFO: [VRFC 10-311] analyzing module srl_fifo_f
INFO: [VRFC 10-311] analyzing module srl_fifo_f_123
INFO: [VRFC 10-311] analyzing module srl_fifo_f__parameterized0
INFO: [VRFC 10-311] analyzing module srl_fifo_f__parameterized1
INFO: [VRFC 10-311] analyzing module srl_fifo_f__parameterized2
INFO: [VRFC 10-311] analyzing module srl_fifo_f__parameterized3
INFO: [VRFC 10-311] analyzing module srl_fifo_f__parameterized4
INFO: [VRFC 10-311] analyzing module srl_fifo_f__parameterized5
INFO: [VRFC 10-311] analyzing module srl_fifo_f__parameterized6
INFO: [VRFC 10-311] analyzing module srl_fifo_rbu_f
INFO: [VRFC 10-311] analyzing module srl_fifo_rbu_f_124
INFO: [VRFC 10-311] analyzing module srl_fifo_rbu_f__parameterized0
INFO: [VRFC 10-311] analyzing module srl_fifo_rbu_f__parameterized1
INFO: [VRFC 10-311] analyzing module srl_fifo_rbu_f__parameterized2
INFO: [VRFC 10-311] analyzing module srl_fifo_rbu_f__parameterized3
INFO: [VRFC 10-311] analyzing module srl_fifo_rbu_f__parameterized4
INFO: [VRFC 10-311] analyzing module srl_fifo_rbu_f__parameterized5
INFO: [VRFC 10-311] analyzing module srl_fifo_rbu_f__parameterized6
INFO: [VRFC 10-311] analyzing module sync_fifo_fg
INFO: [VRFC 10-311] analyzing module sync_fifo_fg__parameterized0
INFO: [VRFC 10-311] analyzing module sync_fifo_fg__parameterized1
INFO: [VRFC 10-311] analyzing module upcnt_n
INFO: [VRFC 10-311] analyzing module xpm_cdc_async_rst
INFO: [VRFC 10-311] analyzing module xpm_cdc_async_rst__10
INFO: [VRFC 10-311] analyzing module xpm_cdc_async_rst__6
INFO: [VRFC 10-311] analyzing module xpm_cdc_async_rst__7
INFO: [VRFC 10-311] analyzing module xpm_cdc_async_rst__8
INFO: [VRFC 10-311] analyzing module xpm_cdc_async_rst__9
INFO: [VRFC 10-311] analyzing module xpm_cdc_sync_rst
INFO: [VRFC 10-311] analyzing module xpm_counter_updn__parameterized1
INFO: [VRFC 10-311] analyzing module xpm_counter_updn__parameterized1_128
INFO: [VRFC 10-311] analyzing module xpm_counter_updn__parameterized2
INFO: [VRFC 10-311] analyzing module xpm_counter_updn__parameterized2_115
INFO: [VRFC 10-311] analyzing module xpm_counter_updn__parameterized2_129
INFO: [VRFC 10-311] analyzing module xpm_counter_updn__parameterized2_132
INFO: [VRFC 10-311] analyzing module xpm_counter_updn__parameterized3
INFO: [VRFC 10-311] analyzing module xpm_counter_updn__parameterized3_116
INFO: [VRFC 10-311] analyzing module xpm_counter_updn__parameterized3_130
INFO: [VRFC 10-311] analyzing module xpm_counter_updn__parameterized3_133
INFO: [VRFC 10-311] analyzing module xpm_counter_updn__parameterized6
INFO: [VRFC 10-311] analyzing module xpm_counter_updn__parameterized6_111
INFO: [VRFC 10-311] analyzing module xpm_counter_updn__parameterized7
INFO: [VRFC 10-311] analyzing module xpm_counter_updn__parameterized7_112
INFO: [VRFC 10-311] analyzing module xpm_counter_updn__parameterized8
INFO: [VRFC 10-311] analyzing module xpm_counter_updn__parameterized8_46
INFO: [VRFC 10-311] analyzing module xpm_counter_updn__parameterized9
INFO: [VRFC 10-311] analyzing module xpm_counter_updn__parameterized9_47
INFO: [VRFC 10-311] analyzing module xpm_fifo_axis
INFO: [VRFC 10-311] analyzing module xpm_fifo_base
INFO: [VRFC 10-311] analyzing module xpm_fifo_base__parameterized0
INFO: [VRFC 10-311] analyzing module xpm_fifo_base__parameterized1
INFO: [VRFC 10-311] analyzing module xpm_fifo_base__parameterized2
INFO: [VRFC 10-311] analyzing module xpm_fifo_reg_bit
INFO: [VRFC 10-311] analyzing module xpm_fifo_reg_bit_110
INFO: [VRFC 10-311] analyzing module xpm_fifo_reg_bit_114
INFO: [VRFC 10-311] analyzing module xpm_fifo_reg_bit_131
INFO: [VRFC 10-311] analyzing module xpm_fifo_rst
INFO: [VRFC 10-311] analyzing module xpm_fifo_rst_113
INFO: [VRFC 10-311] analyzing module xpm_fifo_rst_117
INFO: [VRFC 10-311] analyzing module xpm_fifo_rst_134
INFO: [VRFC 10-311] analyzing module xpm_fifo_sync
INFO: [VRFC 10-311] analyzing module xpm_fifo_sync__parameterized1
INFO: [VRFC 10-311] analyzing module xpm_fifo_sync__parameterized3
INFO: [VRFC 10-311] analyzing module xpm_memory_base
INFO: [VRFC 10-311] analyzing module xpm_memory_base__parameterized0
INFO: [VRFC 10-311] analyzing module xpm_memory_base__parameterized1
INFO: [VRFC 10-311] analyzing module xpm_memory_base__parameterized2
INFO: [VRFC 10-311] analyzing module CFGLUT5_UNIQ_BASE_
INFO: [VRFC 10-311] analyzing module CFGLUT5_HD10
INFO: [VRFC 10-311] analyzing module CFGLUT5_HD11
INFO: [VRFC 10-311] analyzing module CFGLUT5_HD12
INFO: [VRFC 10-311] analyzing module CFGLUT5_HD13
INFO: [VRFC 10-311] analyzing module CFGLUT5_HD14
INFO: [VRFC 10-311] analyzing module CFGLUT5_HD15
INFO: [VRFC 10-311] analyzing module CFGLUT5_HD16
INFO: [VRFC 10-311] analyzing module CFGLUT5_HD17
INFO: [VRFC 10-311] analyzing module CFGLUT5_HD18
INFO: [VRFC 10-311] analyzing module CFGLUT5_HD19
INFO: [VRFC 10-311] analyzing module CFGLUT5_HD20
INFO: [VRFC 10-311] analyzing module CFGLUT5_HD21
INFO: [VRFC 10-311] analyzing module CFGLUT5_HD22
INFO: [VRFC 10-311] analyzing module CFGLUT5_HD23
INFO: [VRFC 10-311] analyzing module CFGLUT5_HD24
INFO: [VRFC 10-311] analyzing module CFGLUT5_HD25
INFO: [VRFC 10-311] analyzing module CFGLUT5_HD26
INFO: [VRFC 10-311] analyzing module CFGLUT5_HD27
INFO: [VRFC 10-311] analyzing module CFGLUT5_HD28
INFO: [VRFC 10-311] analyzing module CFGLUT5_HD29
INFO: [VRFC 10-311] analyzing module CFGLUT5_HD30
INFO: [VRFC 10-311] analyzing module CFGLUT5_HD31
INFO: [VRFC 10-311] analyzing module CFGLUT5_HD32
INFO: [VRFC 10-311] analyzing module CFGLUT5_HD33
INFO: [VRFC 10-311] analyzing module CFGLUT5_HD34
INFO: [VRFC 10-311] analyzing module CFGLUT5_HD35
INFO: [VRFC 10-311] analyzing module CFGLUT5_HD36
INFO: [VRFC 10-311] analyzing module CFGLUT5_HD37
INFO: [VRFC 10-311] analyzing module CFGLUT5_HD38
INFO: [VRFC 10-311] analyzing module CFGLUT5_HD39
INFO: [VRFC 10-311] analyzing module CFGLUT5_HD40
INFO: [VRFC 10-311] analyzing module CFGLUT5_HD41
INFO: [VRFC 10-311] analyzing module CFGLUT5_HD42
INFO: [VRFC 10-311] analyzing module CFGLUT5_HD43
INFO: [VRFC 10-311] analyzing module CFGLUT5_HD44
INFO: [VRFC 10-311] analyzing module CFGLUT5_HD45
INFO: [VRFC 10-311] analyzing module CFGLUT5_HD46
INFO: [VRFC 10-311] analyzing module CFGLUT5_HD47
INFO: [VRFC 10-311] analyzing module CFGLUT5_HD48
INFO: [VRFC 10-311] analyzing module CFGLUT5_HD49
INFO: [VRFC 10-311] analyzing module CFGLUT5_HD50
INFO: [VRFC 10-311] analyzing module CFGLUT5_HD51
INFO: [VRFC 10-311] analyzing module CFGLUT5_HD52
INFO: [VRFC 10-311] analyzing module CFGLUT5_HD53
INFO: [VRFC 10-311] analyzing module CFGLUT5_HD54
INFO: [VRFC 10-311] analyzing module CFGLUT5_HD55
INFO: [VRFC 10-311] analyzing module CFGLUT5_HD56
INFO: [VRFC 10-311] analyzing module CFGLUT5_HD57
INFO: [VRFC 10-311] analyzing module CFGLUT5_HD58
INFO: [VRFC 10-311] analyzing module CFGLUT5_HD59
INFO: [VRFC 10-311] analyzing module CFGLUT5_HD6
INFO: [VRFC 10-311] analyzing module CFGLUT5_HD60
INFO: [VRFC 10-311] analyzing module CFGLUT5_HD61
INFO: [VRFC 10-311] analyzing module CFGLUT5_HD62
INFO: [VRFC 10-311] analyzing module CFGLUT5_HD63
INFO: [VRFC 10-311] analyzing module CFGLUT5_HD64
INFO: [VRFC 10-311] analyzing module CFGLUT5_HD7
INFO: [VRFC 10-311] analyzing module CFGLUT5_HD8
INFO: [VRFC 10-311] analyzing module CFGLUT5_HD9
INFO: [VRFC 10-311] analyzing module ila_v6_2_15_ila
INFO: [VRFC 10-311] analyzing module ila_v6_2_15_ila_cap_addrgen
INFO: [VRFC 10-311] analyzing module ila_v6_2_15_ila_cap_ctrl_legacy
INFO: [VRFC 10-311] analyzing module ila_v6_2_15_ila_cap_sample_counter
INFO: [VRFC 10-311] analyzing module ila_v6_2_15_ila_cap_window_counter
INFO: [VRFC 10-311] analyzing module ila_v6_2_15_ila_core
INFO: [VRFC 10-311] analyzing module ila_v6_2_15_ila_register
INFO: [VRFC 10-311] analyzing module ila_v6_2_15_ila_reset_ctrl
INFO: [VRFC 10-311] analyzing module ila_v6_2_15_ila_trace_memory
INFO: [VRFC 10-311] analyzing module ila_v6_2_15_ila_trig_match
INFO: [VRFC 10-311] analyzing module ila_v6_2_15_ila_trigger
INFO: [VRFC 10-311] analyzing module ltlib_v1_0_2_all_typeA
INFO: [VRFC 10-311] analyzing module ltlib_v1_0_2_all_typeA_1
INFO: [VRFC 10-311] analyzing module ltlib_v1_0_2_all_typeA_12
INFO: [VRFC 10-311] analyzing module ltlib_v1_0_2_all_typeA_4
INFO: [VRFC 10-311] analyzing module ltlib_v1_0_2_all_typeA_7
INFO: [VRFC 10-311] analyzing module ltlib_v1_0_2_all_typeA__parameterized0
INFO: [VRFC 10-311] analyzing module ltlib_v1_0_2_all_typeA__parameterized1
INFO: [VRFC 10-311] analyzing module ltlib_v1_0_2_all_typeA__parameterized1_35
INFO: [VRFC 10-311] analyzing module ltlib_v1_0_2_all_typeA__parameterized1_39
INFO: [VRFC 10-311] analyzing module ltlib_v1_0_2_all_typeA_slice
INFO: [VRFC 10-311] analyzing module ltlib_v1_0_2_all_typeA_slice_11
INFO: [VRFC 10-311] analyzing module ltlib_v1_0_2_all_typeA_slice_13
INFO: [VRFC 10-311] analyzing module ltlib_v1_0_2_all_typeA_slice_2
INFO: [VRFC 10-311] analyzing module ltlib_v1_0_2_all_typeA_slice_5
INFO: [VRFC 10-311] analyzing module ltlib_v1_0_2_all_typeA_slice_8
INFO: [VRFC 10-311] analyzing module ltlib_v1_0_2_all_typeA_slice__parameterized0
INFO: [VRFC 10-311] analyzing module ltlib_v1_0_2_all_typeA_slice__parameterized0_10
INFO: [VRFC 10-311] analyzing module ltlib_v1_0_2_all_typeA_slice__parameterized0_32
INFO: [VRFC 10-311] analyzing module ltlib_v1_0_2_all_typeA_slice__parameterized0_33
INFO: [VRFC 10-311] analyzing module ltlib_v1_0_2_all_typeA_slice__parameterized0_36
INFO: [VRFC 10-311] analyzing module ltlib_v1_0_2_all_typeA_slice__parameterized0_37
INFO: [VRFC 10-311] analyzing module ltlib_v1_0_2_all_typeA_slice__parameterized0_40
INFO: [VRFC 10-311] analyzing module ltlib_v1_0_2_all_typeA_slice__parameterized0_41
INFO: [VRFC 10-311] analyzing module ltlib_v1_0_2_all_typeA_slice__parameterized0_9
INFO: [VRFC 10-311] analyzing module ltlib_v1_0_2_allx_typeA
INFO: [VRFC 10-311] analyzing module ltlib_v1_0_2_allx_typeA__parameterized0
INFO: [VRFC 10-311] analyzing module ltlib_v1_0_2_allx_typeA__parameterized1
INFO: [VRFC 10-311] analyzing module ltlib_v1_0_2_allx_typeA__parameterized1_0
INFO: [VRFC 10-311] analyzing module ltlib_v1_0_2_allx_typeA__parameterized1_3
INFO: [VRFC 10-311] analyzing module ltlib_v1_0_2_allx_typeA__parameterized1_6
INFO: [VRFC 10-311] analyzing module ltlib_v1_0_2_allx_typeA_nodelay
INFO: [VRFC 10-311] analyzing module ltlib_v1_0_2_allx_typeA_nodelay_34
INFO: [VRFC 10-311] analyzing module ltlib_v1_0_2_allx_typeA_nodelay_38
INFO: [VRFC 10-311] analyzing module ltlib_v1_0_2_async_edge_xfer
INFO: [VRFC 10-311] analyzing module ltlib_v1_0_2_async_edge_xfer__1
INFO: [VRFC 10-311] analyzing module ltlib_v1_0_2_async_edge_xfer__2
INFO: [VRFC 10-311] analyzing module ltlib_v1_0_2_async_edge_xfer__3
INFO: [VRFC 10-311] analyzing module ltlib_v1_0_2_cfglut4
INFO: [VRFC 10-311] analyzing module ltlib_v1_0_2_cfglut4__1
INFO: [VRFC 10-311] analyzing module ltlib_v1_0_2_cfglut5
INFO: [VRFC 10-311] analyzing module ltlib_v1_0_2_cfglut5__1
INFO: [VRFC 10-311] analyzing module ltlib_v1_0_2_cfglut5__2
INFO: [VRFC 10-311] analyzing module ltlib_v1_0_2_cfglut6
INFO: [VRFC 10-311] analyzing module ltlib_v1_0_2_cfglut6__1
INFO: [VRFC 10-311] analyzing module ltlib_v1_0_2_cfglut6__parameterized0
INFO: [VRFC 10-311] analyzing module ltlib_v1_0_2_cfglut7
INFO: [VRFC 10-311] analyzing module ltlib_v1_0_2_cfglut7__1
INFO: [VRFC 10-311] analyzing module ltlib_v1_0_2_generic_memrd
INFO: [VRFC 10-311] analyzing module ltlib_v1_0_2_match
INFO: [VRFC 10-311] analyzing module ltlib_v1_0_2_match__parameterized0
INFO: [VRFC 10-311] analyzing module ltlib_v1_0_2_match__parameterized1
INFO: [VRFC 10-311] analyzing module ltlib_v1_0_2_match__parameterized1__1
INFO: [VRFC 10-311] analyzing module ltlib_v1_0_2_match__parameterized1__2
INFO: [VRFC 10-311] analyzing module ltlib_v1_0_2_match__parameterized1__3
INFO: [VRFC 10-311] analyzing module ltlib_v1_0_2_match_nodelay
INFO: [VRFC 10-311] analyzing module ltlib_v1_0_2_match_nodelay__1
INFO: [VRFC 10-311] analyzing module ltlib_v1_0_2_match_nodelay__2
INFO: [VRFC 10-311] analyzing module ltlib_v1_0_2_rising_edge_detection
INFO: [VRFC 10-311] analyzing module ltlib_v1_0_2_rising_edge_detection__1
INFO: [VRFC 10-311] analyzing module xsdbs_v1_0_4_reg__parameterized19
INFO: [VRFC 10-311] analyzing module xsdbs_v1_0_4_reg__parameterized20
INFO: [VRFC 10-311] analyzing module xsdbs_v1_0_4_reg__parameterized21
INFO: [VRFC 10-311] analyzing module xsdbs_v1_0_4_reg__parameterized22
INFO: [VRFC 10-311] analyzing module xsdbs_v1_0_4_reg__parameterized34
INFO: [VRFC 10-311] analyzing module xsdbs_v1_0_4_reg__parameterized35
INFO: [VRFC 10-311] analyzing module xsdbs_v1_0_4_reg__parameterized36
INFO: [VRFC 10-311] analyzing module xsdbs_v1_0_4_reg__parameterized37
INFO: [VRFC 10-311] analyzing module xsdbs_v1_0_4_reg__parameterized38
INFO: [VRFC 10-311] analyzing module xsdbs_v1_0_4_reg__parameterized39
INFO: [VRFC 10-311] analyzing module xsdbs_v1_0_4_reg__parameterized40
INFO: [VRFC 10-311] analyzing module xsdbs_v1_0_4_reg__parameterized41
INFO: [VRFC 10-311] analyzing module xsdbs_v1_0_4_reg__parameterized42
INFO: [VRFC 10-311] analyzing module xsdbs_v1_0_4_reg__parameterized43
INFO: [VRFC 10-311] analyzing module xsdbs_v1_0_4_reg__parameterized44
INFO: [VRFC 10-311] analyzing module xsdbs_v1_0_4_reg__parameterized45
INFO: [VRFC 10-311] analyzing module xsdbs_v1_0_4_reg__parameterized47
INFO: [VRFC 10-311] analyzing module xsdbs_v1_0_4_reg__parameterized49
INFO: [VRFC 10-311] analyzing module xsdbs_v1_0_4_reg__parameterized52
INFO: [VRFC 10-311] analyzing module xsdbs_v1_0_4_reg_ctl
INFO: [VRFC 10-311] analyzing module xsdbs_v1_0_4_reg_ctl_17
INFO: [VRFC 10-311] analyzing module xsdbs_v1_0_4_reg_ctl_18
INFO: [VRFC 10-311] analyzing module xsdbs_v1_0_4_reg_ctl_19
INFO: [VRFC 10-311] analyzing module xsdbs_v1_0_4_reg_ctl_20
INFO: [VRFC 10-311] analyzing module xsdbs_v1_0_4_reg_ctl_23
INFO: [VRFC 10-311] analyzing module xsdbs_v1_0_4_reg_ctl_24
INFO: [VRFC 10-311] analyzing module xsdbs_v1_0_4_reg_ctl_25
INFO: [VRFC 10-311] analyzing module xsdbs_v1_0_4_reg_ctl_26
INFO: [VRFC 10-311] analyzing module xsdbs_v1_0_4_reg_ctl_27
INFO: [VRFC 10-311] analyzing module xsdbs_v1_0_4_reg_ctl_30
INFO: [VRFC 10-311] analyzing module xsdbs_v1_0_4_reg_ctl_31
INFO: [VRFC 10-311] analyzing module xsdbs_v1_0_4_reg_ctl__parameterized1
INFO: [VRFC 10-311] analyzing module xsdbs_v1_0_4_reg_ctl__parameterized1_21
INFO: [VRFC 10-311] analyzing module xsdbs_v1_0_4_reg_ctl__parameterized1_22
INFO: [VRFC 10-311] analyzing module xsdbs_v1_0_4_reg_p2s
INFO: [VRFC 10-311] analyzing module xsdbs_v1_0_4_reg_p2s__parameterized0
INFO: [VRFC 10-311] analyzing module xsdbs_v1_0_4_reg_p2s__parameterized1
INFO: [VRFC 10-311] analyzing module xsdbs_v1_0_4_reg_p2s__parameterized2
INFO: [VRFC 10-311] analyzing module xsdbs_v1_0_4_reg_p2s__parameterized3
INFO: [VRFC 10-311] analyzing module xsdbs_v1_0_4_reg_p2s__parameterized4
INFO: [VRFC 10-311] analyzing module xsdbs_v1_0_4_reg_p2s__parameterized5
INFO: [VRFC 10-311] analyzing module xsdbs_v1_0_4_reg_stat
INFO: [VRFC 10-311] analyzing module xsdbs_v1_0_4_reg_stat_14
INFO: [VRFC 10-311] analyzing module xsdbs_v1_0_4_reg_stat_15
INFO: [VRFC 10-311] analyzing module xsdbs_v1_0_4_reg_stat_16
INFO: [VRFC 10-311] analyzing module xsdbs_v1_0_4_reg_stat_28
INFO: [VRFC 10-311] analyzing module xsdbs_v1_0_4_reg_stat_29
INFO: [VRFC 10-311] analyzing module xsdbs_v1_0_4_reg_stream
INFO: [VRFC 10-311] analyzing module xsdbs_v1_0_4_reg_stream__parameterized0
INFO: [VRFC 10-311] analyzing module xsdbs_v1_0_4_xsdbs
INFO: [VRFC 10-311] analyzing module blk_mem_gen_v8_4_8
INFO: [VRFC 10-311] analyzing module blk_mem_gen_v8_4_8_blk_mem_gen_generic_cstr
INFO: [VRFC 10-311] analyzing module blk_mem_gen_v8_4_8_blk_mem_gen_prim_width
INFO: [VRFC 10-311] analyzing module blk_mem_gen_v8_4_8_blk_mem_gen_prim_width__parameterized0
INFO: [VRFC 10-311] analyzing module blk_mem_gen_v8_4_8_blk_mem_gen_prim_wrapper
INFO: [VRFC 10-311] analyzing module blk_mem_gen_v8_4_8_blk_mem_gen_prim_wrapper__parameterized0
INFO: [VRFC 10-311] analyzing module blk_mem_gen_v8_4_8_blk_mem_gen_top
INFO: [VRFC 10-311] analyzing module blk_mem_gen_v8_4_8_synth
INFO: [VRFC 10-311] analyzing module fifo_generator_v13_2_10
INFO: [VRFC 10-311] analyzing module fifo_generator_v13_2_10__parameterized0
INFO: [VRFC 10-311] analyzing module fifo_generator_v13_2_10__parameterized0__xdcDup__1
INFO: [VRFC 10-311] analyzing module fifo_generator_v13_2_10__xdcDup__1
INFO: [VRFC 10-311] analyzing module fifo_generator_v13_2_10__xdcDup__2
INFO: [VRFC 10-311] analyzing module fifo_generator_v13_2_10__xdcDup__3
INFO: [VRFC 10-311] analyzing module fifo_generator_v13_2_10_dmem
INFO: [VRFC 10-311] analyzing module fifo_generator_v13_2_10_dmem_51
INFO: [VRFC 10-311] analyzing module fifo_generator_v13_2_10_dmem_70
INFO: [VRFC 10-311] analyzing module fifo_generator_v13_2_10_dmem_79
INFO: [VRFC 10-311] analyzing module fifo_generator_v13_2_10_fifo_generator_ramfifo
INFO: [VRFC 10-311] analyzing module fifo_generator_v13_2_10_fifo_generator_ramfifo__parameterized0
INFO: [VRFC 10-311] analyzing module fifo_generator_v13_2_10_fifo_generator_ramfifo__parameterized0__xdcDup__1
INFO: [VRFC 10-311] analyzing module fifo_generator_v13_2_10_fifo_generator_ramfifo__xdcDup__1
INFO: [VRFC 10-311] analyzing module fifo_generator_v13_2_10_fifo_generator_ramfifo__xdcDup__2
INFO: [VRFC 10-311] analyzing module fifo_generator_v13_2_10_fifo_generator_ramfifo__xdcDup__3
INFO: [VRFC 10-311] analyzing module fifo_generator_v13_2_10_fifo_generator_top
INFO: [VRFC 10-311] analyzing module fifo_generator_v13_2_10_fifo_generator_top__parameterized0
INFO: [VRFC 10-311] analyzing module fifo_generator_v13_2_10_fifo_generator_top__parameterized0__xdcDup__1
INFO: [VRFC 10-311] analyzing module fifo_generator_v13_2_10_fifo_generator_top__xdcDup__1
INFO: [VRFC 10-311] analyzing module fifo_generator_v13_2_10_fifo_generator_top__xdcDup__2
INFO: [VRFC 10-311] analyzing module fifo_generator_v13_2_10_fifo_generator_top__xdcDup__3
INFO: [VRFC 10-311] analyzing module fifo_generator_v13_2_10_memory
INFO: [VRFC 10-311] analyzing module fifo_generator_v13_2_10_memory_50
INFO: [VRFC 10-311] analyzing module fifo_generator_v13_2_10_memory_69
INFO: [VRFC 10-311] analyzing module fifo_generator_v13_2_10_memory_78
INFO: [VRFC 10-311] analyzing module fifo_generator_v13_2_10_rd_bin_cntr
INFO: [VRFC 10-311] analyzing module fifo_generator_v13_2_10_rd_bin_cntr_56
INFO: [VRFC 10-311] analyzing module fifo_generator_v13_2_10_rd_bin_cntr_63
INFO: [VRFC 10-311] analyzing module fifo_generator_v13_2_10_rd_bin_cntr_75
INFO: [VRFC 10-311] analyzing module fifo_generator_v13_2_10_rd_bin_cntr_84
INFO: [VRFC 10-311] analyzing module fifo_generator_v13_2_10_rd_bin_cntr_91
INFO: [VRFC 10-311] analyzing module fifo_generator_v13_2_10_rd_fwft
INFO: [VRFC 10-311] analyzing module fifo_generator_v13_2_10_rd_fwft_54
INFO: [VRFC 10-311] analyzing module fifo_generator_v13_2_10_rd_fwft_61
INFO: [VRFC 10-311] analyzing module fifo_generator_v13_2_10_rd_fwft_73
INFO: [VRFC 10-311] analyzing module fifo_generator_v13_2_10_rd_fwft_82
INFO: [VRFC 10-311] analyzing module fifo_generator_v13_2_10_rd_fwft_89
INFO: [VRFC 10-311] analyzing module fifo_generator_v13_2_10_rd_logic
INFO: [VRFC 10-311] analyzing module fifo_generator_v13_2_10_rd_logic_48
INFO: [VRFC 10-311] analyzing module fifo_generator_v13_2_10_rd_logic_57
INFO: [VRFC 10-311] analyzing module fifo_generator_v13_2_10_rd_logic_67
INFO: [VRFC 10-311] analyzing module fifo_generator_v13_2_10_rd_logic_76
INFO: [VRFC 10-311] analyzing module fifo_generator_v13_2_10_rd_logic_85
INFO: [VRFC 10-311] analyzing module fifo_generator_v13_2_10_rd_status_flags_ss
INFO: [VRFC 10-311] analyzing module fifo_generator_v13_2_10_rd_status_flags_ss_55
INFO: [VRFC 10-311] analyzing module fifo_generator_v13_2_10_rd_status_flags_ss_62
INFO: [VRFC 10-311] analyzing module fifo_generator_v13_2_10_rd_status_flags_ss_74
INFO: [VRFC 10-311] analyzing module fifo_generator_v13_2_10_rd_status_flags_ss_83
INFO: [VRFC 10-311] analyzing module fifo_generator_v13_2_10_rd_status_flags_ss_90
INFO: [VRFC 10-311] analyzing module fifo_generator_v13_2_10_reset_blk_ramfifo
INFO: [VRFC 10-311] analyzing module fifo_generator_v13_2_10_reset_blk_ramfifo__xdcDup__1
INFO: [VRFC 10-311] analyzing module fifo_generator_v13_2_10_reset_blk_ramfifo__xdcDup__2
INFO: [VRFC 10-311] analyzing module fifo_generator_v13_2_10_reset_blk_ramfifo__xdcDup__3
INFO: [VRFC 10-311] analyzing module fifo_generator_v13_2_10_reset_blk_ramfifo__xdcDup__4
INFO: [VRFC 10-311] analyzing module fifo_generator_v13_2_10_reset_blk_ramfifo__xdcDup__5
INFO: [VRFC 10-311] analyzing module fifo_generator_v13_2_10_synth
INFO: [VRFC 10-311] analyzing module fifo_generator_v13_2_10_synth__parameterized0
INFO: [VRFC 10-311] analyzing module fifo_generator_v13_2_10_synth__parameterized0__xdcDup__1
INFO: [VRFC 10-311] analyzing module fifo_generator_v13_2_10_synth__xdcDup__1
INFO: [VRFC 10-311] analyzing module fifo_generator_v13_2_10_synth__xdcDup__2
INFO: [VRFC 10-311] analyzing module fifo_generator_v13_2_10_synth__xdcDup__3
INFO: [VRFC 10-311] analyzing module fifo_generator_v13_2_10_wr_bin_cntr
INFO: [VRFC 10-311] analyzing module fifo_generator_v13_2_10_wr_bin_cntr_53
INFO: [VRFC 10-311] analyzing module fifo_generator_v13_2_10_wr_bin_cntr_60
INFO: [VRFC 10-311] analyzing module fifo_generator_v13_2_10_wr_bin_cntr_72
INFO: [VRFC 10-311] analyzing module fifo_generator_v13_2_10_wr_bin_cntr_81
INFO: [VRFC 10-311] analyzing module fifo_generator_v13_2_10_wr_bin_cntr_88
INFO: [VRFC 10-311] analyzing module fifo_generator_v13_2_10_wr_logic
INFO: [VRFC 10-311] analyzing module fifo_generator_v13_2_10_wr_logic_49
INFO: [VRFC 10-311] analyzing module fifo_generator_v13_2_10_wr_logic_58
INFO: [VRFC 10-311] analyzing module fifo_generator_v13_2_10_wr_logic_68
INFO: [VRFC 10-311] analyzing module fifo_generator_v13_2_10_wr_logic_77
INFO: [VRFC 10-311] analyzing module fifo_generator_v13_2_10_wr_logic_86
INFO: [VRFC 10-311] analyzing module fifo_generator_v13_2_10_wr_status_flags_ss
INFO: [VRFC 10-311] analyzing module fifo_generator_v13_2_10_wr_status_flags_ss_52
INFO: [VRFC 10-311] analyzing module fifo_generator_v13_2_10_wr_status_flags_ss_59
INFO: [VRFC 10-311] analyzing module fifo_generator_v13_2_10_wr_status_flags_ss_71
INFO: [VRFC 10-311] analyzing module fifo_generator_v13_2_10_wr_status_flags_ss_80
INFO: [VRFC 10-311] analyzing module fifo_generator_v13_2_10_wr_status_flags_ss_87
INFO: [VRFC 10-311] analyzing module glbl
